
	
	
  <!doctype html>
  <html><head>
    <meta http-equiv="X-UA-Compatible" content="IE=9; IE=8; IE=7; IE=EDGE" />
    <meta charset="utf-8" />
    <title>Gauge Test Results</title>
    <link rel="shortcut icon" type="image/x-icon" href="../images/favicon.ico">
    <link rel="stylesheet" type="text/css" href="../css/open-sans.css">
    <link rel="stylesheet" type="text/css" href="../css/font-awesome.css">
    <link rel="stylesheet" type="text/css" href="../css/normalize.css" />
    <link rel="stylesheet" type="text/css" href="../css/style.css" />
  </head>
  <body>
  <header class="top">
    <div class="header">
      <div class="container">
        <div class="logo">
          <a href=".."><img src="../images/gaugeLogo.png" alt="Report logo"></a>
        </div>
        <h2 class="project">Project: gauge_functional</h2>
      </div>
    </div>
  </header>
  <main class="main-container">
  <div class="container">

	
  <div class="report-overview">
   
  <div class="report_chart">
    <div class="chart">
      <svg id="pie-chart" data-results="1,0,0" data-total="1">
        <path class="status failed" />
        <path class="shadow failed" data-status="failed"><title>Failed: 1/1</title></path>
        <path class="status passed" />
        <path class="shadow passed" data-status="passed"><title>Passed: 0/1</title></path>
        <path class="status skipped" />
        <path class="shadow skipped" data-status="skipped"><title>Skipped: 0/1</title></path>
      </svg>
    </div>
  </div>

   
  <div class="report_test-results">
    <div class="report_test-result specs">
        <div class="total-specs" title="Filter all specs"><span class="txt">Total specs</span><span class="value">1</span></div>
        <div class="fail spec-filter" data-status="failed" title="Filter failed specs"><span class="value">1</span></div>
        <div class="pass spec-filter" data-status="passed" title="Filter passed specs"><span class="value">0</span></div>
        <div class="skip spec-filter" data-status="skipped" title="Filter skipped specs"><span class="value">0</span></div>
    </div>
    <div class="report_test-result scenarios">
        <div class="total-scenarios"><span class="txt">Total scenario</span><span class="value">5</span></div>
        <div class="fail scenario-stats" data-status="failed"><span class="value">4</span></div>
        <div class="pass scenario-stats" data-status="passed"><span class="value">1</span></div>
        <div class="skip scenario-stats" data-status="skipped"><span class="value">0</span></div>
    </div>
  </div>

    <div class="report_details">
      
  <ul>
    <li>
      <label>Environment </label>
      <span>default</span>
    </li>
    
    <li>
      <label>Success Rate </label>
      <span>0%</span>
    </li>
    <li>
      <label>Total Time </label>
      <span>00:00:59</span>
    </li>
    <li>
      <label>Generated On </label>
      <span>Feb 11, 2026 at 2:53pm</span>
    </li>
  </ul>

      
  

      
  
  


    </div>
  </div>


	

	

	
		<div class="specifications">
		
  
    <aside class="sidebar">
      <h3 class="title">Specifications</h3>
      <div class="searchbar">
        <input id="searchSpecifications" placeholder="Type specification or tag name" type="text" />
        <i class="fa fa-search"></i>
      </div>
      <div class="specs-sorting">
        <div class="sort sort-specs-name" data-sort-by="specs-name"><span class="sort-icons"><i class="fa fa-caret-up"></i><i class="fa fa-caret-down"></i></span><span>Name</span></div>
        <div class="sort sort-execution-time" data-sort-by="execution-time"><span class="sort-icons"><i class="fa fa-caret-up"></i><i class="fa fa-caret-down"></i></span><span>Execution time</span></div>
      </div>
      <div id="listOfSpecifications">
        <ul id="scenarios" class="spec-list">
        
          <a href="ai_generic_functional.html">
            
              <li class="failed spec-name">
            
              <span id="scenarioName" class="scenarioname">Generic Functional Tests</span>
              <span id="time" class="time">00:00:58</span>
            </li>
          </a>
          
        </ul>
      </div>
    </aside>
  

		
  
	
  <div id="specificationContainer" class="details">
    <header class="curr-spec">
      <div class="spec-head-wrapper">
        <h3 class="spec-head" title="D:\Internship\gauge\gauge_functional\specs\ai_generic_functional.spec">Generic Functional Tests</h3>
        <div class="hidden report_test-results" alt="Scenarios" title="Scenarios">
          <ul>
            <li class="fail"><span class="value">4</span><span class="txt">Failed</span></li>
            <li class="pass"><span class="value">1</span><span class="txt">Passed</span></li>
            <li class="skip"><span class="value">0</span><span class="txt">Skipped</span></li>
          </ul>
        </div>
      </div>
      <div class="spec-meta">
        <div class="spec-filename">
          <label for="specFileName">File Path</label>
          <input id="specFileName" value="D:\Internship\gauge\gauge_functional\specs\ai_generic_functional.spec" readonly/>
          <button class="clipboard-btn" data-clipboard-target="#specFileName" title="Copy to Clipboard">
              <i class="fa fa-clipboard" aria-hidden="true" title="Copy to Clipboard"></i>
          </button>
        </div>
        <span class="time">00:00:58</span>
      </div>

	
  

	</header>
	<div id="specItemsContainer">
	
    
  

    
    
    

    <div class="content">
    
  
  

  

      
        
        
	
  
    <div class="scenario-container failed">
      
  

	
  <div class="scenario-head">
    <h3 class="head borderBottom">Sign In - happy path</h3>
    
    <span class="time">00:00:11</span>

	
  

	</div>
  
  

  
  

  
	

  
  
    
  
    
  
  <div class="step">
  
  
    <h5 class="execution-time">
      <span class="time">Execution Time : 00:00:04</span>
    </h5>
  
  <div class="step-info passed">
  
  <ul>
    <li class="step">
      <div class="step-txt">


  
  

  
  

  

  
  
  
    
      <span>
        Navigate to https://www.calculator.net/
      </span>
    
  
  </div>

  
    
    
  

    
    
  

  
  
  
  

  
  

  
	</li></ul></div></div>
  
    
  

  

  
    
  
    
  
  <div class="step">
  
  
    <h5 class="execution-time">
      <span class="time">Execution Time : 00:00:00</span>
    </h5>
  
  <div class="step-info failed">
  
  <ul>
    <li class="step">
      <div class="step-txt">


  
  

  
  

  

  
  
  
    
      <span>
        Click element clickable_sign_in
      </span>
    
  
  </div>

  
    
        
  <div class="error-container failed">
    <div class="exception-container">
      <div class="exception">
        <h4 class="error-message">
          <pre>Message: no such element: Unable to locate element: {&#34;method&#34;:&#34;link text&#34;,&#34;selector&#34;:&#34;Sign In&#34;}<br/>  (Session info: chrome=145.0.7632.45); For documentation on this error, please visit: https://www.selenium.dev/documentation/webdriver/troubleshooting/errors#nosuchelementexception<br/>Stacktrace:<br/>Symbols not available. Dumping unresolved backtrace:<br/>	0x7ff7c0e74325<br/>	0x7ff7c0e74380<br/>	0x7ff7c0c0d49d<br/>	0x7ff7c0c682fe<br/>	0x7ff7c0c6860c<br/>	0x7ff7c0cb8b67<br/>	0x7ff7c0cb5728<br/>	0x7ff7c0c58e38<br/>	0x7ff7c0c59d23<br/>	0x7ff7c1143090<br/>	0x7ff7c113d918<br/>	0x7ff7c115dc8a<br/>	0x7ff7c0e906d5<br/>	0x7ff7c0e9967c<br/>	0x7ff7c0e7d684<br/>	0x7ff7c0e7d836<br/>	0x7ff7c0e63347<br/>	0x7ffe4237e8d7<br/>	0x7ffe4462c40c<br/></pre>
        </h4>
        <pre class="stacktrace">Traceback (most recent call last):<br/>  File &#34;D:\Internship\.venv\lib\site-packages\getgauge\executor.py&#34;, line 35, in execute_method<br/>    step.impl(*params)<br/>  File &#34;D:\Internship\gauge\gauge_functional\step_impl\step_impl.py&#34;, line 35, in step_click_element_clickable_sign_in<br/>    driver.find_element(By.LINK_TEXT, &#34;Sign In&#34;).click()<br/>  File &#34;D:\Internship\.venv\lib\site-packages\selenium\webdriver\remote\webdriver.py&#34;, line 926, in find_element<br/>    return self.execute(Command.FIND_ELEMENT, {&#34;using&#34;: by, &#34;value&#34;: value})[&#34;value&#34;]<br/>  File &#34;D:\Internship\.venv\lib\site-packages\selenium\webdriver\remote\webdriver.py&#34;, line 458, in execute<br/>    self.error_handler.check_response(response)<br/>  File &#34;D:\Internship\.venv\lib\site-packages\selenium\webdriver\remote\errorhandler.py&#34;, line 232, in check_response<br/>    raise exception_class(message, screen, stacktrace)<br/>selenium.common.exceptions.NoSuchElementException: Message: no such element: Unable to locate element: {&#34;method&#34;:&#34;link text&#34;,&#34;selector&#34;:&#34;Sign In&#34;}<br/>  (Session info: chrome=145.0.7632.45); For documentation on this error, please visit: https://www.selenium.dev/documentation/webdriver/troubleshooting/errors#nosuchelementexception<br/>Stacktrace:<br/>Symbols not available. Dumping unresolved backtrace:<br/>	0x7ff7c0e74325<br/>	0x7ff7c0e74380<br/>	0x7ff7c0c0d49d<br/>	0x7ff7c0c682fe<br/>	0x7ff7c0c6860c<br/>	0x7ff7c0cb8b67<br/>	0x7ff7c0cb5728<br/>	0x7ff7c0c58e38<br/>	0x7ff7c0c59d23<br/>	0x7ff7c1143090<br/>	0x7ff7c113d918<br/>	0x7ff7c115dc8a<br/>	0x7ff7c0e906d5<br/>	0x7ff7c0e9967c<br/>	0x7ff7c0e7d684<br/>	0x7ff7c0e7d836<br/>	0x7ff7c0e63347<br/>	0x7ffe4237e8d7<br/>	0x7ffe4462c40c<br/><br/></pre>
      </div>
      
         <div class="screenshot-container">
          <div class="screenshot">
            <a href="../images/screenshot-99162819987046899405330613466355036736.png" rel="lightbox">
              <img src="../images/screenshot-99162819987046899405330613466355036736.png" class="screenshot-thumbnail" />
            </a>
          </div>
        </div>
      
    </div>
  </div>

    
    
  

    
    
  

  
  
  
  

  
  

  
	</li></ul></div></div>
  
    
  

  

  
    
  
    
  
  <div class="step">
  
  
    <h5 class="execution-time">
      <span class="time">Execution Time : 00:00:00</span>
    </h5>
  
  <div class="step-info not-executed">
  
  <ul>
    <li class="step">
      <div class="step-txt">


  
  

  
  

  

  
  
  
    
      <span>
        Enter 1234567890 into field username
      </span>
    
  
  </div>

  
    
    
  

    
    
  

  
  
  
  

  
  

  
	</li></ul></div></div>
  
    
  

  

  
    
  
    
  
  <div class="step">
  
  
    <h5 class="execution-time">
      <span class="time">Execution Time : 00:00:00</span>
    </h5>
  
  <div class="step-info not-executed">
  
  <ul>
    <li class="step">
      <div class="step-txt">


  
  

  
  

  

  
  
  
    
      <span>
        Enter password123 into field password
      </span>
    
  
  </div>

  
    
    
  

    
    
  

  
  
  
  

  
  

  
	</li></ul></div></div>
  
    
  

  

  
    
  
    
  
  <div class="step">
  
  
    <h5 class="execution-time">
      <span class="time">Execution Time : 00:00:00</span>
    </h5>
  
  <div class="step-info not-executed">
  
  <ul>
    <li class="step">
      <div class="step-txt">


  
  

  
  

  

  
  
  
    
      <span>
        Click element click_login
      </span>
    
  
  </div>

  
    
    
  

    
    
  

  
  
  
  

  
  

  
	</li></ul></div></div>
  
    
  

  

  
    
  
    
  
  <div class="step">
  
  
    <h5 class="execution-time">
      <span class="time">Execution Time : 00:00:00</span>
    </h5>
  
  <div class="step-info not-executed">
  
  <ul>
    <li class="step">
      <div class="step-txt">


  
  

  
  

  

  
  
  
    
      <span>
        Verify result is displayed
      </span>
    
  
  </div>

  
    
    
  

    
    
  

  
  
  
  

  
  

  
	</li></ul></div></div>
  
    
  

  

  
    
  
    
  
  <div class="step">
  
  
    <h5 class="execution-time">
      <span class="time">Execution Time : 00:00:00</span>
    </h5>
  
  <div class="step-info not-executed">
  
  <ul>
    <li class="step">
      <div class="step-txt">


  
  

  
  

  

  
  
  
    
      <span>
        Verify no error is shown
      </span>
    
  
  </div>

  
    
    
  

    
    
  

  
  
  
  

  
  

  
	</li></ul></div></div>
  
    
  

  

  
  

  
  

  
  

  
	
	</div>

      
        
        
	
  
    <div class="scenario-container failed">
      
  

	
  <div class="scenario-head">
    <h3 class="head borderBottom">Mortgage Calculator - happy path</h3>
    
    <span class="time">00:00:12</span>

	
  

	</div>
  
  

  
  

  
	

  
  
    
  
    
  
  <div class="step">
  
  
    <h5 class="execution-time">
      <span class="time">Execution Time : 00:00:05</span>
    </h5>
  
  <div class="step-info passed">
  
  <ul>
    <li class="step">
      <div class="step-txt">


  
  

  
  

  

  
  
  
    
      <span>
        Navigate to https://www.calculator.net/mortgage-calculator.html
      </span>
    
  
  </div>

  
    
    
  

    
    
  

  
  
  
  

  
  

  
	</li></ul></div></div>
  
    
  

  

  
    
  
    
  
  <div class="step">
  
  
    <h5 class="execution-time">
      <span class="time">Execution Time : 00:00:00</span>
    </h5>
  
  <div class="step-info failed">
  
  <ul>
    <li class="step">
      <div class="step-txt">


  
  

  
  

  

  
  
  
    
      <span>
        Enter 200000 into field mortgage_amount
      </span>
    
  
  </div>

  
    
        
  <div class="error-container failed">
    <div class="exception-container">
      <div class="exception">
        <h4 class="error-message">
          <pre>Message: no such element: Unable to locate element: {&#34;method&#34;:&#34;css selector&#34;,&#34;selector&#34;:&#34;[name=&#34;mortgage_amount&#34;]&#34;}<br/>  (Session info: chrome=145.0.7632.45); For documentation on this error, please visit: https://www.selenium.dev/documentation/webdriver/troubleshooting/errors#nosuchelementexception<br/>Stacktrace:<br/>Symbols not available. Dumping unresolved backtrace:<br/>	0x7ff7c0e74325<br/>	0x7ff7c0e74380<br/>	0x7ff7c0c0d49d<br/>	0x7ff7c0c682fe<br/>	0x7ff7c0c6860c<br/>	0x7ff7c0cb8b67<br/>	0x7ff7c0cb5728<br/>	0x7ff7c0c58e38<br/>	0x7ff7c0c59d23<br/>	0x7ff7c1143090<br/>	0x7ff7c113d918<br/>	0x7ff7c115dc8a<br/>	0x7ff7c0e906d5<br/>	0x7ff7c0e9967c<br/>	0x7ff7c0e7d684<br/>	0x7ff7c0e7d836<br/>	0x7ff7c0e63347<br/>	0x7ffe4237e8d7<br/>	0x7ffe4462c40c<br/></pre>
        </h4>
        <pre class="stacktrace">Traceback (most recent call last):<br/>  File &#34;D:\Internship\.venv\lib\site-packages\getgauge\executor.py&#34;, line 35, in execute_method<br/>    step.impl(*params)<br/>  File &#34;D:\Internship\gauge\gauge_functional\step_impl\step_impl.py&#34;, line 61, in step_enter_200000_into_field_mortgage_amount<br/>    el = driver.find_element(By.NAME, &#34;mortgage_amount&#34;)<br/>  File &#34;D:\Internship\.venv\lib\site-packages\selenium\webdriver\remote\webdriver.py&#34;, line 926, in find_element<br/>    return self.execute(Command.FIND_ELEMENT, {&#34;using&#34;: by, &#34;value&#34;: value})[&#34;value&#34;]<br/>  File &#34;D:\Internship\.venv\lib\site-packages\selenium\webdriver\remote\webdriver.py&#34;, line 458, in execute<br/>    self.error_handler.check_response(response)<br/>  File &#34;D:\Internship\.venv\lib\site-packages\selenium\webdriver\remote\errorhandler.py&#34;, line 232, in check_response<br/>    raise exception_class(message, screen, stacktrace)<br/>selenium.common.exceptions.NoSuchElementException: Message: no such element: Unable to locate element: {&#34;method&#34;:&#34;css selector&#34;,&#34;selector&#34;:&#34;[name=&#34;mortgage_amount&#34;]&#34;}<br/>  (Session info: chrome=145.0.7632.45); For documentation on this error, please visit: https://www.selenium.dev/documentation/webdriver/troubleshooting/errors#nosuchelementexception<br/>Stacktrace:<br/>Symbols not available. Dumping unresolved backtrace:<br/>	0x7ff7c0e74325<br/>	0x7ff7c0e74380<br/>	0x7ff7c0c0d49d<br/>	0x7ff7c0c682fe<br/>	0x7ff7c0c6860c<br/>	0x7ff7c0cb8b67<br/>	0x7ff7c0cb5728<br/>	0x7ff7c0c58e38<br/>	0x7ff7c0c59d23<br/>	0x7ff7c1143090<br/>	0x7ff7c113d918<br/>	0x7ff7c115dc8a<br/>	0x7ff7c0e906d5<br/>	0x7ff7c0e9967c<br/>	0x7ff7c0e7d684<br/>	0x7ff7c0e7d836<br/>	0x7ff7c0e63347<br/>	0x7ffe4237e8d7<br/>	0x7ffe4462c40c<br/><br/></pre>
      </div>
      
         <div class="screenshot-container">
          <div class="screenshot">
            <a href="../images/screenshot-120746175113169956190063739727981408832.png" rel="lightbox">
              <img src="../images/screenshot-120746175113169956190063739727981408832.png" class="screenshot-thumbnail" />
            </a>
          </div>
        </div>
      
    </div>
  </div>

    
    
  

    
    
  

  
  
  
  

  
  

  
	</li></ul></div></div>
  
    
  

  

  
    
  
    
  
  <div class="step">
  
  
    <h5 class="execution-time">
      <span class="time">Execution Time : 00:00:00</span>
    </h5>
  
  <div class="step-info not-executed">
  
  <ul>
    <li class="step">
      <div class="step-txt">


  
  

  
  

  

  
  
  
    
      <span>
        Enter 4.5 into field interest_rate
      </span>
    
  
  </div>

  
    
    
  

    
    
  

  
  
  
  

  
  

  
	</li></ul></div></div>
  
    
  

  

  
    
  
    
  
  <div class="step">
  
  
    <h5 class="execution-time">
      <span class="time">Execution Time : 00:00:00</span>
    </h5>
  
  <div class="step-info not-executed">
  
  <ul>
    <li class="step">
      <div class="step-txt">


  
  

  
  

  

  
  
  
    
      <span>
        Click element calculate_button
      </span>
    
  
  </div>

  
    
    
  

    
    
  

  
  
  
  

  
  

  
	</li></ul></div></div>
  
    
  

  

  
    
  
    
  
  <div class="step">
  
  
    <h5 class="execution-time">
      <span class="time">Execution Time : 00:00:00</span>
    </h5>
  
  <div class="step-info not-executed">
  
  <ul>
    <li class="step">
      <div class="step-txt">


  
  

  
  

  

  
  
  
    
      <span>
        Verify result is displayed
      </span>
    
  
  </div>

  
    
    
  

    
    
  

  
  
  
  

  
  

  
	</li></ul></div></div>
  
    
  

  

  
    
  
    
  
  <div class="step">
  
  
    <h5 class="execution-time">
      <span class="time">Execution Time : 00:00:00</span>
    </h5>
  
  <div class="step-info not-executed">
  
  <ul>
    <li class="step">
      <div class="step-txt">


  
  

  
  

  

  
  
  
    
      <span>
        Verify no error is shown
      </span>
    
  
  </div>

  
    
    
  

    
    
  

  
  
  
  

  
  

  
	</li></ul></div></div>
  
    
  

  

  
  

  
  

  
  

  
	
	</div>

      
        
        
	
  
    <div class="scenario-container failed">
      
  

	
  <div class="scenario-head">
    <h3 class="head borderBottom">Loan Calculator - happy path</h3>
    
    <span class="time">00:00:09</span>

	
  

	</div>
  
  

  
  

  
	

  
  
    
  
    
  
  <div class="step">
  
  
    <h5 class="execution-time">
      <span class="time">Execution Time : 00:00:03</span>
    </h5>
  
  <div class="step-info passed">
  
  <ul>
    <li class="step">
      <div class="step-txt">


  
  

  
  

  

  
  
  
    
      <span>
        Navigate to https://www.calculator.net/loan-calculator.html
      </span>
    
  
  </div>

  
    
    
  

    
    
  

  
  
  
  

  
  

  
	</li></ul></div></div>
  
    
  

  

  
    
  
    
  
  <div class="step">
  
  
    <h5 class="execution-time">
      <span class="time">Execution Time : 00:00:00</span>
    </h5>
  
  <div class="step-info failed">
  
  <ul>
    <li class="step">
      <div class="step-txt">


  
  

  
  

  

  
  
  
    
      <span>
        Enter 15000 into field loan_amount
      </span>
    
  
  </div>

  
    
        
  <div class="error-container failed">
    <div class="exception-container">
      <div class="exception">
        <h4 class="error-message">
          <pre>Message: no such element: Unable to locate element: {&#34;method&#34;:&#34;css selector&#34;,&#34;selector&#34;:&#34;[name=&#34;loan_amount&#34;]&#34;}<br/>  (Session info: chrome=145.0.7632.45); For documentation on this error, please visit: https://www.selenium.dev/documentation/webdriver/troubleshooting/errors#nosuchelementexception<br/>Stacktrace:<br/>Symbols not available. Dumping unresolved backtrace:<br/>	0x7ff7c0e74325<br/>	0x7ff7c0e74380<br/>	0x7ff7c0c0d49d<br/>	0x7ff7c0c682fe<br/>	0x7ff7c0c6860c<br/>	0x7ff7c0cb8b67<br/>	0x7ff7c0cb5728<br/>	0x7ff7c0c58e38<br/>	0x7ff7c0c59d23<br/>	0x7ff7c1143090<br/>	0x7ff7c113d918<br/>	0x7ff7c115dc8a<br/>	0x7ff7c0e906d5<br/>	0x7ff7c0e9967c<br/>	0x7ff7c0e7d684<br/>	0x7ff7c0e7d836<br/>	0x7ff7c0e63347<br/>	0x7ffe4237e8d7<br/>	0x7ffe4462c40c<br/></pre>
        </h4>
        <pre class="stacktrace">Traceback (most recent call last):<br/>  File &#34;D:\Internship\.venv\lib\site-packages\getgauge\executor.py&#34;, line 35, in execute_method<br/>    step.impl(*params)<br/>  File &#34;D:\Internship\gauge\gauge_functional\step_impl\step_impl.py&#34;, line 47, in step_enter_15000_into_field_loan_amount<br/>    el = driver.find_element(By.NAME, &#34;loan_amount&#34;)<br/>  File &#34;D:\Internship\.venv\lib\site-packages\selenium\webdriver\remote\webdriver.py&#34;, line 926, in find_element<br/>    return self.execute(Command.FIND_ELEMENT, {&#34;using&#34;: by, &#34;value&#34;: value})[&#34;value&#34;]<br/>  File &#34;D:\Internship\.venv\lib\site-packages\selenium\webdriver\remote\webdriver.py&#34;, line 458, in execute<br/>    self.error_handler.check_response(response)<br/>  File &#34;D:\Internship\.venv\lib\site-packages\selenium\webdriver\remote\errorhandler.py&#34;, line 232, in check_response<br/>    raise exception_class(message, screen, stacktrace)<br/>selenium.common.exceptions.NoSuchElementException: Message: no such element: Unable to locate element: {&#34;method&#34;:&#34;css selector&#34;,&#34;selector&#34;:&#34;[name=&#34;loan_amount&#34;]&#34;}<br/>  (Session info: chrome=145.0.7632.45); For documentation on this error, please visit: https://www.selenium.dev/documentation/webdriver/troubleshooting/errors#nosuchelementexception<br/>Stacktrace:<br/>Symbols not available. Dumping unresolved backtrace:<br/>	0x7ff7c0e74325<br/>	0x7ff7c0e74380<br/>	0x7ff7c0c0d49d<br/>	0x7ff7c0c682fe<br/>	0x7ff7c0c6860c<br/>	0x7ff7c0cb8b67<br/>	0x7ff7c0cb5728<br/>	0x7ff7c0c58e38<br/>	0x7ff7c0c59d23<br/>	0x7ff7c1143090<br/>	0x7ff7c113d918<br/>	0x7ff7c115dc8a<br/>	0x7ff7c0e906d5<br/>	0x7ff7c0e9967c<br/>	0x7ff7c0e7d684<br/>	0x7ff7c0e7d836<br/>	0x7ff7c0e63347<br/>	0x7ffe4237e8d7<br/>	0x7ffe4462c40c<br/><br/></pre>
      </div>
      
         <div class="screenshot-container">
          <div class="screenshot">
            <a href="../images/screenshot-128310575437747047794357406782925664832.png" rel="lightbox">
              <img src="../images/screenshot-128310575437747047794357406782925664832.png" class="screenshot-thumbnail" />
            </a>
          </div>
        </div>
      
    </div>
  </div>

    
    
  

    
    
  

  
  
  
  

  
  

  
	</li></ul></div></div>
  
    
  

  

  
    
  
    
  
  <div class="step">
  
  
    <h5 class="execution-time">
      <span class="time">Execution Time : 00:00:00</span>
    </h5>
  
  <div class="step-info not-executed">
  
  <ul>
    <li class="step">
      <div class="step-txt">


  
  

  
  

  

  
  
  
    
      <span>
        Enter 6.0 into field interest_rate
      </span>
    
  
  </div>

  
    
    
  

    
    
  

  
  
  
  

  
  

  
	</li></ul></div></div>
  
    
  

  

  
    
  
    
  
  <div class="step">
  
  
    <h5 class="execution-time">
      <span class="time">Execution Time : 00:00:00</span>
    </h5>
  
  <div class="step-info not-executed">
  
  <ul>
    <li class="step">
      <div class="step-txt">


  
  

  
  

  

  
  
  
    
      <span>
        Select option 24 from dropdown term_length
      </span>
    
  
  </div>

  
    
    
  

    
    
  

  
  
  
  

  
  

  
	</li></ul></div></div>
  
    
  

  

  
    
  
    
  
  <div class="step">
  
  
    <h5 class="execution-time">
      <span class="time">Execution Time : 00:00:00</span>
    </h5>
  
  <div class="step-info not-executed">
  
  <ul>
    <li class="step">
      <div class="step-txt">


  
  

  
  

  

  
  
  
    
      <span>
        Click element calculate_button
      </span>
    
  
  </div>

  
    
    
  

    
    
  

  
  
  
  

  
  

  
	</li></ul></div></div>
  
    
  

  

  
    
  
    
  
  <div class="step">
  
  
    <h5 class="execution-time">
      <span class="time">Execution Time : 00:00:00</span>
    </h5>
  
  <div class="step-info not-executed">
  
  <ul>
    <li class="step">
      <div class="step-txt">


  
  

  
  

  

  
  
  
    
      <span>
        Verify result is displayed
      </span>
    
  
  </div>

  
    
    
  

    
    
  

  
  
  
  

  
  

  
	</li></ul></div></div>
  
    
  

  

  
    
  
    
  
  <div class="step">
  
  
    <h5 class="execution-time">
      <span class="time">Execution Time : 00:00:00</span>
    </h5>
  
  <div class="step-info not-executed">
  
  <ul>
    <li class="step">
      <div class="step-txt">


  
  

  
  

  

  
  
  
    
      <span>
        Verify no error is shown
      </span>
    
  
  </div>

  
    
    
  

    
    
  

  
  
  
  

  
  

  
	</li></ul></div></div>
  
    
  

  

  
  

  
  

  
  

  
	
	</div>

      
        
        
	
  
    <div class="scenario-container failed">
      
  

	
  <div class="scenario-head">
    <h3 class="head borderBottom">Auto Loan Calculator - happy path</h3>
    
    <span class="time">00:00:11</span>

	
  

	</div>
  
  

  
  

  
	

  
  
    
  
    
  
  <div class="step">
  
  
    <h5 class="execution-time">
      <span class="time">Execution Time : 00:00:02</span>
    </h5>
  
  <div class="step-info passed">
  
  <ul>
    <li class="step">
      <div class="step-txt">


  
  

  
  

  

  
  
  
    
      <span>
        Navigate to https://www.calculator.net/auto-loan-calculator.html
      </span>
    
  
  </div>

  
    
    
  

    
    
  

  
  
  
  

  
  

  
	</li></ul></div></div>
  
    
  

  

  
    
  
    
  
  <div class="step">
  
  
    <h5 class="execution-time">
      <span class="time">Execution Time : 00:00:02</span>
    </h5>
  
  <div class="step-info failed">
  
  <ul>
    <li class="step">
      <div class="step-txt">


  
  

  
  

  

  
  
  
    
      <span>
        Enter 18000 into field purchase_price
      </span>
    
  
  </div>

  
    
        
  <div class="error-container failed">
    <div class="exception-container">
      <div class="exception">
        <h4 class="error-message">
          <pre>Message: no such element: Unable to locate element: {&#34;method&#34;:&#34;css selector&#34;,&#34;selector&#34;:&#34;[name=&#34;purchase_price&#34;]&#34;}<br/>  (Session info: chrome=145.0.7632.45); For documentation on this error, please visit: https://www.selenium.dev/documentation/webdriver/troubleshooting/errors#nosuchelementexception<br/>Stacktrace:<br/>Symbols not available. Dumping unresolved backtrace:<br/>	0x7ff7c0e74325<br/>	0x7ff7c0e74380<br/>	0x7ff7c0c0d49d<br/>	0x7ff7c0c682fe<br/>	0x7ff7c0c6860c<br/>	0x7ff7c0cb8b67<br/>	0x7ff7c0cb5728<br/>	0x7ff7c0c58e38<br/>	0x7ff7c0c59d23<br/>	0x7ff7c1143090<br/>	0x7ff7c113d918<br/>	0x7ff7c115dc8a<br/>	0x7ff7c0e906d5<br/>	0x7ff7c0e9967c<br/>	0x7ff7c0e7d684<br/>	0x7ff7c0e7d836<br/>	0x7ff7c0e63347<br/>	0x7ffe4237e8d7<br/>	0x7ffe4462c40c<br/></pre>
        </h4>
        <pre class="stacktrace">Traceback (most recent call last):<br/>  File &#34;D:\Internship\.venv\lib\site-packages\getgauge\executor.py&#34;, line 35, in execute_method<br/>    step.impl(*params)<br/>  File &#34;D:\Internship\gauge\gauge_functional\step_impl\step_impl.py&#34;, line 54, in step_enter_18000_into_field_purchase_price<br/>    el = driver.find_element(By.NAME, &#34;purchase_price&#34;)<br/>  File &#34;D:\Internship\.venv\lib\site-packages\selenium\webdriver\remote\webdriver.py&#34;, line 926, in find_element<br/>    return self.execute(Command.FIND_ELEMENT, {&#34;using&#34;: by, &#34;value&#34;: value})[&#34;value&#34;]<br/>  File &#34;D:\Internship\.venv\lib\site-packages\selenium\webdriver\remote\webdriver.py&#34;, line 458, in execute<br/>    self.error_handler.check_response(response)<br/>  File &#34;D:\Internship\.venv\lib\site-packages\selenium\webdriver\remote\errorhandler.py&#34;, line 232, in check_response<br/>    raise exception_class(message, screen, stacktrace)<br/>selenium.common.exceptions.NoSuchElementException: Message: no such element: Unable to locate element: {&#34;method&#34;:&#34;css selector&#34;,&#34;selector&#34;:&#34;[name=&#34;purchase_price&#34;]&#34;}<br/>  (Session info: chrome=145.0.7632.45); For documentation on this error, please visit: https://www.selenium.dev/documentation/webdriver/troubleshooting/errors#nosuchelementexception<br/>Stacktrace:<br/>Symbols not available. Dumping unresolved backtrace:<br/>	0x7ff7c0e74325<br/>	0x7ff7c0e74380<br/>	0x7ff7c0c0d49d<br/>	0x7ff7c0c682fe<br/>	0x7ff7c0c6860c<br/>	0x7ff7c0cb8b67<br/>	0x7ff7c0cb5728<br/>	0x7ff7c0c58e38<br/>	0x7ff7c0c59d23<br/>	0x7ff7c1143090<br/>	0x7ff7c113d918<br/>	0x7ff7c115dc8a<br/>	0x7ff7c0e906d5<br/>	0x7ff7c0e9967c<br/>	0x7ff7c0e7d684<br/>	0x7ff7c0e7d836<br/>	0x7ff7c0e63347<br/>	0x7ffe4237e8d7<br/>	0x7ffe4462c40c<br/><br/></pre>
      </div>
      
         <div class="screenshot-container">
          <div class="screenshot">
            <a href="../images/screenshot-136880204624284072065519923691358614080.png" rel="lightbox">
              <img src="../images/screenshot-136880204624284072065519923691358614080.png" class="screenshot-thumbnail" />
            </a>
          </div>
        </div>
      
    </div>
  </div>

    
    
  

    
    
  

  
  
  
  

  
  

  
	</li></ul></div></div>
  
    
  

  

  
    
  
    
  
  <div class="step">
  
  
    <h5 class="execution-time">
      <span class="time">Execution Time : 00:00:00</span>
    </h5>
  
  <div class="step-info not-executed">
  
  <ul>
    <li class="step">
      <div class="step-txt">


  
  

  
  

  

  
  
  
    
      <span>
        Enter 5000 into field down_payment
      </span>
    
  
  </div>

  
    
    
  

    
    
  

  
  
  
  

  
  

  
	</li></ul></div></div>
  
    
  

  

  
    
  
    
  
  <div class="step">
  
  
    <h5 class="execution-time">
      <span class="time">Execution Time : 00:00:00</span>
    </h5>
  
  <div class="step-info not-executed">
  
  <ul>
    <li class="step">
      <div class="step-txt">


  
  

  
  

  

  
  
  
    
      <span>
        Enter 6.0 into field interest_rate
      </span>
    
  
  </div>

  
    
    
  

    
    
  

  
  
  
  

  
  

  
	</li></ul></div></div>
  
    
  

  

  
    
  
    
  
  <div class="step">
  
  
    <h5 class="execution-time">
      <span class="time">Execution Time : 00:00:00</span>
    </h5>
  
  <div class="step-info not-executed">
  
  <ul>
    <li class="step">
      <div class="step-txt">


  
  

  
  

  

  
  
  
    
      <span>
        Click element calculate_button
      </span>
    
  
  </div>

  
    
    
  

    
    
  

  
  
  
  

  
  

  
	</li></ul></div></div>
  
    
  

  

  
    
  
    
  
  <div class="step">
  
  
    <h5 class="execution-time">
      <span class="time">Execution Time : 00:00:00</span>
    </h5>
  
  <div class="step-info not-executed">
  
  <ul>
    <li class="step">
      <div class="step-txt">


  
  

  
  

  

  
  
  
    
      <span>
        Verify result is displayed
      </span>
    
  
  </div>

  
    
    
  

    
    
  

  
  
  
  

  
  

  
	</li></ul></div></div>
  
    
  

  

  
    
  
    
  
  <div class="step">
  
  
    <h5 class="execution-time">
      <span class="time">Execution Time : 00:00:00</span>
    </h5>
  
  <div class="step-info not-executed">
  
  <ul>
    <li class="step">
      <div class="step-txt">


  
  

  
  

  

  
  
  
    
      <span>
        Verify no error is shown
      </span>
    
  
  </div>

  
    
    
  

    
    
  

  
  
  
  

  
  

  
	</li></ul></div></div>
  
    
  

  

  
  

  
  

  
  

  
	
	</div>

      
        
        
	
  
    <div class="scenario-container passed">
      
  

	
  <div class="scenario-head">
    <h3 class="head borderBottom">Financial Calculators - happy path</h3>
    
    <span class="time">00:00:14</span>

	
  

	</div>
  
  

  
  

  
	

  
  
    
  
    
  
  <div class="step">
  
  
    <h5 class="execution-time">
      <span class="time">Execution Time : 00:00:04</span>
    </h5>
  
  <div class="step-info passed">
  
  <ul>
    <li class="step">
      <div class="step-txt">


  
  

  
  

  

  
  
  
    
      <span>
        Navigate to https://www.calculator.net/financial-calculator.html
      </span>
    
  
  </div>

  
    
    
  

    
    
  

  
  
  
  

  
  

  
	</li></ul></div></div>
  
    
  

  

  
    
  
    
  
  <div class="step">
  
  
    <h5 class="execution-time">
      <span class="time">Execution Time : 00:00:01</span>
    </h5>
  
  <div class="step-info passed">
  
  <ul>
    <li class="step">
      <div class="step-txt">


  
  

  
  

  

  
  
  
    
      <span>
        Click element clickable_financial_calculators
      </span>
    
  
  </div>

  
    
    
  

    
    
  

  
  
  
  

  
  

  
	</li></ul></div></div>
  
    
  

  

  
    
  
    
  
  <div class="step">
  
  
    <h5 class="execution-time">
      <span class="time">Execution Time : 00:00:01</span>
    </h5>
  
  <div class="step-info passed">
  
  <ul>
    <li class="step">
      <div class="step-txt">


  
  

  
  

  

  
  
  
    
      <span>
        Verify result is displayed
      </span>
    
  
  </div>

  
    
    
  

    
    
  

  
  
  
  

  
  

  
	</li></ul></div></div>
  
    
  

  

  
    
  
    
  
  <div class="step">
  
  
    <h5 class="execution-time">
      <span class="time">Execution Time : 00:00:01</span>
    </h5>
  
  <div class="step-info passed">
  
  <ul>
    <li class="step">
      <div class="step-txt">


  
  

  
  

  

  
  
  
    
      <span>
        Verify no error is shown
      </span>
    
  
  </div>

  
    
    
  

    
    
  

  
  
  
  

  
  

  
	</li></ul></div></div>
  
    
  

  

  
  

  
  

  
  

  
	
	</div>

      

    </div>
    </div>

    
  

    
    
    
    </div>
  

		</div>
	

 	</div>
	</main>
	
  <footer class="footer">
    <div class="container">
      <p>Generated by Gauge HTML Report</p>
    </div>
  </footer>

	
    <script type="text/javascript">
      var loadingImage = "../images/loading.gif";
      var closeButton = "../images/close.gif";
    </script>
    <script src="../js/lightbox.js"></script>
    <script src="../js/jquery-3.1.0.min.js" type="text/javascript"></script>
    <script src="../js/auto-complete.min.js" type="text/javascript"></script>
    <script src="../js/clipboard.min.js" type="text/javascript"></script>
    <script src="../js/search_index.js" type="text/javascript"></script>
    <script src="../js/main.js" type="text/javascript"></script>
    </body>
  </html>

