
	
	
  <!doctype html>
  <html><head>
    <meta http-equiv="X-UA-Compatible" content="IE=9; IE=8; IE=7; IE=EDGE" />
    <meta charset="utf-8" />
    <title>Gauge Test Results</title>
    <link rel="shortcut icon" type="image/x-icon" href="../images/favicon.ico">
    <link rel="stylesheet" type="text/css" href="../css/open-sans.css">
    <link rel="stylesheet" type="text/css" href="../css/font-awesome.css">
    <link rel="stylesheet" type="text/css" href="../css/normalize.css" />
    <link rel="stylesheet" type="text/css" href="../css/style.css" />
  </head>
  <body>
  <header class="top">
    <div class="header">
      <div class="container">
        <div class="logo">
          <a href=".."><img src="../images/gaugeLogo.png" alt="Report logo"></a>
        </div>
        <h2 class="project">Project: gauge_functional</h2>
      </div>
    </div>
  </header>
  <main class="main-container">
  <div class="container">

	
  <div class="report-overview">
   
  <div class="report_chart">
    <div class="chart">
      <svg id="pie-chart" data-results="1,0,0" data-total="1">
        <path class="status failed" />
        <path class="shadow failed" data-status="failed"><title>Failed: 1/1</title></path>
        <path class="status passed" />
        <path class="shadow passed" data-status="passed"><title>Passed: 0/1</title></path>
        <path class="status skipped" />
        <path class="shadow skipped" data-status="skipped"><title>Skipped: 0/1</title></path>
      </svg>
    </div>
  </div>

   
  <div class="report_test-results">
    <div class="report_test-result specs">
        <div class="total-specs" title="Filter all specs"><span class="txt">Total specs</span><span class="value">1</span></div>
        <div class="fail spec-filter" data-status="failed" title="Filter failed specs"><span class="value">1</span></div>
        <div class="pass spec-filter" data-status="passed" title="Filter passed specs"><span class="value">0</span></div>
        <div class="skip spec-filter" data-status="skipped" title="Filter skipped specs"><span class="value">0</span></div>
    </div>
    <div class="report_test-result scenarios">
        <div class="total-scenarios"><span class="txt">Total scenario</span><span class="value">15</span></div>
        <div class="fail scenario-stats" data-status="failed"><span class="value">14</span></div>
        <div class="pass scenario-stats" data-status="passed"><span class="value">1</span></div>
        <div class="skip scenario-stats" data-status="skipped"><span class="value">0</span></div>
    </div>
  </div>

    <div class="report_details">
      
  <ul>
    <li>
      <label>Environment </label>
      <span>default</span>
    </li>
    
    <li>
      <label>Success Rate </label>
      <span>0%</span>
    </li>
    <li>
      <label>Total Time </label>
      <span>00:07:55</span>
    </li>
    <li>
      <label>Generated On </label>
      <span>Feb 4, 2026 at 1:34pm</span>
    </li>
  </ul>

      
  

      
  
  


    </div>
  </div>


	

	

	
		<div class="specifications">
		
  
    <aside class="sidebar">
      <h3 class="title">Specifications</h3>
      <div class="searchbar">
        <input id="searchSpecifications" placeholder="Type specification or tag name" type="text" />
        <i class="fa fa-search"></i>
      </div>
      <div class="specs-sorting">
        <div class="sort sort-specs-name" data-sort-by="specs-name"><span class="sort-icons"><i class="fa fa-caret-up"></i><i class="fa fa-caret-down"></i></span><span>Name</span></div>
        <div class="sort sort-execution-time" data-sort-by="execution-time"><span class="sort-icons"><i class="fa fa-caret-up"></i><i class="fa fa-caret-down"></i></span><span>Execution time</span></div>
      </div>
      <div id="listOfSpecifications">
        <ul id="scenarios" class="spec-list">
        
          <a href="ai_generated.html">
            
              <li class="failed spec-name">
            
              <span id="scenarioName" class="scenarioname">Navigation Tests</span>
              <span id="time" class="time">00:07:53</span>
            </li>
          </a>
          
        </ul>
      </div>
    </aside>
  

		
  
	
  <div id="specificationContainer" class="details">
    <header class="curr-spec">
      <div class="spec-head-wrapper">
        <h3 class="spec-head" title="D:\Internship\gauge\gauge_functional\specs\ai_generated.spec">Navigation Tests</h3>
        <div class="hidden report_test-results" alt="Scenarios" title="Scenarios">
          <ul>
            <li class="fail"><span class="value">14</span><span class="txt">Failed</span></li>
            <li class="pass"><span class="value">1</span><span class="txt">Passed</span></li>
            <li class="skip"><span class="value">0</span><span class="txt">Skipped</span></li>
          </ul>
        </div>
      </div>
      <div class="spec-meta">
        <div class="spec-filename">
          <label for="specFileName">File Path</label>
          <input id="specFileName" value="D:\Internship\gauge\gauge_functional\specs\ai_generated.spec" readonly/>
          <button class="clipboard-btn" data-clipboard-target="#specFileName" title="Copy to Clipboard">
              <i class="fa fa-clipboard" aria-hidden="true" title="Copy to Clipboard"></i>
          </button>
        </div>
        <span class="time">00:07:53</span>
      </div>

	
  

	</header>
	<div id="specItemsContainer">
	
    
  

    
    
    

    <div class="content">
    
  
  

  

      
        
        
	
  
    <div class="scenario-container failed">
      
  

	
  <div class="scenario-head">
    <h3 class="head borderBottom">Financial Calculators</h3>
    
    <span class="time">00:00:51</span>

	
  

	</div>
  
  

  
  

  
	

  
  
    
  
    
  
  <div class="step">
  
  
    <h5 class="execution-time">
      <span class="time">Execution Time : 00:00:01</span>
    </h5>
  
  <div class="step-info passed">
  
  <ul>
    <li class="step">
      <div class="step-txt">


  
  

  
  

  

  
  
  
    
      <span>
        Navigate to 
      </span>
    
  
    
      <span class="parameter">"https://www.calculator.net/"</span>
    
  
  </div>

  
    
    
  

    
    
  

  
  
  
  

  
  

  
	</li></ul></div></div>
  
    
  

  

  
    
  
    
  
  <div class="step">
  
  
    <h5 class="execution-time">
      <span class="time">Execution Time : 00:00:46</span>
    </h5>
  
  <div class="step-info failed">
  
  <ul>
    <li class="step">
      <div class="step-txt">


  
  

  
  

  

  
  
  
    
      <span>
        Click element 
      </span>
    
  
    
      <span class="parameter">"clickable_financial_calculators"</span>
    
  
  </div>

  
    
        
  <div class="error-container failed">
    <div class="exception-container">
      <div class="exception">
        <h4 class="error-message">
          <pre>Message: <br/>Stacktrace:<br/>Symbols not available. Dumping unresolved backtrace:<br/>	0x7ff65521f3d5<br/>	0x7ff65521f430<br/>	0x7ff654fc10bd<br/>	0x7ff65501c2fe<br/>	0x7ff65501c60c<br/>	0x7ff65506d187<br/>	0x7ff655069d08<br/>	0x7ff65500cb0c<br/>	0x7ff65500da53<br/>	0x7ff6554fb470<br/>	0x7ff6554f586d<br/>	0x7ff65551621a<br/>	0x7ff65523b235<br/>	0x7ff655243a5c<br/>	0x7ff655228844<br/>	0x7ff6552289f6<br/>	0x7ff65520eb87<br/>	0x7ffae59be8d7<br/>	0x7ffae70cc53c<br/></pre>
        </h4>
        <pre class="stacktrace">Traceback (most recent call last):<br/>  File &#34;D:\Internship\.venv\lib\site-packages\getgauge\executor.py&#34;, line 35, in execute_method<br/>    step.impl(*params)<br/>  File &#34;D:\Internship\gauge\gauge_functional\step_impl\step_impl.py&#34;, line 71, in click_element<br/>    element = wait.until(<br/>  File &#34;D:\Internship\.venv\lib\site-packages\selenium\webdriver\support\wait.py&#34;, line 138, in until<br/>    raise TimeoutException(message, screen, stacktrace)<br/>selenium.common.exceptions.TimeoutException: Message: <br/>Stacktrace:<br/>Symbols not available. Dumping unresolved backtrace:<br/>	0x7ff65521f3d5<br/>	0x7ff65521f430<br/>	0x7ff654fc10bd<br/>	0x7ff65501c2fe<br/>	0x7ff65501c60c<br/>	0x7ff65506d187<br/>	0x7ff655069d08<br/>	0x7ff65500cb0c<br/>	0x7ff65500da53<br/>	0x7ff6554fb470<br/>	0x7ff6554f586d<br/>	0x7ff65551621a<br/>	0x7ff65523b235<br/>	0x7ff655243a5c<br/>	0x7ff655228844<br/>	0x7ff6552289f6<br/>	0x7ff65520eb87<br/>	0x7ffae59be8d7<br/>	0x7ffae70cc53c<br/><br/></pre>
      </div>
      
         <div class="screenshot-container">
          <div class="screenshot">
            <a href="../images/screenshot-168404152584006542395310153234814956096.png" rel="lightbox">
              <img src="../images/screenshot-168404152584006542395310153234814956096.png" class="screenshot-thumbnail" />
            </a>
          </div>
        </div>
      
    </div>
  </div>

    
    
  

    
    
  

  
  
  
  

  
  

  
	</li></ul></div></div>
  
    
  

  

  
    
  
    
  
  <div class="step">
  
  
    <h5 class="execution-time">
      <span class="time">Execution Time : 00:00:00</span>
    </h5>
  
  <div class="step-info not-executed">
  
  <ul>
    <li class="step">
      <div class="step-txt">


  
  

  
  

  

  
  
  
    
      <span>
        Verify current URL contains 
      </span>
    
  
    
      <span class="parameter">"/financial-calculators"</span>
    
  
  </div>

  
    
    
  

    
    
  

  
  
  
  

  
  

  
	</li></ul></div></div>
  
    
  

  

  
  

  
  

  
  

  
	
	</div>

      
        
        
	
  
    <div class="scenario-container failed">
      
  

	
  <div class="scenario-head">
    <h3 class="head borderBottom">Mortgage Calculator</h3>
    
    <span class="time">00:00:52</span>

	
  

	</div>
  
  

  
  

  
	

  
  
    
  
    
  
  <div class="step">
  
  
    <h5 class="execution-time">
      <span class="time">Execution Time : 00:00:01</span>
    </h5>
  
  <div class="step-info passed">
  
  <ul>
    <li class="step">
      <div class="step-txt">


  
  

  
  

  

  
  
  
    
      <span>
        Navigate to 
      </span>
    
  
    
      <span class="parameter">"https://www.calculator.net/"</span>
    
  
  </div>

  
    
    
  

    
    
  

  
  
  
  

  
  

  
	</li></ul></div></div>
  
    
  

  

  
    
  
    
  
  <div class="step">
  
  
    <h5 class="execution-time">
      <span class="time">Execution Time : 00:00:45</span>
    </h5>
  
  <div class="step-info failed">
  
  <ul>
    <li class="step">
      <div class="step-txt">


  
  

  
  

  

  
  
  
    
      <span>
        Click element 
      </span>
    
  
    
      <span class="parameter">"clickable_mortgage_calculator"</span>
    
  
  </div>

  
    
        
  <div class="error-container failed">
    <div class="exception-container">
      <div class="exception">
        <h4 class="error-message">
          <pre>Message: <br/>Stacktrace:<br/>Symbols not available. Dumping unresolved backtrace:<br/>	0x7ff65521f3d5<br/>	0x7ff65521f430<br/>	0x7ff654fc10bd<br/>	0x7ff65501c2fe<br/>	0x7ff65501c60c<br/>	0x7ff65506d187<br/>	0x7ff655069d08<br/>	0x7ff65500cb0c<br/>	0x7ff65500da53<br/>	0x7ff6554fb470<br/>	0x7ff6554f586d<br/>	0x7ff65551621a<br/>	0x7ff65523b235<br/>	0x7ff655243a5c<br/>	0x7ff655228844<br/>	0x7ff6552289f6<br/>	0x7ff65520eb87<br/>	0x7ffae59be8d7<br/>	0x7ffae70cc53c<br/></pre>
        </h4>
        <pre class="stacktrace">Traceback (most recent call last):<br/>  File &#34;D:\Internship\.venv\lib\site-packages\getgauge\executor.py&#34;, line 35, in execute_method<br/>    step.impl(*params)<br/>  File &#34;D:\Internship\gauge\gauge_functional\step_impl\step_impl.py&#34;, line 71, in click_element<br/>    element = wait.until(<br/>  File &#34;D:\Internship\.venv\lib\site-packages\selenium\webdriver\support\wait.py&#34;, line 138, in until<br/>    raise TimeoutException(message, screen, stacktrace)<br/>selenium.common.exceptions.TimeoutException: Message: <br/>Stacktrace:<br/>Symbols not available. Dumping unresolved backtrace:<br/>	0x7ff65521f3d5<br/>	0x7ff65521f430<br/>	0x7ff654fc10bd<br/>	0x7ff65501c2fe<br/>	0x7ff65501c60c<br/>	0x7ff65506d187<br/>	0x7ff655069d08<br/>	0x7ff65500cb0c<br/>	0x7ff65500da53<br/>	0x7ff6554fb470<br/>	0x7ff6554f586d<br/>	0x7ff65551621a<br/>	0x7ff65523b235<br/>	0x7ff655243a5c<br/>	0x7ff655228844<br/>	0x7ff6552289f6<br/>	0x7ff65520eb87<br/>	0x7ffae59be8d7<br/>	0x7ffae70cc53c<br/><br/></pre>
      </div>
      
         <div class="screenshot-container">
          <div class="screenshot">
            <a href="../images/screenshot-209954358910706068576002897432075661888.png" rel="lightbox">
              <img src="../images/screenshot-209954358910706068576002897432075661888.png" class="screenshot-thumbnail" />
            </a>
          </div>
        </div>
      
    </div>
  </div>

    
    
  

    
    
  

  
  
  
  

  
  

  
	</li></ul></div></div>
  
    
  

  

  
    
  
    
  
  <div class="step">
  
  
    <h5 class="execution-time">
      <span class="time">Execution Time : 00:00:00</span>
    </h5>
  
  <div class="step-info not-executed">
  
  <ul>
    <li class="step">
      <div class="step-txt">


  
  

  
  

  

  
  
  
    
      <span>
        Verify current URL contains 
      </span>
    
  
    
      <span class="parameter">"/mortgage-calculator"</span>
    
  
  </div>

  
    
    
  

    
    
  

  
  
  
  

  
  

  
	</li></ul></div></div>
  
    
  

  

  
  

  
  

  
  

  
	
	</div>

      
        
        
	
  
    <div class="scenario-container failed">
      
  

	
  <div class="scenario-head">
    <h3 class="head borderBottom">Loan Calculator</h3>
    
    <span class="time">00:00:54</span>

	
  

	</div>
  
  

  
  

  
	

  
  
    
  
    
  
  <div class="step">
  
  
    <h5 class="execution-time">
      <span class="time">Execution Time : 00:00:03</span>
    </h5>
  
  <div class="step-info passed">
  
  <ul>
    <li class="step">
      <div class="step-txt">


  
  

  
  

  

  
  
  
    
      <span>
        Navigate to 
      </span>
    
  
    
      <span class="parameter">"https://www.calculator.net/"</span>
    
  
  </div>

  
    
    
  

    
    
  

  
  
  
  

  
  

  
	</li></ul></div></div>
  
    
  

  

  
    
  
    
  
  <div class="step">
  
  
    <h5 class="execution-time">
      <span class="time">Execution Time : 00:00:46</span>
    </h5>
  
  <div class="step-info failed">
  
  <ul>
    <li class="step">
      <div class="step-txt">


  
  

  
  

  

  
  
  
    
      <span>
        Click element 
      </span>
    
  
    
      <span class="parameter">"clickable_loan_calculator"</span>
    
  
  </div>

  
    
        
  <div class="error-container failed">
    <div class="exception-container">
      <div class="exception">
        <h4 class="error-message">
          <pre>Message: <br/>Stacktrace:<br/>Symbols not available. Dumping unresolved backtrace:<br/>	0x7ff65521f3d5<br/>	0x7ff65521f430<br/>	0x7ff654fc10bd<br/>	0x7ff65501c2fe<br/>	0x7ff65501c60c<br/>	0x7ff65506d187<br/>	0x7ff655069d08<br/>	0x7ff65500cb0c<br/>	0x7ff65500da53<br/>	0x7ff6554fb470<br/>	0x7ff6554f586d<br/>	0x7ff65551621a<br/>	0x7ff65523b235<br/>	0x7ff655243a5c<br/>	0x7ff655228844<br/>	0x7ff6552289f6<br/>	0x7ff65520eb87<br/>	0x7ffae59be8d7<br/>	0x7ffae70cc53c<br/></pre>
        </h4>
        <pre class="stacktrace">Traceback (most recent call last):<br/>  File &#34;D:\Internship\.venv\lib\site-packages\getgauge\executor.py&#34;, line 35, in execute_method<br/>    step.impl(*params)<br/>  File &#34;D:\Internship\gauge\gauge_functional\step_impl\step_impl.py&#34;, line 71, in click_element<br/>    element = wait.until(<br/>  File &#34;D:\Internship\.venv\lib\site-packages\selenium\webdriver\support\wait.py&#34;, line 138, in until<br/>    raise TimeoutException(message, screen, stacktrace)<br/>selenium.common.exceptions.TimeoutException: Message: <br/>Stacktrace:<br/>Symbols not available. Dumping unresolved backtrace:<br/>	0x7ff65521f3d5<br/>	0x7ff65521f430<br/>	0x7ff654fc10bd<br/>	0x7ff65501c2fe<br/>	0x7ff65501c60c<br/>	0x7ff65506d187<br/>	0x7ff655069d08<br/>	0x7ff65500cb0c<br/>	0x7ff65500da53<br/>	0x7ff6554fb470<br/>	0x7ff6554f586d<br/>	0x7ff65551621a<br/>	0x7ff65523b235<br/>	0x7ff655243a5c<br/>	0x7ff655228844<br/>	0x7ff6552289f6<br/>	0x7ff65520eb87<br/>	0x7ffae59be8d7<br/>	0x7ffae70cc53c<br/><br/></pre>
      </div>
      
         <div class="screenshot-container">
          <div class="screenshot">
            <a href="../images/screenshot-253145189067835374720652529299481522752.png" rel="lightbox">
              <img src="../images/screenshot-253145189067835374720652529299481522752.png" class="screenshot-thumbnail" />
            </a>
          </div>
        </div>
      
    </div>
  </div>

    
    
  

    
    
  

  
  
  
  

  
  

  
	</li></ul></div></div>
  
    
  

  

  
    
  
    
  
  <div class="step">
  
  
    <h5 class="execution-time">
      <span class="time">Execution Time : 00:00:00</span>
    </h5>
  
  <div class="step-info not-executed">
  
  <ul>
    <li class="step">
      <div class="step-txt">


  
  

  
  

  

  
  
  
    
      <span>
        Verify current URL contains 
      </span>
    
  
    
      <span class="parameter">"/loan-calculator"</span>
    
  
  </div>

  
    
    
  

    
    
  

  
  
  
  

  
  

  
	</li></ul></div></div>
  
    
  

  

  
  

  
  

  
  

  
	
	</div>

      
        
        
	
  
    <div class="scenario-container failed">
      
  

	
  <div class="scenario-head">
    <h3 class="head borderBottom">Auto Loan Calculator</h3>
    
    <span class="time">00:00:53</span>

	
  

	</div>
  
  

  
  

  
	

  
  
    
  
    
  
  <div class="step">
  
  
    <h5 class="execution-time">
      <span class="time">Execution Time : 00:00:02</span>
    </h5>
  
  <div class="step-info passed">
  
  <ul>
    <li class="step">
      <div class="step-txt">


  
  

  
  

  

  
  
  
    
      <span>
        Navigate to 
      </span>
    
  
    
      <span class="parameter">"https://www.calculator.net/"</span>
    
  
  </div>

  
    
    
  

    
    
  

  
  
  
  

  
  

  
	</li></ul></div></div>
  
    
  

  

  
    
  
    
  
  <div class="step">
  
  
    <h5 class="execution-time">
      <span class="time">Execution Time : 00:00:45</span>
    </h5>
  
  <div class="step-info failed">
  
  <ul>
    <li class="step">
      <div class="step-txt">


  
  

  
  

  

  
  
  
    
      <span>
        Click element 
      </span>
    
  
    
      <span class="parameter">"clickable_auto_loan_calculator"</span>
    
  
  </div>

  
    
        
  <div class="error-container failed">
    <div class="exception-container">
      <div class="exception">
        <h4 class="error-message">
          <pre>Message: <br/>Stacktrace:<br/>Symbols not available. Dumping unresolved backtrace:<br/>	0x7ff65521f3d5<br/>	0x7ff65521f430<br/>	0x7ff654fc10bd<br/>	0x7ff65501c2fe<br/>	0x7ff65501c60c<br/>	0x7ff65506d187<br/>	0x7ff655069d08<br/>	0x7ff65500cb0c<br/>	0x7ff65500da53<br/>	0x7ff6554fb470<br/>	0x7ff6554f586d<br/>	0x7ff65551621a<br/>	0x7ff65523b235<br/>	0x7ff655243a5c<br/>	0x7ff655228844<br/>	0x7ff6552289f6<br/>	0x7ff65520eb87<br/>	0x7ffae59be8d7<br/>	0x7ffae70cc53c<br/></pre>
        </h4>
        <pre class="stacktrace">Traceback (most recent call last):<br/>  File &#34;D:\Internship\.venv\lib\site-packages\getgauge\executor.py&#34;, line 35, in execute_method<br/>    step.impl(*params)<br/>  File &#34;D:\Internship\gauge\gauge_functional\step_impl\step_impl.py&#34;, line 71, in click_element<br/>    element = wait.until(<br/>  File &#34;D:\Internship\.venv\lib\site-packages\selenium\webdriver\support\wait.py&#34;, line 138, in until<br/>    raise TimeoutException(message, screen, stacktrace)<br/>selenium.common.exceptions.TimeoutException: Message: <br/>Stacktrace:<br/>Symbols not available. Dumping unresolved backtrace:<br/>	0x7ff65521f3d5<br/>	0x7ff65521f430<br/>	0x7ff654fc10bd<br/>	0x7ff65501c2fe<br/>	0x7ff65501c60c<br/>	0x7ff65506d187<br/>	0x7ff655069d08<br/>	0x7ff65500cb0c<br/>	0x7ff65500da53<br/>	0x7ff6554fb470<br/>	0x7ff6554f586d<br/>	0x7ff65551621a<br/>	0x7ff65523b235<br/>	0x7ff655243a5c<br/>	0x7ff655228844<br/>	0x7ff6552289f6<br/>	0x7ff65520eb87<br/>	0x7ffae59be8d7<br/>	0x7ffae70cc53c<br/><br/></pre>
      </div>
      
         <div class="screenshot-container">
          <div class="screenshot">
            <a href="../images/screenshot-296188576882176235165831560844588184128.png" rel="lightbox">
              <img src="../images/screenshot-296188576882176235165831560844588184128.png" class="screenshot-thumbnail" />
            </a>
          </div>
        </div>
      
    </div>
  </div>

    
    
  

    
    
  

  
  
  
  

  
  

  
	</li></ul></div></div>
  
    
  

  

  
    
  
    
  
  <div class="step">
  
  
    <h5 class="execution-time">
      <span class="time">Execution Time : 00:00:00</span>
    </h5>
  
  <div class="step-info not-executed">
  
  <ul>
    <li class="step">
      <div class="step-txt">


  
  

  
  

  

  
  
  
    
      <span>
        Verify current URL contains 
      </span>
    
  
    
      <span class="parameter">"/auto-loan-calculator"</span>
    
  
  </div>

  
    
    
  

    
    
  

  
  
  
  

  
  

  
	</li></ul></div></div>
  
    
  

  

  
  

  
  

  
  

  
	
	</div>

      
        
        
	
  
    <div class="scenario-container failed">
      
  

	
  <div class="scenario-head">
    <h3 class="head borderBottom">Interest Calculator</h3>
    
    <span class="time">00:00:53</span>

	
  

	</div>
  
  

  
  

  
	

  
  
    
  
    
  
  <div class="step">
  
  
    <h5 class="execution-time">
      <span class="time">Execution Time : 00:00:03</span>
    </h5>
  
  <div class="step-info passed">
  
  <ul>
    <li class="step">
      <div class="step-txt">


  
  

  
  

  

  
  
  
    
      <span>
        Navigate to 
      </span>
    
  
    
      <span class="parameter">"https://www.calculator.net/"</span>
    
  
  </div>

  
    
    
  

    
    
  

  
  
  
  

  
  

  
	</li></ul></div></div>
  
    
  

  

  
    
  
    
  
  <div class="step">
  
  
    <h5 class="execution-time">
      <span class="time">Execution Time : 00:00:46</span>
    </h5>
  
  <div class="step-info failed">
  
  <ul>
    <li class="step">
      <div class="step-txt">


  
  

  
  

  

  
  
  
    
      <span>
        Click element 
      </span>
    
  
    
      <span class="parameter">"clickable_interest_calculator"</span>
    
  
  </div>

  
    
        
  <div class="error-container failed">
    <div class="exception-container">
      <div class="exception">
        <h4 class="error-message">
          <pre>Message: <br/>Stacktrace:<br/>Symbols not available. Dumping unresolved backtrace:<br/>	0x7ff65521f3d5<br/>	0x7ff65521f430<br/>	0x7ff654fc10bd<br/>	0x7ff65501c2fe<br/>	0x7ff65501c60c<br/>	0x7ff65506d187<br/>	0x7ff655069d08<br/>	0x7ff65500cb0c<br/>	0x7ff65500da53<br/>	0x7ff6554fb470<br/>	0x7ff6554f586d<br/>	0x7ff65551621a<br/>	0x7ff65523b235<br/>	0x7ff655243a5c<br/>	0x7ff655228844<br/>	0x7ff6552289f6<br/>	0x7ff65520eb87<br/>	0x7ffae59be8d7<br/>	0x7ffae70cc53c<br/></pre>
        </h4>
        <pre class="stacktrace">Traceback (most recent call last):<br/>  File &#34;D:\Internship\.venv\lib\site-packages\getgauge\executor.py&#34;, line 35, in execute_method<br/>    step.impl(*params)<br/>  File &#34;D:\Internship\gauge\gauge_functional\step_impl\step_impl.py&#34;, line 71, in click_element<br/>    element = wait.until(<br/>  File &#34;D:\Internship\.venv\lib\site-packages\selenium\webdriver\support\wait.py&#34;, line 138, in until<br/>    raise TimeoutException(message, screen, stacktrace)<br/>selenium.common.exceptions.TimeoutException: Message: <br/>Stacktrace:<br/>Symbols not available. Dumping unresolved backtrace:<br/>	0x7ff65521f3d5<br/>	0x7ff65521f430<br/>	0x7ff654fc10bd<br/>	0x7ff65501c2fe<br/>	0x7ff65501c60c<br/>	0x7ff65506d187<br/>	0x7ff655069d08<br/>	0x7ff65500cb0c<br/>	0x7ff65500da53<br/>	0x7ff6554fb470<br/>	0x7ff6554f586d<br/>	0x7ff65551621a<br/>	0x7ff65523b235<br/>	0x7ff655243a5c<br/>	0x7ff655228844<br/>	0x7ff6552289f6<br/>	0x7ff65520eb87<br/>	0x7ffae59be8d7<br/>	0x7ffae70cc53c<br/><br/></pre>
      </div>
      
         <div class="screenshot-container">
          <div class="screenshot">
            <a href="../images/screenshot-338670020652179135002325254350496166464.png" rel="lightbox">
              <img src="../images/screenshot-338670020652179135002325254350496166464.png" class="screenshot-thumbnail" />
            </a>
          </div>
        </div>
      
    </div>
  </div>

    
    
  

    
    
  

  
  
  
  

  
  

  
	</li></ul></div></div>
  
    
  

  

  
    
  
    
  
  <div class="step">
  
  
    <h5 class="execution-time">
      <span class="time">Execution Time : 00:00:00</span>
    </h5>
  
  <div class="step-info not-executed">
  
  <ul>
    <li class="step">
      <div class="step-txt">


  
  

  
  

  

  
  
  
    
      <span>
        Verify current URL contains 
      </span>
    
  
    
      <span class="parameter">"/interest-calculator"</span>
    
  
  </div>

  
    
    
  

    
    
  

  
  
  
  

  
  

  
	</li></ul></div></div>
  
    
  

  

  
  

  
  

  
  

  
	
	</div>

      
        
        
	
  
    <div class="scenario-container failed">
      
  

	
  <div class="scenario-head">
    <h3 class="head borderBottom">Payment Calculator</h3>
    
    <span class="time">00:00:53</span>

	
  

	</div>
  
  

  
  

  
	

  
  
    
  
    
  
  <div class="step">
  
  
    <h5 class="execution-time">
      <span class="time">Execution Time : 00:00:03</span>
    </h5>
  
  <div class="step-info passed">
  
  <ul>
    <li class="step">
      <div class="step-txt">


  
  

  
  

  

  
  
  
    
      <span>
        Navigate to 
      </span>
    
  
    
      <span class="parameter">"https://www.calculator.net/"</span>
    
  
  </div>

  
    
    
  

    
    
  

  
  
  
  

  
  

  
	</li></ul></div></div>
  
    
  

  

  
    
  
    
  
  <div class="step">
  
  
    <h5 class="execution-time">
      <span class="time">Execution Time : 00:00:45</span>
    </h5>
  
  <div class="step-info failed">
  
  <ul>
    <li class="step">
      <div class="step-txt">


  
  

  
  

  

  
  
  
    
      <span>
        Click element 
      </span>
    
  
    
      <span class="parameter">"clickable_payment_calculator"</span>
    
  
  </div>

  
    
        
  <div class="error-container failed">
    <div class="exception-container">
      <div class="exception">
        <h4 class="error-message">
          <pre>Message: <br/>Stacktrace:<br/>Symbols not available. Dumping unresolved backtrace:<br/>	0x7ff65521f3d5<br/>	0x7ff65521f430<br/>	0x7ff654fc10bd<br/>	0x7ff65501c2fe<br/>	0x7ff65501c60c<br/>	0x7ff65506d187<br/>	0x7ff655069d08<br/>	0x7ff65500cb0c<br/>	0x7ff65500da53<br/>	0x7ff6554fb470<br/>	0x7ff6554f586d<br/>	0x7ff65551621a<br/>	0x7ff65523b235<br/>	0x7ff655243a5c<br/>	0x7ff655228844<br/>	0x7ff6552289f6<br/>	0x7ff65520eb87<br/>	0x7ffae59be8d7<br/>	0x7ffae70cc53c<br/></pre>
        </h4>
        <pre class="stacktrace">Traceback (most recent call last):<br/>  File &#34;D:\Internship\.venv\lib\site-packages\getgauge\executor.py&#34;, line 35, in execute_method<br/>    step.impl(*params)<br/>  File &#34;D:\Internship\gauge\gauge_functional\step_impl\step_impl.py&#34;, line 71, in click_element<br/>    element = wait.until(<br/>  File &#34;D:\Internship\.venv\lib\site-packages\selenium\webdriver\support\wait.py&#34;, line 138, in until<br/>    raise TimeoutException(message, screen, stacktrace)<br/>selenium.common.exceptions.TimeoutException: Message: <br/>Stacktrace:<br/>Symbols not available. Dumping unresolved backtrace:<br/>	0x7ff65521f3d5<br/>	0x7ff65521f430<br/>	0x7ff654fc10bd<br/>	0x7ff65501c2fe<br/>	0x7ff65501c60c<br/>	0x7ff65506d187<br/>	0x7ff655069d08<br/>	0x7ff65500cb0c<br/>	0x7ff65500da53<br/>	0x7ff6554fb470<br/>	0x7ff6554f586d<br/>	0x7ff65551621a<br/>	0x7ff65523b235<br/>	0x7ff655243a5c<br/>	0x7ff655228844<br/>	0x7ff6552289f6<br/>	0x7ff65520eb87<br/>	0x7ffae59be8d7<br/>	0x7ffae70cc53c<br/><br/></pre>
      </div>
      
         <div class="screenshot-container">
          <div class="screenshot">
            <a href="../images/screenshot-40675274595979671676419722955903300160.png" rel="lightbox">
              <img src="../images/screenshot-40675274595979671676419722955903300160.png" class="screenshot-thumbnail" />
            </a>
          </div>
        </div>
      
    </div>
  </div>

    
    
  

    
    
  

  
  
  
  

  
  

  
	</li></ul></div></div>
  
    
  

  

  
    
  
    
  
  <div class="step">
  
  
    <h5 class="execution-time">
      <span class="time">Execution Time : 00:00:00</span>
    </h5>
  
  <div class="step-info not-executed">
  
  <ul>
    <li class="step">
      <div class="step-txt">


  
  

  
  

  

  
  
  
    
      <span>
        Verify current URL contains 
      </span>
    
  
    
      <span class="parameter">"/payment-calculator"</span>
    
  
  </div>

  
    
    
  

    
    
  

  
  
  
  

  
  

  
	</li></ul></div></div>
  
    
  

  

  
  

  
  

  
  

  
	
	</div>

      
        
        
	
  
    <div class="scenario-container failed">
      
  

	
  <div class="scenario-head">
    <h3 class="head borderBottom">Retirement Calculator</h3>
    
    <span class="time">00:00:33</span>

	
  

	</div>
  
  

  
  

  
	

  
  
    
  
    
  
  <div class="step">
  
  
    <h5 class="execution-time">
      <span class="time">Execution Time : 00:00:03</span>
    </h5>
  
  <div class="step-info passed">
  
  <ul>
    <li class="step">
      <div class="step-txt">


  
  

  
  

  

  
  
  
    
      <span>
        Navigate to 
      </span>
    
  
    
      <span class="parameter">"https://www.calculator.net/"</span>
    
  
  </div>

  
    
    
  

    
    
  

  
  
  
  

  
  

  
	</li></ul></div></div>
  
    
  

  

  
    
  
    
  
  <div class="step">
  
  
    <h5 class="execution-time">
      <span class="time">Execution Time : 00:00:25</span>
    </h5>
  
  <div class="step-info failed">
  
  <ul>
    <li class="step">
      <div class="step-txt">


  
  

  
  

  

  
  
  
    
      <span>
        Click element 
      </span>
    
  
    
      <span class="parameter">"clickable_retirement_calculator"</span>
    
  
  </div>

  
    
        
  <div class="error-container failed">
    <div class="exception-container">
      <div class="exception">
        <h4 class="error-message">
          <pre>Message: invalid session id; For documentation on this error, please visit: https://www.selenium.dev/documentation/webdriver/troubleshooting/errors#invalidsessionidexception<br/>Stacktrace:<br/>Symbols not available. Dumping unresolved backtrace:<br/>	0x7ff65521f3d5<br/>	0x7ff65521f430<br/>	0x7ff654fc0ea6<br/>	0x7ff65500bb13<br/>	0x7ff6550457a2<br/>	0x7ff65503fbd6<br/>	0x7ff65503eb41<br/>	0x7ff654f899e5<br/>	0x7ff6554fb470<br/>	0x7ff6554f586d<br/>	0x7ff65551621a<br/>	0x7ff65523b235<br/>	0x7ff655243a5c<br/>	0x7ff654f887aa<br/>	0x7ff6556572c8<br/>	0x7ffae59be8d7<br/>	0x7ffae70cc53c<br/></pre>
        </h4>
        <pre class="stacktrace">Traceback (most recent call last):<br/>  File &#34;D:\Internship\.venv\lib\site-packages\getgauge\executor.py&#34;, line 35, in execute_method<br/>    step.impl(*params)<br/>  File &#34;D:\Internship\gauge\gauge_functional\step_impl\step_impl.py&#34;, line 71, in click_element<br/>    element = wait.until(<br/>  File &#34;D:\Internship\.venv\lib\site-packages\selenium\webdriver\support\wait.py&#34;, line 129, in until<br/>    value = method(self._driver)<br/>  File &#34;D:\Internship\.venv\lib\site-packages\selenium\webdriver\support\expected_conditions.py&#34;, line 624, in _predicate<br/>    target = driver.find_element(*target)  # grab element at locator<br/>  File &#34;D:\Internship\.venv\lib\site-packages\selenium\webdriver\remote\webdriver.py&#34;, line 926, in find_element<br/>    return self.execute(Command.FIND_ELEMENT, {&#34;using&#34;: by, &#34;value&#34;: value})[&#34;value&#34;]<br/>  File &#34;D:\Internship\.venv\lib\site-packages\selenium\webdriver\remote\webdriver.py&#34;, line 458, in execute<br/>    self.error_handler.check_response(response)<br/>  File &#34;D:\Internship\.venv\lib\site-packages\selenium\webdriver\remote\errorhandler.py&#34;, line 232, in check_response<br/>    raise exception_class(message, screen, stacktrace)<br/>selenium.common.exceptions.InvalidSessionIdException: Message: invalid session id; For documentation on this error, please visit: https://www.selenium.dev/documentation/webdriver/troubleshooting/errors#invalidsessionidexception<br/>Stacktrace:<br/>Symbols not available. Dumping unresolved backtrace:<br/>	0x7ff65521f3d5<br/>	0x7ff65521f430<br/>	0x7ff654fc0ea6<br/>	0x7ff65500bb13<br/>	0x7ff6550457a2<br/>	0x7ff65503fbd6<br/>	0x7ff65503eb41<br/>	0x7ff654f899e5<br/>	0x7ff6554fb470<br/>	0x7ff6554f586d<br/>	0x7ff65551621a<br/>	0x7ff65523b235<br/>	0x7ff655243a5c<br/>	0x7ff654f887aa<br/>	0x7ff6556572c8<br/>	0x7ffae59be8d7<br/>	0x7ffae70cc53c<br/><br/></pre>
      </div>
      
         <div class="screenshot-container">
          <div class="screenshot">
            <a href="../images/screenshot-67260609521563703672142943786014700096.png" rel="lightbox">
              <img src="../images/screenshot-67260609521563703672142943786014700096.png" class="screenshot-thumbnail" />
            </a>
          </div>
        </div>
      
    </div>
  </div>

    
    
  

    
    
  

  
  
  
  

  
  

  
	</li></ul></div></div>
  
    
  

  

  
    
  
    
  
  <div class="step">
  
  
    <h5 class="execution-time">
      <span class="time">Execution Time : 00:00:00</span>
    </h5>
  
  <div class="step-info not-executed">
  
  <ul>
    <li class="step">
      <div class="step-txt">


  
  

  
  

  

  
  
  
    
      <span>
        Verify current URL contains 
      </span>
    
  
    
      <span class="parameter">"/retirement-calculator"</span>
    
  
  </div>

  
    
    
  

    
    
  

  
  
  
  

  
  

  
	</li></ul></div></div>
  
    
  

  

  
  

  
  

  
  

  
	
	</div>

      
        
        
	
  
    <div class="scenario-container failed">
      
  

	
  <div class="scenario-head">
    <h3 class="head borderBottom">Amortization Calculator</h3>
    
    <span class="time">00:00:05</span>

	
  

	</div>
  
  

  
  

  
	

  
  
    
  
    
  
  <div class="step">
  
  
    <h5 class="execution-time">
      <span class="time">Execution Time : 00:00:01</span>
    </h5>
  
  <div class="step-info passed">
  
  <ul>
    <li class="step">
      <div class="step-txt">


  
  

  
  

  

  
  
  
    
      <span>
        Navigate to 
      </span>
    
  
    
      <span class="parameter">"https://www.calculator.net/"</span>
    
  
  </div>

  
    
    
  

    
    
  

  
  
  
  

  
  

  
	</li></ul></div></div>
  
    
  

  

  
    
  
    
  
  <div class="step">
  
  
    <h5 class="execution-time">
      <span class="time">Execution Time : 00:00:00</span>
    </h5>
  
  <div class="step-info failed">
  
  <ul>
    <li class="step">
      <div class="step-txt">


  
  

  
  

  

  
  
  
    
      <span>
        Click element 
      </span>
    
  
    
      <span class="parameter">"clickable_amortization_calculator"</span>
    
  
  </div>

  
    
        
  <div class="error-container failed">
    <div class="exception-container">
      <div class="exception">
        <h4 class="error-message">
          <pre>Message: no such window: target window already closed<br/>from unknown error: web view not found<br/>  (Session info: chrome=144.0.7559.110)<br/>Stacktrace:<br/>Symbols not available. Dumping unresolved backtrace:<br/>	0x7ff65521f3d5<br/>	0x7ff65521f430<br/>	0x7ff654fc10bd<br/>	0x7ff654f97c22<br/>	0x7ff65504d2a6<br/>	0x7ff655069652<br/>	0x7ff65500cb0c<br/>	0x7ff65500da53<br/>	0x7ff6554fb470<br/>	0x7ff6554f586d<br/>	0x7ff65551621a<br/>	0x7ff65523b235<br/>	0x7ff655243a5c<br/>	0x7ff655228844<br/>	0x7ff6552289f6<br/>	0x7ff65520eb87<br/>	0x7ffae59be8d7<br/>	0x7ffae70cc53c<br/></pre>
        </h4>
        <pre class="stacktrace">Traceback (most recent call last):<br/>  File &#34;D:\Internship\.venv\lib\site-packages\getgauge\executor.py&#34;, line 35, in execute_method<br/>    step.impl(*params)<br/>  File &#34;D:\Internship\gauge\gauge_functional\step_impl\step_impl.py&#34;, line 71, in click_element<br/>    element = wait.until(<br/>  File &#34;D:\Internship\.venv\lib\site-packages\selenium\webdriver\support\wait.py&#34;, line 129, in until<br/>    value = method(self._driver)<br/>  File &#34;D:\Internship\.venv\lib\site-packages\selenium\webdriver\support\expected_conditions.py&#34;, line 624, in _predicate<br/>    target = driver.find_element(*target)  # grab element at locator<br/>  File &#34;D:\Internship\.venv\lib\site-packages\selenium\webdriver\remote\webdriver.py&#34;, line 926, in find_element<br/>    return self.execute(Command.FIND_ELEMENT, {&#34;using&#34;: by, &#34;value&#34;: value})[&#34;value&#34;]<br/>  File &#34;D:\Internship\.venv\lib\site-packages\selenium\webdriver\remote\webdriver.py&#34;, line 458, in execute<br/>    self.error_handler.check_response(response)<br/>  File &#34;D:\Internship\.venv\lib\site-packages\selenium\webdriver\remote\errorhandler.py&#34;, line 232, in check_response<br/>    raise exception_class(message, screen, stacktrace)<br/>selenium.common.exceptions.NoSuchWindowException: Message: no such window: target window already closed<br/>from unknown error: web view not found<br/>  (Session info: chrome=144.0.7559.110)<br/>Stacktrace:<br/>Symbols not available. Dumping unresolved backtrace:<br/>	0x7ff65521f3d5<br/>	0x7ff65521f430<br/>	0x7ff654fc10bd<br/>	0x7ff654f97c22<br/>	0x7ff65504d2a6<br/>	0x7ff655069652<br/>	0x7ff65500cb0c<br/>	0x7ff65500da53<br/>	0x7ff6554fb470<br/>	0x7ff6554f586d<br/>	0x7ff65551621a<br/>	0x7ff65523b235<br/>	0x7ff655243a5c<br/>	0x7ff655228844<br/>	0x7ff6552289f6<br/>	0x7ff65520eb87<br/>	0x7ffae59be8d7<br/>	0x7ffae70cc53c<br/><br/></pre>
      </div>
      
         <div class="screenshot-container">
          <div class="screenshot">
            <a href="../images/screenshot-71564325379492837563612765495754846784.png" rel="lightbox">
              <img src="../images/screenshot-71564325379492837563612765495754846784.png" class="screenshot-thumbnail" />
            </a>
          </div>
        </div>
      
    </div>
  </div>

    
    
  

    
    
  

  
  
  
  

  
  

  
	</li></ul></div></div>
  
    
  

  

  
    
  
    
  
  <div class="step">
  
  
    <h5 class="execution-time">
      <span class="time">Execution Time : 00:00:00</span>
    </h5>
  
  <div class="step-info not-executed">
  
  <ul>
    <li class="step">
      <div class="step-txt">


  
  

  
  

  

  
  
  
    
      <span>
        Verify current URL contains 
      </span>
    
  
    
      <span class="parameter">"/amortization-calculator"</span>
    
  
  </div>

  
    
    
  

    
    
  

  
  
  
  

  
  

  
	</li></ul></div></div>
  
    
  

  

  
  

  
  

  
  

  
	
	</div>

      
        
        
	
  
    <div class="scenario-container failed">
      
  

	
  <div class="scenario-head">
    <h3 class="head borderBottom">Investment Calculator</h3>
    
    <span class="time">00:00:05</span>

	
  

	</div>
  
  

  
  

  
	

  
  
    
  
    
  
  <div class="step">
  
  
    <h5 class="execution-time">
      <span class="time">Execution Time : 00:00:01</span>
    </h5>
  
  <div class="step-info passed">
  
  <ul>
    <li class="step">
      <div class="step-txt">


  
  

  
  

  

  
  
  
    
      <span>
        Navigate to 
      </span>
    
  
    
      <span class="parameter">"https://www.calculator.net/"</span>
    
  
  </div>

  
    
    
  

    
    
  

  
  
  
  

  
  

  
	</li></ul></div></div>
  
    
  

  

  
    
  
    
  
  <div class="step">
  
  
    <h5 class="execution-time">
      <span class="time">Execution Time : 00:00:00</span>
    </h5>
  
  <div class="step-info failed">
  
  <ul>
    <li class="step">
      <div class="step-txt">


  
  

  
  

  

  
  
  
    
      <span>
        Click element 
      </span>
    
  
    
      <span class="parameter">"clickable_investment_calculator"</span>
    
  
  </div>

  
    
        
  <div class="error-container failed">
    <div class="exception-container">
      <div class="exception">
        <h4 class="error-message">
          <pre>Message: no such window: target window already closed<br/>from unknown error: web view not found<br/>  (Session info: chrome=144.0.7559.110)<br/>Stacktrace:<br/>Symbols not available. Dumping unresolved backtrace:<br/>	0x7ff65521f3d5<br/>	0x7ff65521f430<br/>	0x7ff654fc10bd<br/>	0x7ff654f97c22<br/>	0x7ff65504d2a6<br/>	0x7ff655069652<br/>	0x7ff65500cb0c<br/>	0x7ff65500da53<br/>	0x7ff6554fb470<br/>	0x7ff6554f586d<br/>	0x7ff65551621a<br/>	0x7ff65523b235<br/>	0x7ff655243a5c<br/>	0x7ff655228844<br/>	0x7ff6552289f6<br/>	0x7ff65520eb87<br/>	0x7ffae59be8d7<br/>	0x7ffae70cc53c<br/></pre>
        </h4>
        <pre class="stacktrace">Traceback (most recent call last):<br/>  File &#34;D:\Internship\.venv\lib\site-packages\getgauge\executor.py&#34;, line 35, in execute_method<br/>    step.impl(*params)<br/>  File &#34;D:\Internship\gauge\gauge_functional\step_impl\step_impl.py&#34;, line 71, in click_element<br/>    element = wait.until(<br/>  File &#34;D:\Internship\.venv\lib\site-packages\selenium\webdriver\support\wait.py&#34;, line 129, in until<br/>    value = method(self._driver)<br/>  File &#34;D:\Internship\.venv\lib\site-packages\selenium\webdriver\support\expected_conditions.py&#34;, line 624, in _predicate<br/>    target = driver.find_element(*target)  # grab element at locator<br/>  File &#34;D:\Internship\.venv\lib\site-packages\selenium\webdriver\remote\webdriver.py&#34;, line 926, in find_element<br/>    return self.execute(Command.FIND_ELEMENT, {&#34;using&#34;: by, &#34;value&#34;: value})[&#34;value&#34;]<br/>  File &#34;D:\Internship\.venv\lib\site-packages\selenium\webdriver\remote\webdriver.py&#34;, line 458, in execute<br/>    self.error_handler.check_response(response)<br/>  File &#34;D:\Internship\.venv\lib\site-packages\selenium\webdriver\remote\errorhandler.py&#34;, line 232, in check_response<br/>    raise exception_class(message, screen, stacktrace)<br/>selenium.common.exceptions.NoSuchWindowException: Message: no such window: target window already closed<br/>from unknown error: web view not found<br/>  (Session info: chrome=144.0.7559.110)<br/>Stacktrace:<br/>Symbols not available. Dumping unresolved backtrace:<br/>	0x7ff65521f3d5<br/>	0x7ff65521f430<br/>	0x7ff654fc10bd<br/>	0x7ff654f97c22<br/>	0x7ff65504d2a6<br/>	0x7ff655069652<br/>	0x7ff65500cb0c<br/>	0x7ff65500da53<br/>	0x7ff6554fb470<br/>	0x7ff6554f586d<br/>	0x7ff65551621a<br/>	0x7ff65523b235<br/>	0x7ff655243a5c<br/>	0x7ff655228844<br/>	0x7ff6552289f6<br/>	0x7ff65520eb87<br/>	0x7ffae59be8d7<br/>	0x7ffae70cc53c<br/><br/></pre>
      </div>
      
         <div class="screenshot-container">
          <div class="screenshot">
            <a href="../images/screenshot-76283509760238647930075808799171637824.png" rel="lightbox">
              <img src="../images/screenshot-76283509760238647930075808799171637824.png" class="screenshot-thumbnail" />
            </a>
          </div>
        </div>
      
    </div>
  </div>

    
    
  

    
    
  

  
  
  
  

  
  

  
	</li></ul></div></div>
  
    
  

  

  
    
  
    
  
  <div class="step">
  
  
    <h5 class="execution-time">
      <span class="time">Execution Time : 00:00:00</span>
    </h5>
  
  <div class="step-info not-executed">
  
  <ul>
    <li class="step">
      <div class="step-txt">


  
  

  
  

  

  
  
  
    
      <span>
        Verify current URL contains 
      </span>
    
  
    
      <span class="parameter">"/investment-calculator"</span>
    
  
  </div>

  
    
    
  

    
    
  

  
  
  
  

  
  

  
	</li></ul></div></div>
  
    
  

  

  
  

  
  

  
  

  
	
	</div>

      
        
        
	
  
    <div class="scenario-container failed">
      
  

	
  <div class="scenario-head">
    <h3 class="head borderBottom">Inflation Calculator</h3>
    
    <span class="time">00:00:06</span>

	
  

	</div>
  
  

  
  

  
	

  
  
    
  
    
  
  <div class="step">
  
  
    <h5 class="execution-time">
      <span class="time">Execution Time : 00:00:01</span>
    </h5>
  
  <div class="step-info passed">
  
  <ul>
    <li class="step">
      <div class="step-txt">


  
  

  
  

  

  
  
  
    
      <span>
        Navigate to 
      </span>
    
  
    
      <span class="parameter">"https://www.calculator.net/"</span>
    
  
  </div>

  
    
    
  

    
    
  

  
  
  
  

  
  

  
	</li></ul></div></div>
  
    
  

  

  
    
  
    
  
  <div class="step">
  
  
    <h5 class="execution-time">
      <span class="time">Execution Time : 00:00:01</span>
    </h5>
  
  <div class="step-info failed">
  
  <ul>
    <li class="step">
      <div class="step-txt">


  
  

  
  

  

  
  
  
    
      <span>
        Click element 
      </span>
    
  
    
      <span class="parameter">"clickable_inflation_calculator"</span>
    
  
  </div>

  
    
        
  <div class="error-container failed">
    <div class="exception-container">
      <div class="exception">
        <h4 class="error-message">
          <pre>Message: invalid session id; For documentation on this error, please visit: https://www.selenium.dev/documentation/webdriver/troubleshooting/errors#invalidsessionidexception<br/>Stacktrace:<br/>Symbols not available. Dumping unresolved backtrace:<br/>	0x7ff65521f3d5<br/>	0x7ff65521f430<br/>	0x7ff654fc0ea6<br/>	0x7ff65500bb13<br/>	0x7ff6550457a2<br/>	0x7ff65503fbd6<br/>	0x7ff65503eb41<br/>	0x7ff654f899e5<br/>	0x7ff6554fb470<br/>	0x7ff6554f586d<br/>	0x7ff65551621a<br/>	0x7ff65523b235<br/>	0x7ff655243a5c<br/>	0x7ff654f887aa<br/>	0x7ff6556572c8<br/>	0x7ffae59be8d7<br/>	0x7ffae70cc53c<br/></pre>
        </h4>
        <pre class="stacktrace">Traceback (most recent call last):<br/>  File &#34;D:\Internship\.venv\lib\site-packages\getgauge\executor.py&#34;, line 35, in execute_method<br/>    step.impl(*params)<br/>  File &#34;D:\Internship\gauge\gauge_functional\step_impl\step_impl.py&#34;, line 71, in click_element<br/>    element = wait.until(<br/>  File &#34;D:\Internship\.venv\lib\site-packages\selenium\webdriver\support\wait.py&#34;, line 129, in until<br/>    value = method(self._driver)<br/>  File &#34;D:\Internship\.venv\lib\site-packages\selenium\webdriver\support\expected_conditions.py&#34;, line 624, in _predicate<br/>    target = driver.find_element(*target)  # grab element at locator<br/>  File &#34;D:\Internship\.venv\lib\site-packages\selenium\webdriver\remote\webdriver.py&#34;, line 926, in find_element<br/>    return self.execute(Command.FIND_ELEMENT, {&#34;using&#34;: by, &#34;value&#34;: value})[&#34;value&#34;]<br/>  File &#34;D:\Internship\.venv\lib\site-packages\selenium\webdriver\remote\webdriver.py&#34;, line 458, in execute<br/>    self.error_handler.check_response(response)<br/>  File &#34;D:\Internship\.venv\lib\site-packages\selenium\webdriver\remote\errorhandler.py&#34;, line 232, in check_response<br/>    raise exception_class(message, screen, stacktrace)<br/>selenium.common.exceptions.InvalidSessionIdException: Message: invalid session id; For documentation on this error, please visit: https://www.selenium.dev/documentation/webdriver/troubleshooting/errors#invalidsessionidexception<br/>Stacktrace:<br/>Symbols not available. Dumping unresolved backtrace:<br/>	0x7ff65521f3d5<br/>	0x7ff65521f430<br/>	0x7ff654fc0ea6<br/>	0x7ff65500bb13<br/>	0x7ff6550457a2<br/>	0x7ff65503fbd6<br/>	0x7ff65503eb41<br/>	0x7ff654f899e5<br/>	0x7ff6554fb470<br/>	0x7ff6554f586d<br/>	0x7ff65551621a<br/>	0x7ff65523b235<br/>	0x7ff655243a5c<br/>	0x7ff654f887aa<br/>	0x7ff6556572c8<br/>	0x7ffae59be8d7<br/>	0x7ffae70cc53c<br/><br/></pre>
      </div>
      
         <div class="screenshot-container">
          <div class="screenshot">
            <a href="../images/screenshot-81836619752136011804755938127875502656.png" rel="lightbox">
              <img src="../images/screenshot-81836619752136011804755938127875502656.png" class="screenshot-thumbnail" />
            </a>
          </div>
        </div>
      
    </div>
  </div>

    
    
  

    
    
  

  
  
  
  

  
  

  
	</li></ul></div></div>
  
    
  

  

  
    
  
    
  
  <div class="step">
  
  
    <h5 class="execution-time">
      <span class="time">Execution Time : 00:00:00</span>
    </h5>
  
  <div class="step-info not-executed">
  
  <ul>
    <li class="step">
      <div class="step-txt">


  
  

  
  

  

  
  
  
    
      <span>
        Verify current URL contains 
      </span>
    
  
    
      <span class="parameter">"/inflation-calculator"</span>
    
  
  </div>

  
    
    
  

    
    
  

  
  
  
  

  
  

  
	</li></ul></div></div>
  
    
  

  

  
  

  
  

  
  

  
	
	</div>

      
        
        
	
  
    <div class="scenario-container failed">
      
  

	
  <div class="scenario-head">
    <h3 class="head borderBottom">Finance Calculator</h3>
    
    <span class="time">00:00:09</span>

	
  

	</div>
  
  

  
  

  
	

  
  
    
  
    
  
  <div class="step">
  
  
    <h5 class="execution-time">
      <span class="time">Execution Time : 00:00:00</span>
    </h5>
  
  <div class="step-info passed">
  
  <ul>
    <li class="step">
      <div class="step-txt">


  
  

  
  

  

  
  
  
    
      <span>
        Navigate to 
      </span>
    
  
    
      <span class="parameter">"https://www.calculator.net/"</span>
    
  
  </div>

  
    
    
  

    
    
  

  
  
  
  

  
  

  
	</li></ul></div></div>
  
    
  

  

  
    
  
    
  
  <div class="step">
  
  
    <h5 class="execution-time">
      <span class="time">Execution Time : 00:00:05</span>
    </h5>
  
  <div class="step-info failed">
  
  <ul>
    <li class="step">
      <div class="step-txt">


  
  

  
  

  

  
  
  
    
      <span>
        Click element 
      </span>
    
  
    
      <span class="parameter">"clickable_finance_calculator"</span>
    
  
  </div>

  
    
        
  <div class="error-container failed">
    <div class="exception-container">
      <div class="exception">
        <h4 class="error-message">
          <pre>Message: invalid session id; For documentation on this error, please visit: https://www.selenium.dev/documentation/webdriver/troubleshooting/errors#invalidsessionidexception<br/>Stacktrace:<br/>Symbols not available. Dumping unresolved backtrace:<br/>	0x7ff65521f3d5<br/>	0x7ff65521f430<br/>	0x7ff654fc0ea6<br/>	0x7ff65500bb13<br/>	0x7ff6550457a2<br/>	0x7ff65503fbd6<br/>	0x7ff65503eb41<br/>	0x7ff654f899e5<br/>	0x7ff6554fb470<br/>	0x7ff6554f586d<br/>	0x7ff65551621a<br/>	0x7ff65523b235<br/>	0x7ff655243a5c<br/>	0x7ff654f887aa<br/>	0x7ff6556572c8<br/>	0x7ffae59be8d7<br/>	0x7ffae70cc53c<br/></pre>
        </h4>
        <pre class="stacktrace">Traceback (most recent call last):<br/>  File &#34;D:\Internship\.venv\lib\site-packages\getgauge\executor.py&#34;, line 35, in execute_method<br/>    step.impl(*params)<br/>  File &#34;D:\Internship\gauge\gauge_functional\step_impl\step_impl.py&#34;, line 71, in click_element<br/>    element = wait.until(<br/>  File &#34;D:\Internship\.venv\lib\site-packages\selenium\webdriver\support\wait.py&#34;, line 129, in until<br/>    value = method(self._driver)<br/>  File &#34;D:\Internship\.venv\lib\site-packages\selenium\webdriver\support\expected_conditions.py&#34;, line 624, in _predicate<br/>    target = driver.find_element(*target)  # grab element at locator<br/>  File &#34;D:\Internship\.venv\lib\site-packages\selenium\webdriver\remote\webdriver.py&#34;, line 926, in find_element<br/>    return self.execute(Command.FIND_ELEMENT, {&#34;using&#34;: by, &#34;value&#34;: value})[&#34;value&#34;]<br/>  File &#34;D:\Internship\.venv\lib\site-packages\selenium\webdriver\remote\webdriver.py&#34;, line 458, in execute<br/>    self.error_handler.check_response(response)<br/>  File &#34;D:\Internship\.venv\lib\site-packages\selenium\webdriver\remote\errorhandler.py&#34;, line 232, in check_response<br/>    raise exception_class(message, screen, stacktrace)<br/>selenium.common.exceptions.InvalidSessionIdException: Message: invalid session id; For documentation on this error, please visit: https://www.selenium.dev/documentation/webdriver/troubleshooting/errors#invalidsessionidexception<br/>Stacktrace:<br/>Symbols not available. Dumping unresolved backtrace:<br/>	0x7ff65521f3d5<br/>	0x7ff65521f430<br/>	0x7ff654fc0ea6<br/>	0x7ff65500bb13<br/>	0x7ff6550457a2<br/>	0x7ff65503fbd6<br/>	0x7ff65503eb41<br/>	0x7ff654f899e5<br/>	0x7ff6554fb470<br/>	0x7ff6554f586d<br/>	0x7ff65551621a<br/>	0x7ff65523b235<br/>	0x7ff655243a5c<br/>	0x7ff654f887aa<br/>	0x7ff6556572c8<br/>	0x7ffae59be8d7<br/>	0x7ffae70cc53c<br/><br/></pre>
      </div>
      
         <div class="screenshot-container">
          <div class="screenshot">
            <a href="../images/screenshot-89761266649485500157199124630069146176.png" rel="lightbox">
              <img src="../images/screenshot-89761266649485500157199124630069146176.png" class="screenshot-thumbnail" />
            </a>
          </div>
        </div>
      
    </div>
  </div>

    
    
  

    
    
  

  
  
  
  

  
  

  
	</li></ul></div></div>
  
    
  

  

  
    
  
    
  
  <div class="step">
  
  
    <h5 class="execution-time">
      <span class="time">Execution Time : 00:00:00</span>
    </h5>
  
  <div class="step-info not-executed">
  
  <ul>
    <li class="step">
      <div class="step-txt">


  
  

  
  

  

  
  
  
    
      <span>
        Verify current URL contains 
      </span>
    
  
    
      <span class="parameter">"/finance-calculator"</span>
    
  
  </div>

  
    
    
  

    
    
  

  
  
  
  

  
  

  
	</li></ul></div></div>
  
    
  

  

  
  

  
  

  
  

  
	
	</div>

      
        
        
	
  
    <div class="scenario-container failed">
      
  

	
  <div class="scenario-head">
    <h3 class="head borderBottom">Income Tax Calculator</h3>
    
    <span class="time">00:00:06</span>

	
  

	</div>
  
  

  
  

  
	

  
  
    
  
    
  
  <div class="step">
  
  
    <h5 class="execution-time">
      <span class="time">Execution Time : 00:00:01</span>
    </h5>
  
  <div class="step-info passed">
  
  <ul>
    <li class="step">
      <div class="step-txt">


  
  

  
  

  

  
  
  
    
      <span>
        Navigate to 
      </span>
    
  
    
      <span class="parameter">"https://www.calculator.net/"</span>
    
  
  </div>

  
    
    
  

    
    
  

  
  
  
  

  
  

  
	</li></ul></div></div>
  
    
  

  

  
    
  
    
  
  <div class="step">
  
  
    <h5 class="execution-time">
      <span class="time">Execution Time : 00:00:02</span>
    </h5>
  
  <div class="step-info failed">
  
  <ul>
    <li class="step">
      <div class="step-txt">


  
  

  
  

  

  
  
  
    
      <span>
        Click element 
      </span>
    
  
    
      <span class="parameter">"clickable_income_tax_calculator"</span>
    
  
  </div>

  
    
        
  <div class="error-container failed">
    <div class="exception-container">
      <div class="exception">
        <h4 class="error-message">
          <pre>Message: invalid session id; For documentation on this error, please visit: https://www.selenium.dev/documentation/webdriver/troubleshooting/errors#invalidsessionidexception<br/>Stacktrace:<br/>Symbols not available. Dumping unresolved backtrace:<br/>	0x7ff65521f3d5<br/>	0x7ff65521f430<br/>	0x7ff654fc0ea6<br/>	0x7ff65500bb13<br/>	0x7ff6550457a2<br/>	0x7ff65503fbd6<br/>	0x7ff65503eb41<br/>	0x7ff654f899e5<br/>	0x7ff6554fb470<br/>	0x7ff6554f586d<br/>	0x7ff65551621a<br/>	0x7ff65523b235<br/>	0x7ff655243a5c<br/>	0x7ff654f887aa<br/>	0x7ff6556572c8<br/>	0x7ffae59be8d7<br/>	0x7ffae70cc53c<br/></pre>
        </h4>
        <pre class="stacktrace">Traceback (most recent call last):<br/>  File &#34;D:\Internship\.venv\lib\site-packages\getgauge\executor.py&#34;, line 35, in execute_method<br/>    step.impl(*params)<br/>  File &#34;D:\Internship\gauge\gauge_functional\step_impl\step_impl.py&#34;, line 71, in click_element<br/>    element = wait.until(<br/>  File &#34;D:\Internship\.venv\lib\site-packages\selenium\webdriver\support\wait.py&#34;, line 129, in until<br/>    value = method(self._driver)<br/>  File &#34;D:\Internship\.venv\lib\site-packages\selenium\webdriver\support\expected_conditions.py&#34;, line 624, in _predicate<br/>    target = driver.find_element(*target)  # grab element at locator<br/>  File &#34;D:\Internship\.venv\lib\site-packages\selenium\webdriver\remote\webdriver.py&#34;, line 926, in find_element<br/>    return self.execute(Command.FIND_ELEMENT, {&#34;using&#34;: by, &#34;value&#34;: value})[&#34;value&#34;]<br/>  File &#34;D:\Internship\.venv\lib\site-packages\selenium\webdriver\remote\webdriver.py&#34;, line 458, in execute<br/>    self.error_handler.check_response(response)<br/>  File &#34;D:\Internship\.venv\lib\site-packages\selenium\webdriver\remote\errorhandler.py&#34;, line 232, in check_response<br/>    raise exception_class(message, screen, stacktrace)<br/>selenium.common.exceptions.InvalidSessionIdException: Message: invalid session id; For documentation on this error, please visit: https://www.selenium.dev/documentation/webdriver/troubleshooting/errors#invalidsessionidexception<br/>Stacktrace:<br/>Symbols not available. Dumping unresolved backtrace:<br/>	0x7ff65521f3d5<br/>	0x7ff65521f430<br/>	0x7ff654fc0ea6<br/>	0x7ff65500bb13<br/>	0x7ff6550457a2<br/>	0x7ff65503fbd6<br/>	0x7ff65503eb41<br/>	0x7ff654f899e5<br/>	0x7ff6554fb470<br/>	0x7ff6554f586d<br/>	0x7ff65551621a<br/>	0x7ff65523b235<br/>	0x7ff655243a5c<br/>	0x7ff654f887aa<br/>	0x7ff6556572c8<br/>	0x7ffae59be8d7<br/>	0x7ffae70cc53c<br/><br/></pre>
      </div>
      
         <div class="screenshot-container">
          <div class="screenshot">
            <a href="../images/screenshot-95117210703800466032727852044666368576.png" rel="lightbox">
              <img src="../images/screenshot-95117210703800466032727852044666368576.png" class="screenshot-thumbnail" />
            </a>
          </div>
        </div>
      
    </div>
  </div>

    
    
  

    
    
  

  
  
  
  

  
  

  
	</li></ul></div></div>
  
    
  

  

  
    
  
    
  
  <div class="step">
  
  
    <h5 class="execution-time">
      <span class="time">Execution Time : 00:00:00</span>
    </h5>
  
  <div class="step-info not-executed">
  
  <ul>
    <li class="step">
      <div class="step-txt">


  
  

  
  

  

  
  
  
    
      <span>
        Verify current URL contains 
      </span>
    
  
    
      <span class="parameter">"/income-tax-calculator"</span>
    
  
  </div>

  
    
    
  

    
    
  

  
  
  
  

  
  

  
	</li></ul></div></div>
  
    
  

  

  
  

  
  

  
  

  
	
	</div>

      
        
        
	
  
    <div class="scenario-container failed">
      
  

	
  <div class="scenario-head">
    <h3 class="head borderBottom">Compound Interest Calculator</h3>
    
    <span class="time">00:00:04</span>

	
  

	</div>
  
  

  
  

  
	

  
  
    
  
    
  
  <div class="step">
  
  
    <h5 class="execution-time">
      <span class="time">Execution Time : 00:00:00</span>
    </h5>
  
  <div class="step-info passed">
  
  <ul>
    <li class="step">
      <div class="step-txt">


  
  

  
  

  

  
  
  
    
      <span>
        Navigate to 
      </span>
    
  
    
      <span class="parameter">"https://www.calculator.net/"</span>
    
  
  </div>

  
    
    
  

    
    
  

  
  
  
  

  
  

  
	</li></ul></div></div>
  
    
  

  

  
    
  
    
  
  <div class="step">
  
  
    <h5 class="execution-time">
      <span class="time">Execution Time : 00:00:00</span>
    </h5>
  
  <div class="step-info failed">
  
  <ul>
    <li class="step">
      <div class="step-txt">


  
  

  
  

  

  
  
  
    
      <span>
        Click element 
      </span>
    
  
    
      <span class="parameter">"clickable_compound_interest_calculator"</span>
    
  
  </div>

  
    
        
  <div class="error-container failed">
    <div class="exception-container">
      <div class="exception">
        <h4 class="error-message">
          <pre>Message: no such window: target window already closed<br/>from unknown error: web view not found<br/>  (Session info: chrome=144.0.7559.110)<br/>Stacktrace:<br/>Symbols not available. Dumping unresolved backtrace:<br/>	0x7ff65521f3d5<br/>	0x7ff65521f430<br/>	0x7ff654fc10bd<br/>	0x7ff654f97c22<br/>	0x7ff65504d2a6<br/>	0x7ff655069652<br/>	0x7ff65500cb0c<br/>	0x7ff65500da53<br/>	0x7ff6554fb470<br/>	0x7ff6554f586d<br/>	0x7ff65551621a<br/>	0x7ff65523b235<br/>	0x7ff655243a5c<br/>	0x7ff655228844<br/>	0x7ff6552289f6<br/>	0x7ff65520eb87<br/>	0x7ffae59be8d7<br/>	0x7ffae70cc53c<br/></pre>
        </h4>
        <pre class="stacktrace">Traceback (most recent call last):<br/>  File &#34;D:\Internship\.venv\lib\site-packages\getgauge\executor.py&#34;, line 35, in execute_method<br/>    step.impl(*params)<br/>  File &#34;D:\Internship\gauge\gauge_functional\step_impl\step_impl.py&#34;, line 71, in click_element<br/>    element = wait.until(<br/>  File &#34;D:\Internship\.venv\lib\site-packages\selenium\webdriver\support\wait.py&#34;, line 129, in until<br/>    value = method(self._driver)<br/>  File &#34;D:\Internship\.venv\lib\site-packages\selenium\webdriver\support\expected_conditions.py&#34;, line 624, in _predicate<br/>    target = driver.find_element(*target)  # grab element at locator<br/>  File &#34;D:\Internship\.venv\lib\site-packages\selenium\webdriver\remote\webdriver.py&#34;, line 926, in find_element<br/>    return self.execute(Command.FIND_ELEMENT, {&#34;using&#34;: by, &#34;value&#34;: value})[&#34;value&#34;]<br/>  File &#34;D:\Internship\.venv\lib\site-packages\selenium\webdriver\remote\webdriver.py&#34;, line 458, in execute<br/>    self.error_handler.check_response(response)<br/>  File &#34;D:\Internship\.venv\lib\site-packages\selenium\webdriver\remote\errorhandler.py&#34;, line 232, in check_response<br/>    raise exception_class(message, screen, stacktrace)<br/>selenium.common.exceptions.NoSuchWindowException: Message: no such window: target window already closed<br/>from unknown error: web view not found<br/>  (Session info: chrome=144.0.7559.110)<br/>Stacktrace:<br/>Symbols not available. Dumping unresolved backtrace:<br/>	0x7ff65521f3d5<br/>	0x7ff65521f430<br/>	0x7ff654fc10bd<br/>	0x7ff654f97c22<br/>	0x7ff65504d2a6<br/>	0x7ff655069652<br/>	0x7ff65500cb0c<br/>	0x7ff65500da53<br/>	0x7ff6554fb470<br/>	0x7ff6554f586d<br/>	0x7ff65551621a<br/>	0x7ff65523b235<br/>	0x7ff655243a5c<br/>	0x7ff655228844<br/>	0x7ff6552289f6<br/>	0x7ff65520eb87<br/>	0x7ffae59be8d7<br/>	0x7ffae70cc53c<br/><br/></pre>
      </div>
      
         <div class="screenshot-container">
          <div class="screenshot">
            <a href="../images/screenshot-98948358619101543197195490989548073536.png" rel="lightbox">
              <img src="../images/screenshot-98948358619101543197195490989548073536.png" class="screenshot-thumbnail" />
            </a>
          </div>
        </div>
      
    </div>
  </div>

    
    
  

    
    
  

  
  
  
  

  
  

  
	</li></ul></div></div>
  
    
  

  

  
    
  
    
  
  <div class="step">
  
  
    <h5 class="execution-time">
      <span class="time">Execution Time : 00:00:00</span>
    </h5>
  
  <div class="step-info not-executed">
  
  <ul>
    <li class="step">
      <div class="step-txt">


  
  

  
  

  

  
  
  
    
      <span>
        Verify current URL contains 
      </span>
    
  
    
      <span class="parameter">"/compound-interest-calculator"</span>
    
  
  </div>

  
    
    
  

    
    
  

  
  
  
  

  
  

  
	</li></ul></div></div>
  
    
  

  

  
  

  
  

  
  

  
	
	</div>

      
        
        
	
  
    <div class="scenario-container failed">
      
  

	
  <div class="scenario-head">
    <h3 class="head borderBottom">Salary Calculator</h3>
    
    <span class="time">00:00:04</span>

	
  

	</div>
  
  

  
  

  
	

  
  
    
  
    
  
  <div class="step">
  
  
    <h5 class="execution-time">
      <span class="time">Execution Time : 00:00:00</span>
    </h5>
  
  <div class="step-info passed">
  
  <ul>
    <li class="step">
      <div class="step-txt">


  
  

  
  

  

  
  
  
    
      <span>
        Navigate to 
      </span>
    
  
    
      <span class="parameter">"https://www.calculator.net/"</span>
    
  
  </div>

  
    
    
  

    
    
  

  
  
  
  

  
  

  
	</li></ul></div></div>
  
    
  

  

  
    
  
    
  
  <div class="step">
  
  
    <h5 class="execution-time">
      <span class="time">Execution Time : 00:00:00</span>
    </h5>
  
  <div class="step-info failed">
  
  <ul>
    <li class="step">
      <div class="step-txt">


  
  

  
  

  

  
  
  
    
      <span>
        Click element 
      </span>
    
  
    
      <span class="parameter">"clickable_salary_calculator"</span>
    
  
  </div>

  
    
        
  <div class="error-container failed">
    <div class="exception-container">
      <div class="exception">
        <h4 class="error-message">
          <pre>Message: no such window: target window already closed<br/>from unknown error: web view not found<br/>  (Session info: chrome=144.0.7559.110)<br/>Stacktrace:<br/>Symbols not available. Dumping unresolved backtrace:<br/>	0x7ff65521f3d5<br/>	0x7ff65521f430<br/>	0x7ff654fc10bd<br/>	0x7ff654f97c22<br/>	0x7ff65504d2a6<br/>	0x7ff655069652<br/>	0x7ff65500cb0c<br/>	0x7ff65500da53<br/>	0x7ff6554fb470<br/>	0x7ff6554f586d<br/>	0x7ff65551621a<br/>	0x7ff65523b235<br/>	0x7ff655243a5c<br/>	0x7ff655228844<br/>	0x7ff6552289f6<br/>	0x7ff65520eb87<br/>	0x7ffae59be8d7<br/>	0x7ffae70cc53c<br/></pre>
        </h4>
        <pre class="stacktrace">Traceback (most recent call last):<br/>  File &#34;D:\Internship\.venv\lib\site-packages\getgauge\executor.py&#34;, line 35, in execute_method<br/>    step.impl(*params)<br/>  File &#34;D:\Internship\gauge\gauge_functional\step_impl\step_impl.py&#34;, line 71, in click_element<br/>    element = wait.until(<br/>  File &#34;D:\Internship\.venv\lib\site-packages\selenium\webdriver\support\wait.py&#34;, line 129, in until<br/>    value = method(self._driver)<br/>  File &#34;D:\Internship\.venv\lib\site-packages\selenium\webdriver\support\expected_conditions.py&#34;, line 624, in _predicate<br/>    target = driver.find_element(*target)  # grab element at locator<br/>  File &#34;D:\Internship\.venv\lib\site-packages\selenium\webdriver\remote\webdriver.py&#34;, line 926, in find_element<br/>    return self.execute(Command.FIND_ELEMENT, {&#34;using&#34;: by, &#34;value&#34;: value})[&#34;value&#34;]<br/>  File &#34;D:\Internship\.venv\lib\site-packages\selenium\webdriver\remote\webdriver.py&#34;, line 458, in execute<br/>    self.error_handler.check_response(response)<br/>  File &#34;D:\Internship\.venv\lib\site-packages\selenium\webdriver\remote\errorhandler.py&#34;, line 232, in check_response<br/>    raise exception_class(message, screen, stacktrace)<br/>selenium.common.exceptions.NoSuchWindowException: Message: no such window: target window already closed<br/>from unknown error: web view not found<br/>  (Session info: chrome=144.0.7559.110)<br/>Stacktrace:<br/>Symbols not available. Dumping unresolved backtrace:<br/>	0x7ff65521f3d5<br/>	0x7ff65521f430<br/>	0x7ff654fc10bd<br/>	0x7ff654f97c22<br/>	0x7ff65504d2a6<br/>	0x7ff655069652<br/>	0x7ff65500cb0c<br/>	0x7ff65500da53<br/>	0x7ff6554fb470<br/>	0x7ff6554f586d<br/>	0x7ff65551621a<br/>	0x7ff65523b235<br/>	0x7ff655243a5c<br/>	0x7ff655228844<br/>	0x7ff6552289f6<br/>	0x7ff65520eb87<br/>	0x7ffae59be8d7<br/>	0x7ffae70cc53c<br/><br/></pre>
      </div>
      
         <div class="screenshot-container">
          <div class="screenshot">
            <a href="../images/screenshot-102700903878231406147094746510531850816.png" rel="lightbox">
              <img src="../images/screenshot-102700903878231406147094746510531850816.png" class="screenshot-thumbnail" />
            </a>
          </div>
        </div>
      
    </div>
  </div>

    
    
  

    
    
  

  
  
  
  

  
  

  
	</li></ul></div></div>
  
    
  

  

  
    
  
    
  
  <div class="step">
  
  
    <h5 class="execution-time">
      <span class="time">Execution Time : 00:00:00</span>
    </h5>
  
  <div class="step-info not-executed">
  
  <ul>
    <li class="step">
      <div class="step-txt">


  
  

  
  

  

  
  
  
    
      <span>
        Verify current URL contains 
      </span>
    
  
    
      <span class="parameter">"/salary-calculator"</span>
    
  
  </div>

  
    
    
  

    
    
  

  
  
  
  

  
  

  
	</li></ul></div></div>
  
    
  

  

  
  

  
  

  
  

  
	
	</div>

      
        
        
	
  
    <div class="scenario-container passed">
      
  

	
  <div class="scenario-head">
    <h3 class="head borderBottom">Sign In</h3>
    
    <span class="time">00:01:18</span>

	
  

	</div>
  
  

  
  

  
	

  
  
    
  
    
  
  <div class="step">
  
  
    <h5 class="execution-time">
      <span class="time">Execution Time : 00:00:03</span>
    </h5>
  
  <div class="step-info passed">
  
  <ul>
    <li class="step">
      <div class="step-txt">


  
  

  
  

  

  
  
  
    
      <span>
        Navigate to 
      </span>
    
  
    
      <span class="parameter">"https://www.calculator.net/"</span>
    
  
  </div>

  
    
    
  

    
    
  

  
  
  
  

  
  

  
	</li></ul></div></div>
  
    
  

  

  
    
  
    
  
  <div class="step">
  
  
    <h5 class="execution-time">
      <span class="time">Execution Time : 00:00:34</span>
    </h5>
  
  <div class="step-info passed">
  
  <ul>
    <li class="step">
      <div class="step-txt">


  
  

  
  

  

  
  
  
    
      <span>
        Click element 
      </span>
    
  
    
      <span class="parameter">"clickable_sign_in"</span>
    
  
  </div>

  
    
    
  

    
    
  

  
  
  
  

  
  

  
	</li></ul></div></div>
  
    
  

  

  
    
  
    
  
  <div class="step">
  
  
    <h5 class="execution-time">
      <span class="time">Execution Time : 00:00:00</span>
    </h5>
  
  <div class="step-info passed">
  
  <ul>
    <li class="step">
      <div class="step-txt">


  
  

  
  

  

  
  
  
    
      <span>
        Verify current URL contains 
      </span>
    
  
    
      <span class="parameter">"/sign-in"</span>
    
  
  </div>

  
    
    
  

    
    
  

  
  
  
  

  
  

  
	</li></ul></div></div>
  
    
  

  

  
  

  
  

  
  

  
	
	</div>

      

    </div>
    </div>

    
  

    
    
    
    </div>
  

		</div>
	

 	</div>
	</main>
	
  <footer class="footer">
    <div class="container">
      <p>Generated by Gauge HTML Report</p>
    </div>
  </footer>

	
    <script type="text/javascript">
      var loadingImage = "../images/loading.gif";
      var closeButton = "../images/close.gif";
    </script>
    <script src="../js/lightbox.js"></script>
    <script src="../js/jquery-3.1.0.min.js" type="text/javascript"></script>
    <script src="../js/auto-complete.min.js" type="text/javascript"></script>
    <script src="../js/clipboard.min.js" type="text/javascript"></script>
    <script src="../js/search_index.js" type="text/javascript"></script>
    <script src="../js/main.js" type="text/javascript"></script>
    </body>
  </html>

