24-01-2026 21:35:46.837 [Gauge] [DEBUG] Created gauge_screenshots_dir at D:\Internship\Gauge\gauge_web_crawler\.gauge\screenshots
24-01-2026 21:35:46.841 [Gauge] [DEBUG] Plugin python is already installed.
24-01-2026 21:35:46.843 [Gauge] [DEBUG] Plugin html-report is already installed.
24-01-2026 21:35:46.844 [Gauge] [DEBUG] Parsing started.
24-01-2026 21:35:46.844 [Gauge] [DEBUG] Started concepts parsing.
24-01-2026 21:35:46.845 [Gauge] [DEBUG] 0 concepts parsing completed.
24-01-2026 21:35:46.845 [Gauge] [DEBUG] Started specifications parsing.
24-01-2026 21:35:46.877 [Gauge] [DEBUG] 1 specifications parsing completed.
24-01-2026 21:35:46.877 [Gauge] [DEBUG] Parsing completed.
24-01-2026 21:35:47.705 [python] [INFO] Python: 3.9.13
24-01-2026 21:35:47.705 [python] [DEBUG] Loading step implementations from D:\Internship\Gauge\gauge_web_crawler\step_impl dirs.
24-01-2026 21:35:47.735 [python] [DEBUG] Starting grpc server..
24-01-2026 21:35:47.746 [Gauge] [DEBUG] Attempting to connect to grpc server at port: 49154
24-01-2026 21:35:47.746 [Gauge] [DEBUG] Successfully made the connection with runner with port: 49154
24-01-2026 21:35:47.746 [Gauge] [DEBUG] Validation started.
24-01-2026 21:35:47.751 [Gauge] [DEBUG] Validation completed.
24-01-2026 21:35:47.751 [Gauge] [DEBUG] Run started
24-01-2026 21:35:47.753 [Gauge] [DEBUG] Starting Html Report plugin
24-01-2026 21:35:47.782 [html-report] [DEBUG] Setting MaxRecvMsgSize = 1024 MB
24-01-2026 21:35:47.783 [Gauge] [DEBUG] Attempting to connect to grpc server at port: 49157
24-01-2026 21:35:47.783 [Gauge] [DEBUG] Successfully made the connection with plugin with port: 49157
24-01-2026 21:35:47.783 [Gauge] [DEBUG] Initialising suite data store.
24-01-2026 21:35:47.827 [Gauge] [DEBUG] Checking updates...
24-01-2026 21:35:47.828 [Gauge] [DEBUG] Downloading https://downloads.gauge.org/plugin/html-report?l=python&p=html-report,python,screenshot&o=windows&a=amd64
24-01-2026 21:35:48.753 [Gauge] [DEBUG] Downloading https://downloads.gauge.org/plugin/python?l=python&p=html-report,python,screenshot&o=windows&a=amd64
24-01-2026 21:35:48.950 [Gauge] [INFO] # Web Crawler
24-01-2026 21:35:48.955 [Gauge] [INFO] ## Crawl calculator website
24-01-2026 21:35:48.961 [Gauge] [DEBUG] * Run selenium web crawler
24-01-2026 21:35:49.090 [Gauge] [DEBUG] Downloading https://downloads.gauge.org/plugin/screenshot?l=python&p=html-report,python,screenshot&o=windows&a=amd64
24-01-2026 21:35:54.045 [Gauge] [ERROR] Failed Step: Run selenium web crawler
24-01-2026 21:35:54.045 [Gauge] [ERROR] Error Message: 'charmap' codec can't encode character '\U0001f680' in position 0: character maps to <undefined>
24-01-2026 21:35:54.045 [Gauge] [ERROR] Specification: specs\crawl.spec:4
24-01-2026 21:35:54.045 [Gauge] [ERROR] Stacktrace: 
Traceback (most recent call last):
  File "D:\Internship\.venv\lib\site-packages\getgauge\executor.py", line 35, in execute_method
    step.impl(*params)
  File "D:\Internship\Gauge\gauge_web_crawler\step_impl\crawl_steps.py", line 6, in run_selenium_web_crawler
    run_crawler()
  File "D:\Internship\Gauge\gauge_web_crawler\crawler.py", line 94, in run_crawler
    print("ðŸš€ Selenium crawl started")
  File "C:\Users\user\AppData\Local\Programs\Python\Python39\lib\encodings\cp1252.py", line 19, in encode
    return codecs.charmap_encode(input,self.errors,encoding_table)[0]
UnicodeEncodeError: 'charmap' codec can't encode character '\U0001f680' in position 0: character maps to <undefined>
24-01-2026 21:35:54.052 [html-report] [DEBUG] Transformed SuiteResult to report structure
24-01-2026 21:35:54.244 [Gauge] [DEBUG] Sending kill message to Html Report plugin.
24-01-2026 21:35:54.252 [html-report] [INFO] Successfully generated html-report to => D:\Internship\Gauge\gauge_web_crawler\reports\html-report\index.html
24-01-2026 21:35:54.252 [html-report] [DEBUG] Done generating HTML report using theme from C:\Users\user\AppData\Roaming\gauge\plugins\html-report\4.4.0\themes\default
24-01-2026 21:35:54.269 [python] [DEBUG] KillProcessrequest received
24-01-2026 21:35:54.279 [Gauge] [INFO] Specifications:	1 executed	0 passed	1 failed	0 skipped
24-01-2026 21:35:54.301 [Gauge] [INFO] Scenarios:	1 executed	0 passed	1 failed	0 skipped
24-01-2026 21:35:54.318 [Gauge] [INFO] 
Total time taken: 6.299s
24-01-2026 21:38:05.776 [Gauge] [DEBUG] Created gauge_screenshots_dir at D:\Internship\Gauge\gauge_web_crawler\.gauge\screenshots
24-01-2026 21:38:05.779 [Gauge] [DEBUG] Plugin python is already installed.
24-01-2026 21:38:05.780 [Gauge] [DEBUG] Plugin html-report is already installed.
24-01-2026 21:38:05.780 [Gauge] [DEBUG] Parsing started.
24-01-2026 21:38:05.780 [Gauge] [DEBUG] Started concepts parsing.
24-01-2026 21:38:05.781 [Gauge] [DEBUG] 0 concepts parsing completed.
24-01-2026 21:38:05.781 [Gauge] [DEBUG] Started specifications parsing.
24-01-2026 21:38:05.782 [Gauge] [DEBUG] 1 specifications parsing completed.
24-01-2026 21:38:05.782 [Gauge] [DEBUG] Parsing completed.
24-01-2026 21:38:06.622 [python] [INFO] Python: 3.9.13
24-01-2026 21:38:06.622 [python] [DEBUG] Loading step implementations from D:\Internship\Gauge\gauge_web_crawler\step_impl dirs.
24-01-2026 21:38:06.626 [python] [DEBUG] Starting grpc server..
24-01-2026 21:38:06.636 [Gauge] [DEBUG] Attempting to connect to grpc server at port: 58626
24-01-2026 21:38:06.636 [Gauge] [DEBUG] Successfully made the connection with runner with port: 58626
24-01-2026 21:38:06.636 [Gauge] [DEBUG] Validation started.
24-01-2026 21:38:06.642 [Gauge] [DEBUG] Validation completed.
24-01-2026 21:38:06.642 [Gauge] [DEBUG] Run started
24-01-2026 21:38:06.643 [Gauge] [DEBUG] Starting Html Report plugin
24-01-2026 21:38:06.672 [html-report] [DEBUG] Setting MaxRecvMsgSize = 1024 MB
24-01-2026 21:38:06.672 [Gauge] [DEBUG] Attempting to connect to grpc server at port: 58629
24-01-2026 21:38:06.672 [Gauge] [DEBUG] Successfully made the connection with plugin with port: 58629
24-01-2026 21:38:06.672 [Gauge] [DEBUG] Initialising suite data store.
24-01-2026 21:38:06.717 [Gauge] [DEBUG] Checking updates...
24-01-2026 21:38:06.718 [Gauge] [DEBUG] Downloading https://downloads.gauge.org/plugin/html-report?l=python&p=html-report,python,screenshot&o=windows&a=amd64
24-01-2026 21:38:07.281 [Gauge] [INFO] # Web Crawler
24-01-2026 21:38:07.285 [Gauge] [INFO] ## Crawl calculator website
24-01-2026 21:38:07.287 [Gauge] [DEBUG] * Run selenium web crawler
24-01-2026 21:38:07.656 [Gauge] [DEBUG] Downloading https://downloads.gauge.org/plugin/python?l=python&p=html-report,python,screenshot&o=windows&a=amd64
24-01-2026 21:38:07.966 [Gauge] [DEBUG] Downloading https://downloads.gauge.org/plugin/screenshot?l=python&p=html-report,python,screenshot&o=windows&a=amd64
24-01-2026 21:38:08.785 [python] [INFO] Selenium crawl started
24-01-2026 21:38:08.790 [python] [INFO] Visiting: https://www.calculator.net/
24-01-2026 21:38:18.837 [python] [INFO] Visiting: https://www.calculator.net/my-account/sign-in.php
24-01-2026 21:38:23.420 [python] [INFO] Visiting: https://www.calculator.net/financial-calculator.html
24-01-2026 21:38:32.839 [python] [INFO] Visiting: https://www.calculator.net/mortgage-calculator.html
24-01-2026 21:38:40.383 [python] [INFO] Visiting: https://www.calculator.net/loan-calculator.html
24-01-2026 21:38:48.594 [python] [INFO] Visiting: https://www.calculator.net/auto-loan-calculator.html
24-01-2026 21:38:55.717 [python] [INFO] Visiting: https://www.calculator.net/interest-calculator.html
24-01-2026 21:39:02.441 [python] [INFO] Visiting: https://www.calculator.net/payment-calculator.html
24-01-2026 21:39:09.941 [python] [INFO] Visiting: https://www.calculator.net/retirement-calculator.html
24-01-2026 21:39:17.368 [python] [INFO] Visiting: https://www.calculator.net/amortization-calculator.html
24-01-2026 21:39:24.618 [python] [INFO] Visiting: https://www.calculator.net/investment-calculator.html
24-01-2026 21:39:32.381 [python] [INFO] Visiting: https://www.calculator.net/inflation-calculator.html
24-01-2026 21:39:39.533 [python] [INFO] Visiting: https://www.calculator.net/finance-calculator.html
24-01-2026 21:39:48.784 [python] [INFO] Visiting: https://www.calculator.net/tax-calculator.html
24-01-2026 21:39:55.715 [python] [INFO] Visiting: https://www.calculator.net/compound-interest-calculator.html
24-01-2026 21:40:02.864 [python] [INFO] Visiting: https://www.calculator.net/salary-calculator.html
24-01-2026 21:40:09.356 [python] [INFO] Visiting: https://www.calculator.net/interest-rate-calculator.html
24-01-2026 21:40:15.756 [python] [INFO] Visiting: https://www.calculator.net/sales-tax-calculator.html
24-01-2026 21:40:21.600 [python] [INFO] Visiting: https://www.calculator.net/fitness-and-health-calculator.html
24-01-2026 21:40:28.152 [python] [INFO] Visiting: https://www.calculator.net/bmi-calculator.html
24-01-2026 21:40:36.530 [python] [INFO] Clickables saved to D:/Internship/web_crawler\clickables.json
24-01-2026 21:40:36.550 [html-report] [DEBUG] Transformed SuiteResult to report structure
24-01-2026 21:40:36.572 [Gauge] [DEBUG] Sending kill message to Html Report plugin.
24-01-2026 21:40:36.574 [html-report] [INFO] Successfully generated html-report to => D:\Internship\Gauge\gauge_web_crawler\reports\html-report\index.html
24-01-2026 21:40:36.574 [html-report] [DEBUG] Done generating HTML report using theme from C:\Users\user\AppData\Roaming\gauge\plugins\html-report\4.4.0\themes\default
24-01-2026 21:40:36.582 [python] [DEBUG] KillProcessrequest received
24-01-2026 21:40:36.585 [Gauge] [INFO] Specifications:	1 executed	1 passed	0 failed	0 skipped
24-01-2026 21:40:36.587 [Gauge] [INFO] Scenarios:	1 executed	1 passed	0 failed	0 skipped
24-01-2026 21:40:36.587 [Gauge] [INFO] 
Total time taken: 2m29.899s
27-01-2026 10:59:52.716 [Gauge] [DEBUG] Created gauge_screenshots_dir at D:\Internship\gauge\gauge_web_crawler\.gauge\screenshots
27-01-2026 10:59:52.750 [Gauge] [DEBUG] Plugin python is already installed.
27-01-2026 10:59:52.774 [Gauge] [DEBUG] Plugin html-report is already installed.
27-01-2026 10:59:52.775 [Gauge] [DEBUG] Parsing started.
27-01-2026 10:59:52.775 [Gauge] [DEBUG] Started concepts parsing.
27-01-2026 10:59:52.776 [Gauge] [DEBUG] 0 concepts parsing completed.
27-01-2026 10:59:52.777 [Gauge] [DEBUG] Started specifications parsing.
27-01-2026 10:59:52.795 [Gauge] [DEBUG] 2 specifications parsing completed.
27-01-2026 10:59:52.795 [Gauge] [DEBUG] Parsing completed.
27-01-2026 10:59:53.231 [python] [ERROR] '"C:\Users\user\AppData\Local\Programs\Python\Python313\python.exe -m pip install getgauge==0.5.0 --user"' is not recognized as an internal or external command,
27-01-2026 10:59:53.231 [python] [ERROR] operable program or batch file.
27-01-2026 10:59:53.287 [python] [ERROR] Traceback (most recent call last):
27-01-2026 10:59:53.288 [python] [ERROR] File "C:\Users\user\AppData\Local\Programs\Python\Python313\Lib\importlib\metadata\__init__.py", line 407, in from_name
27-01-2026 10:59:53.288 [python] [ERROR] return next(iter(cls.discover(name=name)))
27-01-2026 10:59:53.288 [python] [ERROR] StopIteration
27-01-2026 10:59:53.288 [python] [ERROR] During handling of the above exception, another exception occurred:
27-01-2026 10:59:53.288 [python] [ERROR] Traceback (most recent call last):
27-01-2026 10:59:53.288 [python] [ERROR] File "C:\Users\user\AppData\Roaming\gauge\plugins\python\0.5.0\check_and_install_getgauge.py", line 36, in assert_versions
27-01-2026 10:59:53.288 [python] [ERROR] getgauge_version = version('getgauge')
27-01-2026 10:59:53.289 [python] [ERROR] File "C:\Users\user\AppData\Local\Programs\Python\Python313\Lib\importlib\metadata\__init__.py", line 987, in version
27-01-2026 10:59:53.289 [python] [ERROR] return distribution(distribution_name).version
27-01-2026 10:59:53.289 [python] [ERROR] ~~~~~~~~~~~~^^^^^^^^^^^^^^^^^^^
27-01-2026 10:59:53.289 [python] [ERROR] File "C:\Users\user\AppData\Local\Programs\Python\Python313\Lib\importlib\metadata\__init__.py", line 960, in distribution
27-01-2026 10:59:53.289 [python] [ERROR] return Distribution.from_name(distribution_name)
27-01-2026 10:59:53.289 [python] [ERROR] ~~~~~~~~~~~~~~~~~~~~~~^^^^^^^^^^^^^^^^^^^
27-01-2026 10:59:53.289 [python] [ERROR] File "C:\Users\user\AppData\Local\Programs\Python\Python313\Lib\importlib\metadata\__init__.py", line 409, in from_name
27-01-2026 10:59:53.290 [python] [ERROR] raise PackageNotFoundError(name)
27-01-2026 10:59:53.290 [python] [ERROR] importlib.metadata.PackageNotFoundError: No package metadata was found for getgauge
27-01-2026 10:59:53.290 [python] [ERROR] During handling of the above exception, another exception occurred:
27-01-2026 10:59:53.290 [python] [ERROR] Traceback (most recent call last):
27-01-2026 10:59:53.290 [python] [ERROR] File "C:\Users\user\AppData\Roaming\gauge\plugins\python\0.5.0\check_and_install_getgauge.py", line 44, in <module>
27-01-2026 10:59:53.291 [python] [ERROR] assert_versions()
27-01-2026 10:59:53.291 [python] [ERROR] ~~~~~~~~~~~~~~~^^
27-01-2026 10:59:53.291 [python] [ERROR] File "C:\Users\user\AppData\Roaming\gauge\plugins\python\0.5.0\check_and_install_getgauge.py", line 40, in assert_versions
27-01-2026 10:59:53.291 [python] [ERROR] install_getgauge("getgauge=="+expected_gauge_version)
27-01-2026 10:59:53.292 [python] [ERROR] ~~~~~~~~~~~~~~~~^^^^^^^^^^^^^^^^^^^^^^^^^^^^^^^^^^^^^
27-01-2026 10:59:53.292 [python] [ERROR] File "C:\Users\user\AppData\Roaming\gauge\plugins\python\0.5.0\check_and_install_getgauge.py", line 22, in install_getgauge
27-01-2026 10:59:53.301 [python] [ERROR] check_output([" ".join(install_cmd)], shell=True)
27-01-2026 10:59:53.305 [python] [ERROR] ~~~~~~~~~~~~^^^^^^^^^^^^^^^^^^^^^^^^^^^^^^^^^^^^^
27-01-2026 10:59:53.307 [python] [ERROR] File "C:\Users\user\AppData\Local\Programs\Python\Python313\Lib\subprocess.py", line 472, in check_output
27-01-2026 10:59:53.308 [python] [ERROR] return run(*popenargs, stdout=PIPE, timeout=timeout, check=True,
27-01-2026 10:59:53.308 [python] [ERROR] ~~~^^^^^^^^^^^^^^^^^^^^^^^^^^^^^^^^^^^^^^^^^^^^^^^^^^^^^^
27-01-2026 10:59:53.309 [python] [ERROR] **kwargs).stdout
27-01-2026 10:59:53.312 [python] [ERROR] ^^^^^^^^^
27-01-2026 10:59:53.314 [python] [ERROR] File "C:\Users\user\AppData\Local\Programs\Python\Python313\Lib\subprocess.py", line 577, in run
27-01-2026 10:59:53.317 [python] [ERROR] raise CalledProcessError(retcode, process.args,
27-01-2026 10:59:53.318 [python] [ERROR] output=stdout, stderr=stderr)
27-01-2026 10:59:53.320 [python] [ERROR] subprocess.CalledProcessError: Command '['C:\\Users\\user\\AppData\\Local\\Programs\\Python\\Python313\\python.exe -m pip install getgauge==0.5.0 --user']' returned non-zero exit status 1.
27-01-2026 10:59:53.989 [python] [ERROR] Traceback (most recent call last):
27-01-2026 10:59:53.989 [python] [ERROR] File "C:\Users\user\AppData\Roaming\gauge\plugins\python\0.5.0\start.py", line 11, in <module>
27-01-2026 10:59:53.989 [python] [ERROR] from getgauge import handlers, logger, processor
27-01-2026 10:59:53.989 [python] [ERROR] ModuleNotFoundError: No module named 'getgauge'
27-01-2026 10:59:54.019 [Gauge] [ERROR] Error occurred while waiting for runner process to finish.
Error : exit status 1
27-01-2026 10:59:54.019 [Gauge] [CRITICAL] Failed to start gauge API: Error occurred while waiting for runner process to finish.
Error : exit status 1
27-01-2026 11:00:43.237 [Gauge] [DEBUG] Created gauge_screenshots_dir at D:\Internship\gauge\gauge_web_crawler\.gauge\screenshots
27-01-2026 11:00:43.239 [Gauge] [DEBUG] Plugin html-report is already installed.
27-01-2026 11:00:43.240 [Gauge] [DEBUG] Plugin python is already installed.
27-01-2026 11:00:43.240 [Gauge] [DEBUG] Parsing started.
27-01-2026 11:00:43.240 [Gauge] [DEBUG] Started concepts parsing.
27-01-2026 11:00:43.242 [Gauge] [DEBUG] 0 concepts parsing completed.
27-01-2026 11:00:43.242 [Gauge] [DEBUG] Started specifications parsing.
27-01-2026 11:00:43.242 [Gauge] [DEBUG] 2 specifications parsing completed.
27-01-2026 11:00:43.242 [Gauge] [DEBUG] Parsing completed.
27-01-2026 11:00:43.519 [python] [ERROR] '"C:\Users\user\AppData\Local\Programs\Python\Python313\python.exe -m pip install getgauge==0.5.0 --user"' is not recognized as an internal or external command,
27-01-2026 11:00:43.519 [python] [ERROR] operable program or batch file.
27-01-2026 11:00:43.526 [python] [ERROR] Traceback (most recent call last):
27-01-2026 11:00:43.526 [python] [ERROR] File "C:\Users\user\AppData\Local\Programs\Python\Python313\Lib\importlib\metadata\__init__.py", line 407, in from_name
27-01-2026 11:00:43.527 [python] [ERROR] return next(iter(cls.discover(name=name)))
27-01-2026 11:00:43.527 [python] [ERROR] StopIteration
27-01-2026 11:00:43.527 [python] [ERROR] During handling of the above exception, another exception occurred:
27-01-2026 11:00:43.527 [python] [ERROR] Traceback (most recent call last):
27-01-2026 11:00:43.527 [python] [ERROR] File "C:\Users\user\AppData\Roaming\gauge\plugins\python\0.5.0\check_and_install_getgauge.py", line 36, in assert_versions
27-01-2026 11:00:43.527 [python] [ERROR] getgauge_version = version('getgauge')
27-01-2026 11:00:43.527 [python] [ERROR] File "C:\Users\user\AppData\Local\Programs\Python\Python313\Lib\importlib\metadata\__init__.py", line 987, in version
27-01-2026 11:00:43.527 [python] [ERROR] return distribution(distribution_name).version
27-01-2026 11:00:43.527 [python] [ERROR] ~~~~~~~~~~~~^^^^^^^^^^^^^^^^^^^
27-01-2026 11:00:43.527 [python] [ERROR] File "C:\Users\user\AppData\Local\Programs\Python\Python313\Lib\importlib\metadata\__init__.py", line 960, in distribution
27-01-2026 11:00:43.527 [python] [ERROR] return Distribution.from_name(distribution_name)
27-01-2026 11:00:43.527 [python] [ERROR] ~~~~~~~~~~~~~~~~~~~~~~^^^^^^^^^^^^^^^^^^^
27-01-2026 11:00:43.528 [python] [ERROR] File "C:\Users\user\AppData\Local\Programs\Python\Python313\Lib\importlib\metadata\__init__.py", line 409, in from_name
27-01-2026 11:00:43.528 [python] [ERROR] raise PackageNotFoundError(name)
27-01-2026 11:00:43.528 [python] [ERROR] importlib.metadata.PackageNotFoundError: No package metadata was found for getgauge
27-01-2026 11:00:43.528 [python] [ERROR] During handling of the above exception, another exception occurred:
27-01-2026 11:00:43.528 [python] [ERROR] Traceback (most recent call last):
27-01-2026 11:00:43.528 [python] [ERROR] File "C:\Users\user\AppData\Roaming\gauge\plugins\python\0.5.0\check_and_install_getgauge.py", line 44, in <module>
27-01-2026 11:00:43.528 [python] [ERROR] assert_versions()
27-01-2026 11:00:43.528 [python] [ERROR] ~~~~~~~~~~~~~~~^^
27-01-2026 11:00:43.529 [python] [ERROR] File "C:\Users\user\AppData\Roaming\gauge\plugins\python\0.5.0\check_and_install_getgauge.py", line 40, in assert_versions
27-01-2026 11:00:43.531 [python] [ERROR] install_getgauge("getgauge=="+expected_gauge_version)
27-01-2026 11:00:43.531 [python] [ERROR] ~~~~~~~~~~~~~~~~^^^^^^^^^^^^^^^^^^^^^^^^^^^^^^^^^^^^^
27-01-2026 11:00:43.532 [python] [ERROR] File "C:\Users\user\AppData\Roaming\gauge\plugins\python\0.5.0\check_and_install_getgauge.py", line 22, in install_getgauge
27-01-2026 11:00:43.532 [python] [ERROR] check_output([" ".join(install_cmd)], shell=True)
27-01-2026 11:00:43.532 [python] [ERROR] ~~~~~~~~~~~~^^^^^^^^^^^^^^^^^^^^^^^^^^^^^^^^^^^^^
27-01-2026 11:00:43.534 [python] [ERROR] File "C:\Users\user\AppData\Local\Programs\Python\Python313\Lib\subprocess.py", line 472, in check_output
27-01-2026 11:00:43.534 [python] [ERROR] return run(*popenargs, stdout=PIPE, timeout=timeout, check=True,
27-01-2026 11:00:43.535 [python] [ERROR] ~~~^^^^^^^^^^^^^^^^^^^^^^^^^^^^^^^^^^^^^^^^^^^^^^^^^^^^^^
27-01-2026 11:00:43.535 [python] [ERROR] **kwargs).stdout
27-01-2026 11:00:43.535 [python] [ERROR] ^^^^^^^^^
27-01-2026 11:00:43.535 [python] [ERROR] File "C:\Users\user\AppData\Local\Programs\Python\Python313\Lib\subprocess.py", line 577, in run
27-01-2026 11:00:43.535 [python] [ERROR] raise CalledProcessError(retcode, process.args,
27-01-2026 11:00:43.535 [python] [ERROR] output=stdout, stderr=stderr)
27-01-2026 11:00:43.536 [python] [ERROR] subprocess.CalledProcessError: Command '['C:\\Users\\user\\AppData\\Local\\Programs\\Python\\Python313\\python.exe -m pip install getgauge==0.5.0 --user']' returned non-zero exit status 1.
27-01-2026 11:00:43.825 [python] [ERROR] Traceback (most recent call last):
27-01-2026 11:00:43.825 [python] [ERROR] File "C:\Users\user\AppData\Roaming\gauge\plugins\python\0.5.0\start.py", line 11, in <module>
27-01-2026 11:00:43.826 [python] [ERROR] from getgauge import handlers, logger, processor
27-01-2026 11:00:43.826 [python] [ERROR] ModuleNotFoundError: No module named 'getgauge'
27-01-2026 11:00:43.866 [Gauge] [ERROR] Error occurred while waiting for runner process to finish.
Error : exit status 1
27-01-2026 11:00:43.866 [Gauge] [CRITICAL] Failed to start gauge API: Error occurred while waiting for runner process to finish.
Error : exit status 1
27-01-2026 11:07:36.529 [Gauge] [DEBUG] Created gauge_screenshots_dir at D:\Internship\gauge\gauge_web_crawler\.gauge\screenshots
27-01-2026 11:07:36.530 [Gauge] [DEBUG] Plugin python is already installed.
27-01-2026 11:07:36.531 [Gauge] [DEBUG] Plugin html-report is already installed.
27-01-2026 11:07:36.532 [Gauge] [DEBUG] Parsing started.
27-01-2026 11:07:36.532 [Gauge] [DEBUG] Started concepts parsing.
27-01-2026 11:07:36.533 [Gauge] [DEBUG] 0 concepts parsing completed.
27-01-2026 11:07:36.533 [Gauge] [DEBUG] Started specifications parsing.
27-01-2026 11:07:36.534 [Gauge] [DEBUG] 2 specifications parsing completed.
27-01-2026 11:07:36.534 [Gauge] [DEBUG] Parsing completed.
27-01-2026 11:07:37.938 [python] [INFO] Python: 3.9.13
27-01-2026 11:07:37.938 [python] [DEBUG] Loading step implementations from D:\Internship\gauge\gauge_web_crawler\step_impl dirs.
27-01-2026 11:07:37.963 [python] [DEBUG] Starting grpc server..
27-01-2026 11:07:37.982 [Gauge] [DEBUG] Attempting to connect to grpc server at port: 57636
27-01-2026 11:07:37.983 [Gauge] [DEBUG] Successfully made the connection with runner with port: 57636
27-01-2026 11:07:37.983 [Gauge] [DEBUG] Validation started.
27-01-2026 11:07:37.989 [Gauge] [DEBUG] Validation completed.
27-01-2026 11:07:37.989 [Gauge] [DEBUG] Run started
27-01-2026 11:07:37.990 [Gauge] [DEBUG] Starting Html Report plugin
27-01-2026 11:07:38.076 [Gauge] [DEBUG] Checking updates...
27-01-2026 11:07:38.078 [Gauge] [DEBUG] Downloading https://downloads.gauge.org/plugin/html-report?l=python&p=html-report,python,screenshot&o=windows&a=amd64
27-01-2026 11:07:38.228 [html-report] [DEBUG] Setting MaxRecvMsgSize = 1024 MB
27-01-2026 11:07:38.229 [Gauge] [DEBUG] Attempting to connect to grpc server at port: 57639
27-01-2026 11:07:38.229 [Gauge] [DEBUG] Successfully made the connection with plugin with port: 57639
27-01-2026 11:07:38.229 [Gauge] [DEBUG] Initialising suite data store.
27-01-2026 11:07:39.025 [Gauge] [INFO] # AI Test Case Generation
27-01-2026 11:07:39.030 [Gauge] [INFO] ## Generate all test cases from clickables
27-01-2026 11:07:39.035 [Gauge] [DEBUG] * Generate AI test cases using Ollama
27-01-2026 11:07:39.714 [Gauge] [DEBUG] Downloading https://downloads.gauge.org/plugin/python?l=python&p=html-report,python,screenshot&o=windows&a=amd64
27-01-2026 11:07:40.942 [Gauge] [DEBUG] Downloading https://downloads.gauge.org/plugin/screenshot?l=python&p=html-report,python,screenshot&o=windows&a=amd64
27-01-2026 11:08:54.511 [python] [ERROR] Exception in thread
27-01-2026 11:08:54.517 [python] [ERROR] Thread-3:
27-01-2026 11:08:54.523 [python] [ERROR] Traceback (most recent call last):
27-01-2026 11:08:54.525 [python] [ERROR] File "C:\Users\user\AppData\Local\Programs\Python\Python39\lib\threading.py", line 980, in _bootstrap_inner
27-01-2026 11:08:54.526 [python] [ERROR] self.run()
27-01-2026 11:08:54.527 [python] [ERROR] File "C:\Users\user\AppData\Local\Programs\Python\Python39\lib\threading.py", line 917, in run
27-01-2026 11:08:54.528 [python] [ERROR] self._target(*self._args, **self._kwargs)
27-01-2026 11:08:54.528 [python] [ERROR] File "C:\Users\user\AppData\Local\Programs\Python\Python39\lib\subprocess.py", line 1479, in _readerthread
27-01-2026 11:08:54.529 [python] [ERROR] buffer.append(fh.read())
27-01-2026 11:08:54.529 [python] [ERROR] File "C:\Users\user\AppData\Local\Programs\Python\Python39\lib\encodings\cp1252.py", line 23, in decode
27-01-2026 11:08:54.587 [python] [ERROR] return codecs.charmap_decode(input,self.errors,decoding_table)[0]
27-01-2026 11:08:54.590 [python] [ERROR] UnicodeDecodeError: 'charmap' codec can't decode byte 0x8f in position 332: character maps to <undefined>
27-01-2026 11:09:53.619 [python] [ERROR] Exception in thread
27-01-2026 11:09:53.619 [python] [ERROR] Thread-5:
27-01-2026 11:09:53.619 [python] [ERROR] Traceback (most recent call last):
27-01-2026 11:09:53.620 [python] [ERROR] File "C:\Users\user\AppData\Local\Programs\Python\Python39\lib\threading.py", line 980, in _bootstrap_inner
27-01-2026 11:09:53.620 [python] [ERROR] self.run()
27-01-2026 11:09:53.621 [python] [ERROR] File "C:\Users\user\AppData\Local\Programs\Python\Python39\lib\threading.py", line 917, in run
27-01-2026 11:09:53.621 [python] [ERROR] self._target(*self._args, **self._kwargs)
27-01-2026 11:09:53.621 [python] [ERROR] File "C:\Users\user\AppData\Local\Programs\Python\Python39\lib\subprocess.py", line 1479, in _readerthread
27-01-2026 11:09:53.621 [python] [ERROR] buffer.append(fh.read())
27-01-2026 11:09:53.621 [python] [ERROR] File "C:\Users\user\AppData\Local\Programs\Python\Python39\lib\encodings\cp1252.py", line 23, in decode
27-01-2026 11:09:53.621 [python] [ERROR] return codecs.charmap_decode(input,self.errors,decoding_table)[0]
27-01-2026 11:09:53.621 [python] [ERROR] UnicodeDecodeError: 'charmap' codec can't decode byte 0x8f in position 332: character maps to <undefined>
27-01-2026 11:10:48.541 [python] [ERROR] Exception in thread
27-01-2026 11:10:48.542 [python] [ERROR] Thread-7:
27-01-2026 11:10:48.542 [python] [ERROR] Traceback (most recent call last):
27-01-2026 11:10:48.542 [python] [ERROR] File "C:\Users\user\AppData\Local\Programs\Python\Python39\lib\threading.py", line 980, in _bootstrap_inner
27-01-2026 11:10:48.543 [python] [ERROR] self.run()
27-01-2026 11:10:48.544 [python] [ERROR] File "C:\Users\user\AppData\Local\Programs\Python\Python39\lib\threading.py", line 917, in run
27-01-2026 11:10:48.544 [python] [ERROR] self._target(*self._args, **self._kwargs)
27-01-2026 11:10:48.544 [python] [ERROR] File "C:\Users\user\AppData\Local\Programs\Python\Python39\lib\subprocess.py", line 1479, in _readerthread
27-01-2026 11:10:48.544 [python] [ERROR] buffer.append(fh.read())
27-01-2026 11:10:48.544 [python] [ERROR] File "C:\Users\user\AppData\Local\Programs\Python\Python39\lib\encodings\cp1252.py", line 23, in decode
27-01-2026 11:10:48.544 [python] [ERROR] return codecs.charmap_decode(input,self.errors,decoding_table)[0]
27-01-2026 11:10:48.544 [python] [ERROR] UnicodeDecodeError: 'charmap' codec can't decode byte 0x8f in position 332: character maps to <undefined>
27-01-2026 11:11:50.214 [python] [ERROR] Exception in thread
27-01-2026 11:11:50.214 [python] [ERROR] Thread-9
27-01-2026 11:11:50.214 [python] [ERROR] :
27-01-2026 11:11:50.214 [python] [ERROR] Traceback (most recent call last):
27-01-2026 11:11:50.214 [python] [ERROR] File "C:\Users\user\AppData\Local\Programs\Python\Python39\lib\threading.py", line 980, in _bootstrap_inner
27-01-2026 11:11:50.215 [python] [ERROR] self.run()
27-01-2026 11:11:50.215 [python] [ERROR] File "C:\Users\user\AppData\Local\Programs\Python\Python39\lib\threading.py", line 917, in run
27-01-2026 11:11:50.217 [python] [ERROR] self._target(*self._args, **self._kwargs)
27-01-2026 11:11:50.217 [python] [ERROR] File "C:\Users\user\AppData\Local\Programs\Python\Python39\lib\subprocess.py", line 1479, in _readerthread
27-01-2026 11:11:50.217 [python] [ERROR] buffer.append(fh.read())
27-01-2026 11:11:50.217 [python] [ERROR] File "C:\Users\user\AppData\Local\Programs\Python\Python39\lib\encodings\cp1252.py", line 23, in decode
27-01-2026 11:11:50.217 [python] [ERROR] return codecs.charmap_decode(input,self.errors,decoding_table)[0]
27-01-2026 11:11:50.217 [python] [ERROR] UnicodeDecodeError: 'charmap' codec can't decode byte 0x8f in position 332: character maps to <undefined>
27-01-2026 11:13:31.172 [python] [ERROR] Exception in thread
27-01-2026 11:13:31.172 [python] [ERROR] Thread-11:
27-01-2026 11:13:31.172 [python] [ERROR] Traceback (most recent call last):
27-01-2026 11:13:31.173 [python] [ERROR] File "C:\Users\user\AppData\Local\Programs\Python\Python39\lib\threading.py", line 980, in _bootstrap_inner
27-01-2026 11:13:31.174 [python] [ERROR] self.run()
27-01-2026 11:13:31.175 [python] [ERROR] File "C:\Users\user\AppData\Local\Programs\Python\Python39\lib\threading.py", line 917, in run
27-01-2026 11:13:31.177 [python] [ERROR] self._target(*self._args, **self._kwargs)
27-01-2026 11:13:31.178 [python] [ERROR] File "C:\Users\user\AppData\Local\Programs\Python\Python39\lib\subprocess.py", line 1479, in _readerthread
27-01-2026 11:13:31.179 [python] [ERROR] buffer.append(fh.read())
27-01-2026 11:13:31.179 [python] [ERROR] File "C:\Users\user\AppData\Local\Programs\Python\Python39\lib\encodings\cp1252.py", line 23, in decode
27-01-2026 11:13:31.180 [python] [ERROR] return codecs.charmap_decode(input,self.errors,decoding_table)[0]
27-01-2026 11:13:31.182 [python] [ERROR] UnicodeDecodeError: 'charmap' codec can't decode byte 0x8f in position 332: character maps to <undefined>
27-01-2026 11:14:57.731 [python] [ERROR] Exception in thread
27-01-2026 11:14:57.732 [python] [ERROR] Thread-13:
27-01-2026 11:14:57.732 [python] [ERROR] Traceback (most recent call last):
27-01-2026 11:14:57.732 [python] [ERROR] File "C:\Users\user\AppData\Local\Programs\Python\Python39\lib\threading.py", line 980, in _bootstrap_inner
27-01-2026 11:14:57.732 [python] [ERROR] self.run()
27-01-2026 11:14:57.733 [python] [ERROR] File "C:\Users\user\AppData\Local\Programs\Python\Python39\lib\threading.py", line 917, in run
27-01-2026 11:14:57.733 [python] [ERROR] self._target(*self._args, **self._kwargs)
27-01-2026 11:14:57.734 [python] [ERROR] File "C:\Users\user\AppData\Local\Programs\Python\Python39\lib\subprocess.py", line 1479, in _readerthread
27-01-2026 11:14:57.734 [python] [ERROR] buffer.append(fh.read())
27-01-2026 11:14:57.734 [python] [ERROR] File "C:\Users\user\AppData\Local\Programs\Python\Python39\lib\encodings\cp1252.py", line 23, in decode
27-01-2026 11:14:57.734 [python] [ERROR] return codecs.charmap_decode(input,self.errors,decoding_table)[0]
27-01-2026 11:14:57.734 [python] [ERROR] UnicodeDecodeError: 'charmap' codec can't decode byte 0x8f in position 332: character maps to <undefined>
27-01-2026 11:16:13.638 [python] [ERROR] Exception in thread
27-01-2026 11:16:13.639 [python] [ERROR] Thread-15:
27-01-2026 11:16:13.640 [python] [ERROR] Traceback (most recent call last):
27-01-2026 11:16:13.640 [python] [ERROR] File "C:\Users\user\AppData\Local\Programs\Python\Python39\lib\threading.py", line 980, in _bootstrap_inner
27-01-2026 11:16:13.641 [python] [ERROR] self.run()
27-01-2026 11:16:13.641 [python] [ERROR] File "C:\Users\user\AppData\Local\Programs\Python\Python39\lib\threading.py", line 917, in run
27-01-2026 11:16:13.643 [python] [ERROR] self._target(*self._args, **self._kwargs)
27-01-2026 11:16:13.645 [python] [ERROR] File "C:\Users\user\AppData\Local\Programs\Python\Python39\lib\subprocess.py", line 1479, in _readerthread
27-01-2026 11:16:13.645 [python] [ERROR] buffer.append(fh.read())
27-01-2026 11:16:13.649 [python] [ERROR] File "C:\Users\user\AppData\Local\Programs\Python\Python39\lib\encodings\cp1252.py", line 23, in decode
27-01-2026 11:16:13.649 [python] [ERROR] return codecs.charmap_decode(input,self.errors,decoding_table)[0]
27-01-2026 11:16:13.650 [python] [ERROR] UnicodeDecodeError: 'charmap' codec can't decode byte 0x8f in position 332: character maps to <undefined>
27-01-2026 11:17:16.858 [python] [ERROR] Exception in thread
27-01-2026 11:17:16.858 [python] [ERROR] Thread-17:
27-01-2026 11:17:16.859 [python] [ERROR] Traceback (most recent call last):
27-01-2026 11:17:16.859 [python] [ERROR] File "C:\Users\user\AppData\Local\Programs\Python\Python39\lib\threading.py", line 980, in _bootstrap_inner
27-01-2026 11:17:16.859 [python] [ERROR] self.run()
27-01-2026 11:17:16.860 [python] [ERROR] File "C:\Users\user\AppData\Local\Programs\Python\Python39\lib\threading.py", line 917, in run
27-01-2026 11:17:16.860 [python] [ERROR] self._target(*self._args, **self._kwargs)
27-01-2026 11:17:16.861 [python] [ERROR] File "C:\Users\user\AppData\Local\Programs\Python\Python39\lib\subprocess.py", line 1479, in _readerthread
27-01-2026 11:17:16.861 [python] [ERROR] buffer.append(fh.read())
27-01-2026 11:17:16.861 [python] [ERROR] File "C:\Users\user\AppData\Local\Programs\Python\Python39\lib\encodings\cp1252.py", line 23, in decode
27-01-2026 11:17:16.861 [python] [ERROR] return codecs.charmap_decode(input,self.errors,decoding_table)[0]
27-01-2026 11:17:16.861 [python] [ERROR] UnicodeDecodeError: 'charmap' codec can't decode byte 0x8f in position 332: character maps to <undefined>
27-01-2026 11:18:35.387 [python] [ERROR] Exception in thread
27-01-2026 11:18:35.388 [python] [ERROR] Thread-19:
27-01-2026 11:18:35.389 [python] [ERROR] Traceback (most recent call last):
27-01-2026 11:18:35.389 [python] [ERROR] File "C:\Users\user\AppData\Local\Programs\Python\Python39\lib\threading.py", line 980, in _bootstrap_inner
27-01-2026 11:18:35.389 [python] [ERROR] self.run()
27-01-2026 11:18:35.389 [python] [ERROR] File "C:\Users\user\AppData\Local\Programs\Python\Python39\lib\threading.py", line 917, in run
27-01-2026 11:18:35.389 [python] [ERROR] self._target(*self._args, **self._kwargs)
27-01-2026 11:18:35.390 [python] [ERROR] File "C:\Users\user\AppData\Local\Programs\Python\Python39\lib\subprocess.py", line 1479, in _readerthread
27-01-2026 11:18:35.390 [python] [ERROR] buffer.append(fh.read())
27-01-2026 11:18:35.390 [python] [ERROR] File "C:\Users\user\AppData\Local\Programs\Python\Python39\lib\encodings\cp1252.py", line 23, in decode
27-01-2026 11:18:35.391 [python] [ERROR] return codecs.charmap_decode(input,self.errors,decoding_table)[0]
27-01-2026 11:18:35.391 [python] [ERROR] UnicodeDecodeError: 'charmap' codec can't decode byte 0x8f in position 761: character maps to <undefined>
27-01-2026 11:20:07.346 [python] [ERROR] Exception in thread
27-01-2026 11:20:07.348 [python] [ERROR] Thread-21:
27-01-2026 11:20:07.348 [python] [ERROR] Traceback (most recent call last):
27-01-2026 11:20:07.348 [python] [ERROR] File "C:\Users\user\AppData\Local\Programs\Python\Python39\lib\threading.py", line 980, in _bootstrap_inner
27-01-2026 11:20:07.348 [python] [ERROR] self.run()
27-01-2026 11:20:07.349 [python] [ERROR] File "C:\Users\user\AppData\Local\Programs\Python\Python39\lib\threading.py", line 917, in run
27-01-2026 11:20:07.349 [python] [ERROR] self._target(*self._args, **self._kwargs)
27-01-2026 11:20:07.350 [python] [ERROR] File "C:\Users\user\AppData\Local\Programs\Python\Python39\lib\subprocess.py", line 1479, in _readerthread
27-01-2026 11:20:07.350 [python] [ERROR] buffer.append(fh.read())
27-01-2026 11:20:07.350 [python] [ERROR] File "C:\Users\user\AppData\Local\Programs\Python\Python39\lib\encodings\cp1252.py", line 23, in decode
27-01-2026 11:20:07.350 [python] [ERROR] return codecs.charmap_decode(input,self.errors,decoding_table)[0]
27-01-2026 11:20:07.351 [python] [ERROR] UnicodeDecodeError: 'charmap' codec can't decode byte 0x8f in position 332: character maps to <undefined>
27-01-2026 11:24:28.768 [Gauge] [DEBUG] Created gauge_screenshots_dir at D:\Internship\gauge\gauge_web_crawler\.gauge\screenshots
27-01-2026 11:24:28.772 [Gauge] [DEBUG] Plugin python is already installed.
27-01-2026 11:24:28.774 [Gauge] [DEBUG] Plugin html-report is already installed.
27-01-2026 11:24:28.774 [Gauge] [DEBUG] Parsing started.
27-01-2026 11:24:28.774 [Gauge] [DEBUG] Started concepts parsing.
27-01-2026 11:24:28.776 [Gauge] [DEBUG] 0 concepts parsing completed.
27-01-2026 11:24:28.776 [Gauge] [DEBUG] Started specifications parsing.
27-01-2026 11:24:28.781 [Gauge] [DEBUG] 2 specifications parsing completed.
27-01-2026 11:24:28.781 [Gauge] [DEBUG] Parsing completed.
27-01-2026 11:24:29.419 [Gauge] [DEBUG] Checking updates...
27-01-2026 11:24:29.429 [Gauge] [DEBUG] Downloading https://downloads.gauge.org/plugin/html-report?l=python&p=html-report,python,screenshot&o=windows&a=amd64
27-01-2026 11:24:31.051 [Gauge] [DEBUG] Downloading https://downloads.gauge.org/plugin/python?l=python&p=html-report,python,screenshot&o=windows&a=amd64
27-01-2026 11:24:31.455 [Gauge] [DEBUG] Downloading https://downloads.gauge.org/plugin/screenshot?l=python&p=html-report,python,screenshot&o=windows&a=amd64
27-01-2026 11:24:31.748 [python] [INFO] Python: 3.9.13
27-01-2026 11:24:31.748 [python] [DEBUG] Loading step implementations from D:\Internship\gauge\gauge_web_crawler\step_impl dirs.
27-01-2026 11:24:31.762 [python] [DEBUG] Starting grpc server..
27-01-2026 11:24:31.798 [Gauge] [DEBUG] Attempting to connect to grpc server at port: 63276
27-01-2026 11:24:31.798 [Gauge] [DEBUG] Successfully made the connection with runner with port: 63276
27-01-2026 11:24:31.798 [Gauge] [DEBUG] Validation started.
27-01-2026 11:24:31.811 [Gauge] [DEBUG] Validation completed.
27-01-2026 11:24:31.813 [Gauge] [DEBUG] Run started
27-01-2026 11:24:31.816 [Gauge] [DEBUG] Starting Html Report plugin
27-01-2026 11:24:31.886 [html-report] [DEBUG] Setting MaxRecvMsgSize = 1024 MB
27-01-2026 11:24:31.886 [Gauge] [DEBUG] Attempting to connect to grpc server at port: 63279
27-01-2026 11:24:31.886 [Gauge] [DEBUG] Successfully made the connection with plugin with port: 63279
27-01-2026 11:24:31.886 [Gauge] [DEBUG] Initialising suite data store.
27-01-2026 11:24:33.769 [Gauge] [INFO] # AI Test Case Generation
27-01-2026 11:24:33.784 [Gauge] [INFO] ## Generate all test cases from clickables
27-01-2026 11:24:33.816 [Gauge] [DEBUG] * Generate AI test cases using Ollama
