28-01-2026 11:18:58.494 [Gauge] [DEBUG] Created gauge_screenshots_dir at D:\Internship\gauge\gauge_test_cases\.gauge\screenshots
28-01-2026 11:18:58.496 [Gauge] [DEBUG] Plugin python is already installed.
28-01-2026 11:18:58.497 [Gauge] [DEBUG] Plugin html-report is already installed.
28-01-2026 11:18:58.497 [Gauge] [DEBUG] Parsing started.
28-01-2026 11:18:58.497 [Gauge] [DEBUG] Started concepts parsing.
28-01-2026 11:18:58.499 [Gauge] [DEBUG] 0 concepts parsing completed.
28-01-2026 11:18:58.499 [Gauge] [DEBUG] Started specifications parsing.
28-01-2026 11:18:58.501 [Gauge] [ERROR] [ParseError] D:\Internship\gauge\gauge_test_cases\specs\navigation.spec:1 Spec heading not found => ''
28-01-2026 11:18:58.501 [Gauge] [DEBUG] 1 specifications parsing completed.
28-01-2026 11:18:58.501 [Gauge] [DEBUG] Parsing completed.
28-01-2026 11:18:59.523 [Gauge] [DEBUG] Checking updates...
28-01-2026 11:18:59.524 [Gauge] [DEBUG] Downloading https://downloads.gauge.org/plugin/html-report?l=python&p=html-report,python,screenshot&o=windows&a=amd64
28-01-2026 11:18:59.650 [python] [INFO] Python: 3.9.13
28-01-2026 11:18:59.650 [python] [DEBUG] Loading step implementations from D:\Internship\gauge\gauge_test_cases\step_impl dirs.
28-01-2026 11:18:59.700 [python] [DEBUG] Starting grpc server..
28-01-2026 11:18:59.787 [Gauge] [DEBUG] Attempting to connect to grpc server at port: 63037
28-01-2026 11:18:59.787 [Gauge] [DEBUG] Successfully made the connection with runner with port: 63037
28-01-2026 11:18:59.787 [Gauge] [DEBUG] Validation started.
28-01-2026 11:18:59.787 [Gauge] [DEBUG] Validation completed.
28-01-2026 11:18:59.787 [Gauge] [DEBUG] Run started
28-01-2026 11:18:59.789 [Gauge] [DEBUG] Starting Html Report plugin
28-01-2026 11:19:00.004 [html-report] [DEBUG] Setting MaxRecvMsgSize = 1024 MB
28-01-2026 11:19:00.005 [Gauge] [DEBUG] Attempting to connect to grpc server at port: 63039
28-01-2026 11:19:00.005 [Gauge] [DEBUG] Successfully made the connection with plugin with port: 63039
28-01-2026 11:19:00.005 [Gauge] [DEBUG] Initialising suite data store.
28-01-2026 11:19:00.104 [html-report] [DEBUG] Transformed SuiteResult to report structure
28-01-2026 11:19:01.347 [Gauge] [DEBUG] Downloading https://downloads.gauge.org/plugin/python?l=python&p=html-report,python,screenshot&o=windows&a=amd64
28-01-2026 11:19:01.428 [Gauge] [DEBUG] Sending kill message to Html Report plugin.
28-01-2026 11:19:01.430 [html-report] [INFO] Successfully generated html-report to => D:\Internship\gauge\gauge_test_cases\reports\html-report\index.html
28-01-2026 11:19:01.430 [html-report] [DEBUG] Done generating HTML report using theme from C:\Users\user\AppData\Roaming\gauge\plugins\html-report\4.4.0\themes\default
28-01-2026 11:19:01.439 [python] [DEBUG] KillProcessrequest received
28-01-2026 11:19:01.449 [Gauge] [INFO] Specifications:	1 executed	0 passed	1 failed	0 skipped
28-01-2026 11:19:01.449 [Gauge] [INFO] Scenarios:	0 executed	0 passed	0 failed	0 skipped
28-01-2026 11:19:01.450 [Gauge] [INFO] 
Total time taken: 278ms
28-01-2026 11:44:26.948 [Gauge] [DEBUG] Created gauge_screenshots_dir at D:\Internship\gauge\gauge_test_cases\.gauge\screenshots
28-01-2026 11:44:26.951 [Gauge] [DEBUG] Plugin html-report is already installed.
28-01-2026 11:44:26.953 [Gauge] [DEBUG] Plugin python is already installed.
28-01-2026 11:44:26.954 [Gauge] [DEBUG] Parsing started.
28-01-2026 11:44:26.954 [Gauge] [DEBUG] Started concepts parsing.
28-01-2026 11:44:26.955 [Gauge] [DEBUG] 0 concepts parsing completed.
28-01-2026 11:44:26.955 [Gauge] [DEBUG] Started specifications parsing.
28-01-2026 11:44:26.972 [Gauge] [ERROR] [ParseError] D:\Internship\gauge\gauge_test_cases\specs\navigation.spec:1 Spec heading not found => ''
28-01-2026 11:44:26.972 [Gauge] [ERROR] [ParseError] D:\Internship\gauge\gauge_test_cases\specs\navigation.spec:1 Scenario should be defined after the spec heading => '## Test Case'
28-01-2026 11:44:26.972 [Gauge] [DEBUG] 1 specifications parsing completed.
28-01-2026 11:44:26.972 [Gauge] [DEBUG] Parsing completed.
28-01-2026 11:44:27.934 [python] [INFO] Python: 3.9.13
28-01-2026 11:44:27.935 [python] [DEBUG] Loading step implementations from D:\Internship\gauge\gauge_test_cases\step_impl dirs.
28-01-2026 11:44:27.990 [python] [DEBUG] Starting grpc server..
28-01-2026 11:44:28.007 [Gauge] [DEBUG] Attempting to connect to grpc server at port: 56560
28-01-2026 11:44:28.007 [Gauge] [DEBUG] Successfully made the connection with runner with port: 56560
28-01-2026 11:44:28.007 [Gauge] [DEBUG] Validation started.
28-01-2026 11:44:28.007 [Gauge] [DEBUG] Validation completed.
28-01-2026 11:44:28.008 [Gauge] [DEBUG] Run started
28-01-2026 11:44:28.009 [Gauge] [DEBUG] Starting Html Report plugin
28-01-2026 11:44:28.209 [html-report] [DEBUG] Setting MaxRecvMsgSize = 1024 MB
28-01-2026 11:44:28.212 [Gauge] [DEBUG] Attempting to connect to grpc server at port: 56562
28-01-2026 11:44:28.212 [Gauge] [DEBUG] Successfully made the connection with plugin with port: 56562
28-01-2026 11:44:28.212 [Gauge] [DEBUG] Initialising suite data store.
28-01-2026 11:44:28.244 [html-report] [DEBUG] Transformed SuiteResult to report structure
28-01-2026 11:44:28.447 [Gauge] [DEBUG] Sending kill message to Html Report plugin.
28-01-2026 11:44:28.448 [html-report] [INFO] Successfully generated html-report to => D:\Internship\gauge\gauge_test_cases\reports\html-report\index.html
28-01-2026 11:44:28.448 [html-report] [DEBUG] Done generating HTML report using theme from C:\Users\user\AppData\Roaming\gauge\plugins\html-report\4.4.0\themes\default
28-01-2026 11:44:28.450 [python] [DEBUG] KillProcessrequest received
28-01-2026 11:44:28.451 [Gauge] [INFO] Specifications:	1 executed	0 passed	1 failed	0 skipped
28-01-2026 11:44:28.451 [Gauge] [INFO] Scenarios:	0 executed	0 passed	0 failed	0 skipped
28-01-2026 11:44:28.451 [Gauge] [INFO] 
Total time taken: 234ms
28-01-2026 11:49:49.303 [Gauge] [DEBUG] Created gauge_screenshots_dir at D:\Internship\gauge\gauge_test_cases\.gauge\screenshots
28-01-2026 11:49:49.306 [Gauge] [DEBUG] Plugin python is already installed.
28-01-2026 11:49:49.307 [Gauge] [DEBUG] Plugin html-report is already installed.
28-01-2026 11:49:49.308 [Gauge] [DEBUG] Parsing started.
28-01-2026 11:49:49.308 [Gauge] [DEBUG] Started concepts parsing.
28-01-2026 11:49:49.310 [Gauge] [DEBUG] 0 concepts parsing completed.
28-01-2026 11:49:49.311 [Gauge] [DEBUG] Started specifications parsing.
28-01-2026 11:49:49.314 [Gauge] [DEBUG] 1 specifications parsing completed.
28-01-2026 11:49:49.314 [Gauge] [DEBUG] Parsing completed.
28-01-2026 11:49:50.011 [python] [INFO] Python: 3.9.13
28-01-2026 11:49:50.011 [python] [DEBUG] Loading step implementations from D:\Internship\gauge\gauge_test_cases\step_impl dirs.
28-01-2026 11:49:50.035 [python] [DEBUG] Starting grpc server..
28-01-2026 11:49:50.049 [Gauge] [DEBUG] Attempting to connect to grpc server at port: 60904
28-01-2026 11:49:50.049 [Gauge] [DEBUG] Successfully made the connection with runner with port: 60904
28-01-2026 11:49:50.049 [Gauge] [DEBUG] Validation started.
28-01-2026 11:49:50.057 [Gauge] [ERROR] [ValidationError] D:\Internship\gauge\gauge_test_cases\specs\navigation.spec:4 Step implementation not found => 'Open page "<from_url>"'
28-01-2026 11:49:50.057 [Gauge] [ERROR] [ValidationError] D:\Internship\gauge\gauge_test_cases\specs\navigation.spec:5 Step implementation not found => 'Click element "<action_text>"'
28-01-2026 11:49:50.058 [Gauge] [ERROR] [ValidationError] D:\Internship\gauge\gauge_test_cases\specs\navigation.spec:6 Step implementation not found => 'Verify page navigated to "<to_url>"'
28-01-2026 11:49:50.058 [Gauge] [INFO] Add the following missing implementations to fix `Step implementation not found` errors.
28-01-2026 11:49:50.058 [Gauge] [INFO] @step("Open page <<from_url>>")
def open_page(arg1):
    assert False, "Add implementation code"
28-01-2026 11:49:50.058 [Gauge] [INFO] @step("Click element <<action_text>>")
def click_element(arg1):
    assert False, "Add implementation code"
28-01-2026 11:49:50.058 [Gauge] [INFO] @step("Verify page navigated to <<to_url>>")
def verify_page_navigated_to(arg1):
    assert False, "Add implementation code"
28-01-2026 11:49:50.059 [Gauge] [DEBUG] Run started
28-01-2026 11:49:50.060 [Gauge] [DEBUG] Starting Html Report plugin
28-01-2026 11:49:50.088 [html-report] [DEBUG] Setting MaxRecvMsgSize = 1024 MB
28-01-2026 11:49:50.088 [Gauge] [DEBUG] Attempting to connect to grpc server at port: 60907
28-01-2026 11:49:50.088 [Gauge] [DEBUG] Successfully made the connection with plugin with port: 60907
28-01-2026 11:49:50.088 [Gauge] [DEBUG] Initialising suite data store.
28-01-2026 11:49:50.106 [html-report] [DEBUG] Transformed SuiteResult to report structure
28-01-2026 11:49:50.123 [Gauge] [DEBUG] Sending kill message to Html Report plugin.
28-01-2026 11:49:50.125 [html-report] [INFO] Successfully generated html-report to => D:\Internship\gauge\gauge_test_cases\reports\html-report\index.html
28-01-2026 11:49:50.125 [html-report] [DEBUG] Done generating HTML report using theme from C:\Users\user\AppData\Roaming\gauge\plugins\html-report\4.4.0\themes\default
28-01-2026 11:49:50.129 [python] [DEBUG] KillProcessrequest received
28-01-2026 11:49:50.131 [Gauge] [INFO] Specifications:	0 executed	0 passed	0 failed	1 skipped
28-01-2026 11:49:50.133 [Gauge] [INFO] Scenarios:	0 executed	0 passed	0 failed	1 skipped
28-01-2026 11:49:50.141 [Gauge] [INFO] 
Total time taken: 45ms
28-01-2026 11:53:42.328 [Gauge] [DEBUG] Created gauge_screenshots_dir at D:\Internship\gauge\gauge_test_cases\.gauge\screenshots
28-01-2026 11:53:42.330 [Gauge] [DEBUG] Plugin python is already installed.
28-01-2026 11:53:42.331 [Gauge] [DEBUG] Plugin html-report is already installed.
28-01-2026 11:53:42.331 [Gauge] [DEBUG] Parsing started.
28-01-2026 11:53:42.331 [Gauge] [DEBUG] Started concepts parsing.
28-01-2026 11:53:42.335 [Gauge] [DEBUG] 0 concepts parsing completed.
28-01-2026 11:53:42.335 [Gauge] [DEBUG] Started specifications parsing.
28-01-2026 11:53:42.337 [Gauge] [DEBUG] 1 specifications parsing completed.
28-01-2026 11:53:42.337 [Gauge] [DEBUG] Parsing completed.
28-01-2026 11:53:43.047 [python] [INFO] Python: 3.9.13
28-01-2026 11:53:43.047 [python] [DEBUG] Loading step implementations from D:\Internship\gauge\gauge_test_cases\step_impl dirs.
28-01-2026 11:53:43.078 [python] [DEBUG] Starting grpc server..
28-01-2026 11:53:43.087 [Gauge] [DEBUG] Attempting to connect to grpc server at port: 61428
28-01-2026 11:53:43.087 [Gauge] [DEBUG] Successfully made the connection with runner with port: 61428
28-01-2026 11:53:43.087 [Gauge] [DEBUG] Validation started.
28-01-2026 11:53:43.096 [Gauge] [ERROR] [ValidationError] D:\Internship\gauge\gauge_test_cases\specs\navigation.spec:7 Step implementation not found => 'Open page "https://www.calculator.net/"'
28-01-2026 11:53:43.096 [Gauge] [ERROR] [ValidationError] D:\Internship\gauge\gauge_test_cases\specs\navigation.spec:8 Step implementation not found => 'Click element "Sign in"'
28-01-2026 11:53:43.096 [Gauge] [ERROR] [ValidationError] D:\Internship\gauge\gauge_test_cases\specs\navigation.spec:9 Step implementation not found => 'Verify page navigated to "https://www.calculator.net/my-account/sign-in.php"'
28-01-2026 11:53:43.097 [Gauge] [ERROR] [ValidationError] D:\Internship\gauge\gauge_test_cases\specs\navigation.spec:12 Step implementation not found => 'Open page "https://www.calculator.net/"'
28-01-2026 11:53:43.097 [Gauge] [ERROR] [ValidationError] D:\Internship\gauge\gauge_test_cases\specs\navigation.spec:13 Step implementation not found => 'Click element "Financial Calculators"'
28-01-2026 11:53:43.097 [Gauge] [ERROR] [ValidationError] D:\Internship\gauge\gauge_test_cases\specs\navigation.spec:14 Step implementation not found => 'Verify that the link loads and opens to a financial calculator website'
28-01-2026 11:53:43.097 [Gauge] [ERROR] [ValidationError] D:\Internship\gauge\gauge_test_cases\specs\navigation.spec:17 Step implementation not found => 'Open page "https://www.calculator.net/"'
28-01-2026 11:53:43.097 [Gauge] [ERROR] [ValidationError] D:\Internship\gauge\gauge_test_cases\specs\navigation.spec:18 Step implementation not found => 'Click element "Mortgage Calculator"'
28-01-2026 11:53:43.097 [Gauge] [ERROR] [ValidationError] D:\Internship\gauge\gauge_test_cases\specs\navigation.spec:19 Step implementation not found => 'Verify that the link loads and opens to a mortgage calculator website'
28-01-2026 11:53:43.098 [Gauge] [INFO] Add the following missing implementations to fix `Step implementation not found` errors.
28-01-2026 11:53:43.098 [Gauge] [INFO] @step("Open page <https://www.calculator.net/>")
def open_page(arg1):
    assert False, "Add implementation code"
28-01-2026 11:53:43.098 [Gauge] [INFO] @step("Click element <Sign in>")
def click_element(arg1):
    assert False, "Add implementation code"
28-01-2026 11:53:43.098 [Gauge] [INFO] @step("Verify page navigated to <https://www.calculator.net/my-account/sign-in.php>")
def verify_page_navigated_to(arg1):
    assert False, "Add implementation code"
28-01-2026 11:53:43.098 [Gauge] [INFO] @step("Verify that the link loads and opens to a financial calculator website")
def verify_that_the_link_loads_and_opens_to_a_financial_calculator_website():
    assert False, "Add implementation code"
28-01-2026 11:53:43.098 [Gauge] [INFO] @step("Verify that the link loads and opens to a mortgage calculator website")
def verify_that_the_link_loads_and_opens_to_a_mortgage_calculator_website():
    assert False, "Add implementation code"
28-01-2026 11:53:43.099 [Gauge] [DEBUG] Run started
28-01-2026 11:53:43.099 [Gauge] [DEBUG] Starting Html Report plugin
28-01-2026 11:53:43.132 [html-report] [DEBUG] Setting MaxRecvMsgSize = 1024 MB
28-01-2026 11:53:43.132 [Gauge] [DEBUG] Attempting to connect to grpc server at port: 61431
28-01-2026 11:53:43.132 [Gauge] [DEBUG] Successfully made the connection with plugin with port: 61431
28-01-2026 11:53:43.132 [Gauge] [DEBUG] Initialising suite data store.
28-01-2026 11:53:43.145 [html-report] [DEBUG] Transformed SuiteResult to report structure
28-01-2026 11:53:43.163 [Gauge] [DEBUG] Sending kill message to Html Report plugin.
28-01-2026 11:53:43.163 [html-report] [INFO] Successfully generated html-report to => D:\Internship\gauge\gauge_test_cases\reports\html-report\index.html
28-01-2026 11:53:43.163 [html-report] [DEBUG] Done generating HTML report using theme from C:\Users\user\AppData\Roaming\gauge\plugins\html-report\4.4.0\themes\default
28-01-2026 11:53:43.165 [python] [DEBUG] KillProcessrequest received
28-01-2026 11:53:43.166 [Gauge] [INFO] Specifications:	0 executed	0 passed	0 failed	1 skipped
28-01-2026 11:53:43.167 [Gauge] [INFO] Scenarios:	0 executed	0 passed	0 failed	3 skipped
28-01-2026 11:53:43.167 [Gauge] [INFO] 
Total time taken: 44ms
28-01-2026 11:55:02.887 [Gauge] [DEBUG] Created gauge_screenshots_dir at D:\Internship\gauge\gauge_test_cases\.gauge\screenshots
28-01-2026 11:55:02.890 [Gauge] [DEBUG] Plugin python is already installed.
28-01-2026 11:55:02.891 [Gauge] [DEBUG] Plugin html-report is already installed.
28-01-2026 11:55:02.892 [Gauge] [DEBUG] Parsing started.
28-01-2026 11:55:02.892 [Gauge] [DEBUG] Started concepts parsing.
28-01-2026 11:55:02.895 [Gauge] [DEBUG] 0 concepts parsing completed.
28-01-2026 11:55:02.896 [Gauge] [DEBUG] Started specifications parsing.
28-01-2026 11:55:02.897 [Gauge] [DEBUG] 1 specifications parsing completed.
28-01-2026 11:55:02.897 [Gauge] [DEBUG] Parsing completed.
28-01-2026 11:55:03.583 [python] [INFO] Python: 3.9.13
28-01-2026 11:55:03.583 [python] [DEBUG] Loading step implementations from D:\Internship\gauge\gauge_test_cases\step_impl dirs.
28-01-2026 11:55:03.608 [python] [DEBUG] Starting grpc server..
28-01-2026 11:55:03.620 [Gauge] [DEBUG] Attempting to connect to grpc server at port: 51834
28-01-2026 11:55:03.620 [Gauge] [DEBUG] Successfully made the connection with runner with port: 51834
28-01-2026 11:55:03.620 [Gauge] [DEBUG] Validation started.
28-01-2026 11:55:03.630 [Gauge] [ERROR] [ValidationError] D:\Internship\gauge\gauge_test_cases\specs\navigation.spec:3 Step implementation not found => 'Open page "https://www.calculator.net/"'
28-01-2026 11:55:03.630 [Gauge] [ERROR] [ValidationError] D:\Internship\gauge\gauge_test_cases\specs\navigation.spec:4 Step implementation not found => 'Sign in with username: user1, password: test123'
28-01-2026 11:55:03.630 [Gauge] [ERROR] [ValidationError] D:\Internship\gauge\gauge_test_cases\specs\navigation.spec:5 Step implementation not found => 'Verify page navigated to "https://www.calculator.net/my-account/sign-in.php"'
28-01-2026 11:55:03.630 [Gauge] [ERROR] [ValidationError] D:\Internship\gauge\gauge_test_cases\specs\navigation.spec:7 Step implementation not found => 'Open page "https://www.calculator.net/"'
28-01-2026 11:55:03.630 [Gauge] [ERROR] [ValidationError] D:\Internship\gauge\gauge_test_cases\specs\navigation.spec:8 Step implementation not found => 'Navigate to "Financial Calculators"'
28-01-2026 11:55:03.630 [Gauge] [ERROR] [ValidationError] D:\Internship\gauge\gauge_test_cases\specs\navigation.spec:9 Step implementation not found => 'Click on the " Mortgage Calculator" link'
28-01-2026 11:55:03.630 [Gauge] [ERROR] [ValidationError] D:\Internship\gauge\gauge_test_cases\specs\navigation.spec:10 Step implementation not found => 'Check that the page is redirected to "https://www.calculator.net/financial-calculator.html"'
28-01-2026 11:55:03.630 [Gauge] [INFO] Add the following missing implementations to fix `Step implementation not found` errors.
28-01-2026 11:55:03.631 [Gauge] [INFO] @step("Open page <https://www.calculator.net/>")
def open_page(arg1):
    assert False, "Add implementation code"
28-01-2026 11:55:03.631 [Gauge] [INFO] @step("Sign in with username: user1, password: test123")
def gbzeoa():
    assert False, "Add implementation code"
28-01-2026 11:55:03.631 [Gauge] [INFO] @step("Verify page navigated to <https://www.calculator.net/my-account/sign-in.php>")
def verify_page_navigated_to(arg1):
    assert False, "Add implementation code"
28-01-2026 11:55:03.631 [Gauge] [INFO] @step("Navigate to <Financial Calculators>")
def navigate_to(arg1):
    assert False, "Add implementation code"
28-01-2026 11:55:03.631 [Gauge] [INFO] @step("Click on the < Mortgage Calculator> link")
def click_on_the_link(arg1):
    assert False, "Add implementation code"
28-01-2026 11:55:03.631 [Gauge] [INFO] @step("Check that the page is redirected to <https://www.calculator.net/financial-calculator.html>")
def check_that_the_page_is_redirected_to(arg1):
    assert False, "Add implementation code"
28-01-2026 11:55:03.631 [Gauge] [DEBUG] Run started
28-01-2026 11:55:03.633 [Gauge] [DEBUG] Starting Html Report plugin
28-01-2026 11:55:03.658 [html-report] [DEBUG] Setting MaxRecvMsgSize = 1024 MB
28-01-2026 11:55:03.658 [Gauge] [DEBUG] Attempting to connect to grpc server at port: 51837
28-01-2026 11:55:03.658 [Gauge] [DEBUG] Successfully made the connection with plugin with port: 51837
28-01-2026 11:55:03.658 [Gauge] [DEBUG] Initialising suite data store.
28-01-2026 11:55:03.673 [html-report] [DEBUG] Transformed SuiteResult to report structure
28-01-2026 11:55:03.689 [Gauge] [DEBUG] Sending kill message to Html Report plugin.
28-01-2026 11:55:03.692 [html-report] [INFO] Successfully generated html-report to => D:\Internship\gauge\gauge_test_cases\reports\html-report\index.html
28-01-2026 11:55:03.692 [html-report] [DEBUG] Done generating HTML report using theme from C:\Users\user\AppData\Roaming\gauge\plugins\html-report\4.4.0\themes\default
28-01-2026 11:55:03.694 [python] [DEBUG] KillProcessrequest received
28-01-2026 11:55:03.695 [Gauge] [INFO] Specifications:	0 executed	0 passed	0 failed	1 skipped
28-01-2026 11:55:03.700 [Gauge] [INFO] Scenarios:	0 executed	0 passed	0 failed	2 skipped
28-01-2026 11:55:03.701 [Gauge] [INFO] 
Total time taken: 40ms
28-01-2026 12:01:29.711 [Gauge] [DEBUG] Created gauge_screenshots_dir at D:\Internship\gauge\gauge_test_cases\.gauge\screenshots
28-01-2026 12:01:29.714 [Gauge] [DEBUG] Plugin python is already installed.
28-01-2026 12:01:29.715 [Gauge] [DEBUG] Plugin html-report is already installed.
28-01-2026 12:01:29.716 [Gauge] [DEBUG] Parsing started.
28-01-2026 12:01:29.716 [Gauge] [DEBUG] Started concepts parsing.
28-01-2026 12:01:29.717 [Gauge] [DEBUG] 0 concepts parsing completed.
28-01-2026 12:01:29.717 [Gauge] [DEBUG] Started specifications parsing.
28-01-2026 12:01:29.718 [Gauge] [DEBUG] 1 specifications parsing completed.
28-01-2026 12:01:29.718 [Gauge] [DEBUG] Parsing completed.
28-01-2026 12:01:30.400 [python] [INFO] Python: 3.9.13
28-01-2026 12:01:30.400 [python] [DEBUG] Loading step implementations from D:\Internship\gauge\gauge_test_cases\step_impl dirs.
28-01-2026 12:01:30.439 [python] [DEBUG] Starting grpc server..
28-01-2026 12:01:30.448 [Gauge] [DEBUG] Attempting to connect to grpc server at port: 50374
28-01-2026 12:01:30.449 [Gauge] [DEBUG] Successfully made the connection with runner with port: 50374
28-01-2026 12:01:30.449 [Gauge] [DEBUG] Validation started.
28-01-2026 12:01:30.456 [Gauge] [ERROR] [ValidationError] D:\Internship\gauge\gauge_test_cases\specs\navigation.spec:4 Step implementation not found => 'Click element "my-account/sign-in.php" (Expected: Page navigates to "https://www.calculator.net/my-account/sign-in.php")'
28-01-2026 12:01:30.456 [Gauge] [ERROR] [ValidationError] D:\Internship\gauge\gauge_test_cases\specs\navigation.spec:5 Step implementation not found => 'Verify page navigated to "https://www.calculator.net/" and the correct action text ("Sign in") is displayed.'
28-01-2026 12:01:30.456 [Gauge] [ERROR] [ValidationError] D:\Internship\gauge\gauge_test_cases\specs\navigation.spec:8 Step implementation not found => 'Close all pages.'
28-01-2026 12:01:30.456 [Gauge] [INFO] Add the following missing implementations to fix `Step implementation not found` errors.
28-01-2026 12:01:30.456 [Gauge] [INFO] @step("Click element <my-account/sign-in.php> (Expected: Page navigates to <https://www.calculator.net/my-account/sign-in.php>)")
def jlgkkv(arg1, arg2):
    assert False, "Add implementation code"
28-01-2026 12:01:30.456 [Gauge] [INFO] @step("Verify page navigated to <https://www.calculator.net/> and the correct action text (<Sign in>) is displayed.")
def dfertb(arg1, arg2):
    assert False, "Add implementation code"
28-01-2026 12:01:30.456 [Gauge] [INFO] @step("Close all pages.")
def frlkns():
    assert False, "Add implementation code"
28-01-2026 12:01:30.457 [Gauge] [DEBUG] Run started
28-01-2026 12:01:30.458 [Gauge] [DEBUG] Starting Html Report plugin
28-01-2026 12:01:30.488 [html-report] [DEBUG] Setting MaxRecvMsgSize = 1024 MB
28-01-2026 12:01:30.488 [Gauge] [DEBUG] Attempting to connect to grpc server at port: 50377
28-01-2026 12:01:30.488 [Gauge] [DEBUG] Successfully made the connection with plugin with port: 50377
28-01-2026 12:01:30.488 [Gauge] [DEBUG] Initialising suite data store.
28-01-2026 12:01:30.734 [html-report] [DEBUG] Transformed SuiteResult to report structure
28-01-2026 12:01:30.747 [Gauge] [DEBUG] Sending kill message to Html Report plugin.
28-01-2026 12:01:30.747 [html-report] [INFO] Successfully generated html-report to => D:\Internship\gauge\gauge_test_cases\reports\html-report\index.html
28-01-2026 12:01:30.747 [html-report] [DEBUG] Done generating HTML report using theme from C:\Users\user\AppData\Roaming\gauge\plugins\html-report\4.4.0\themes\default
28-01-2026 12:01:30.750 [python] [DEBUG] KillProcessrequest received
28-01-2026 12:01:30.752 [Gauge] [INFO] Specifications:	0 executed	0 passed	0 failed	1 skipped
28-01-2026 12:01:30.754 [Gauge] [INFO] Scenarios:	0 executed	0 passed	0 failed	1 skipped
28-01-2026 12:01:30.755 [Gauge] [INFO] 
Total time taken: 275ms
28-01-2026 17:00:13.794 [Gauge] [DEBUG] Created gauge_screenshots_dir at D:\Internship\gauge\gauge_test_cases\.gauge\screenshots
28-01-2026 17:00:13.824 [Gauge] [DEBUG] Plugin python is already installed.
28-01-2026 17:00:13.845 [Gauge] [DEBUG] Plugin html-report is already installed.
28-01-2026 17:00:13.846 [Gauge] [DEBUG] Parsing started.
28-01-2026 17:00:13.846 [Gauge] [DEBUG] Started concepts parsing.
28-01-2026 17:00:13.847 [Gauge] [DEBUG] 0 concepts parsing completed.
28-01-2026 17:00:13.847 [Gauge] [DEBUG] Started specifications parsing.
28-01-2026 17:00:13.848 [Gauge] [DEBUG] 1 specifications parsing completed.
28-01-2026 17:00:13.848 [Gauge] [DEBUG] Parsing completed.
28-01-2026 17:00:15.251 [python] [INFO] Python: 3.9.13
28-01-2026 17:00:15.252 [python] [DEBUG] Loading step implementations from D:\Internship\gauge\gauge_test_cases\step_impl dirs.
28-01-2026 17:00:15.329 [python] [DEBUG] Starting grpc server..
28-01-2026 17:00:15.346 [Gauge] [DEBUG] Attempting to connect to grpc server at port: 56198
28-01-2026 17:00:15.346 [Gauge] [DEBUG] Successfully made the connection with runner with port: 56198
28-01-2026 17:00:15.346 [Gauge] [DEBUG] Validation started.
28-01-2026 17:00:15.363 [Gauge] [DEBUG] Validation completed.
28-01-2026 17:00:15.363 [Gauge] [DEBUG] Run started
28-01-2026 17:00:15.364 [Gauge] [DEBUG] Starting Html Report plugin
28-01-2026 17:00:15.566 [html-report] [DEBUG] Setting MaxRecvMsgSize = 1024 MB
28-01-2026 17:00:15.566 [Gauge] [DEBUG] Attempting to connect to grpc server at port: 56201
28-01-2026 17:00:15.566 [Gauge] [DEBUG] Successfully made the connection with plugin with port: 56201
28-01-2026 17:00:15.566 [Gauge] [DEBUG] Initialising suite data store.
28-01-2026 17:00:15.778 [Gauge] [INFO] # Navigation Tests
28-01-2026 17:00:15.782 [Gauge] [INFO] ## calculate financial data
28-01-2026 17:00:15.786 [Gauge] [DEBUG] * Open page "https://www.calculator.net/"
28-01-2026 17:00:16.300 [Gauge] [DEBUG] Checking updates...
28-01-2026 17:00:16.312 [Gauge] [DEBUG] Downloading https://downloads.gauge.org/plugin/html-report?l=python&p=html-report,python,screenshot&o=windows&a=amd64
28-01-2026 17:00:17.086 [Gauge] [DEBUG] Downloading https://downloads.gauge.org/plugin/python?l=python&p=html-report,python,screenshot&o=windows&a=amd64
28-01-2026 17:00:17.367 [Gauge] [DEBUG] Downloading https://downloads.gauge.org/plugin/screenshot?l=python&p=html-report,python,screenshot&o=windows&a=amd64
28-01-2026 17:00:26.873 [Gauge] [DEBUG] * Click element "Financial Calculators"
28-01-2026 17:00:29.998 [Gauge] [DEBUG] * Verify page navigated to "https://www.calculator.net/financial-calculator.html"
28-01-2026 17:00:30.051 [html-report] [DEBUG] Transformed SuiteResult to report structure
28-01-2026 17:00:30.437 [Gauge] [DEBUG] Sending kill message to Html Report plugin.
28-01-2026 17:00:30.440 [html-report] [INFO] Successfully generated html-report to => D:\Internship\gauge\gauge_test_cases\reports\html-report\index.html
28-01-2026 17:00:30.440 [html-report] [DEBUG] Done generating HTML report using theme from C:\Users\user\AppData\Roaming\gauge\plugins\html-report\4.4.0\themes\default
28-01-2026 17:00:30.443 [python] [DEBUG] KillProcessrequest received
28-01-2026 17:00:30.448 [Gauge] [INFO] Specifications:	1 executed	1 passed	0 failed	0 skipped
28-01-2026 17:00:30.454 [Gauge] [INFO] Scenarios:	1 executed	1 passed	0 failed	0 skipped
28-01-2026 17:00:30.458 [Gauge] [INFO] 
Total time taken: 14.68s
28-01-2026 17:10:13.635 [Gauge] [DEBUG] Created gauge_screenshots_dir at D:\Internship\gauge\gauge_test_cases\.gauge\screenshots
28-01-2026 17:10:13.639 [Gauge] [DEBUG] Plugin python is already installed.
28-01-2026 17:10:13.641 [Gauge] [DEBUG] Plugin html-report is already installed.
28-01-2026 17:10:13.642 [Gauge] [DEBUG] Parsing started.
28-01-2026 17:10:13.642 [Gauge] [DEBUG] Started concepts parsing.
28-01-2026 17:10:13.645 [Gauge] [DEBUG] 0 concepts parsing completed.
28-01-2026 17:10:13.645 [Gauge] [DEBUG] Started specifications parsing.
28-01-2026 17:10:13.646 [Gauge] [DEBUG] 1 specifications parsing completed.
28-01-2026 17:10:13.646 [Gauge] [DEBUG] Parsing completed.
28-01-2026 17:10:14.404 [python] [INFO] Python: 3.9.13
28-01-2026 17:10:14.404 [python] [DEBUG] Loading step implementations from D:\Internship\gauge\gauge_test_cases\step_impl dirs.
28-01-2026 17:10:14.427 [python] [DEBUG] Starting grpc server..
28-01-2026 17:10:14.440 [Gauge] [DEBUG] Attempting to connect to grpc server at port: 59818
28-01-2026 17:10:14.440 [Gauge] [DEBUG] Successfully made the connection with runner with port: 59818
28-01-2026 17:10:14.440 [Gauge] [DEBUG] Validation started.
28-01-2026 17:10:14.454 [Gauge] [DEBUG] Validation completed.
28-01-2026 17:10:14.454 [Gauge] [DEBUG] Run started
28-01-2026 17:10:14.455 [Gauge] [DEBUG] Starting Html Report plugin
28-01-2026 17:10:14.483 [html-report] [DEBUG] Setting MaxRecvMsgSize = 1024 MB
28-01-2026 17:10:14.484 [Gauge] [DEBUG] Attempting to connect to grpc server at port: 59821
28-01-2026 17:10:14.484 [Gauge] [DEBUG] Successfully made the connection with plugin with port: 59821
28-01-2026 17:10:14.484 [Gauge] [DEBUG] Initialising suite data store.
28-01-2026 17:10:14.548 [Gauge] [DEBUG] Checking updates...
28-01-2026 17:10:14.550 [Gauge] [DEBUG] Downloading https://downloads.gauge.org/plugin/html-report?l=python&p=html-report,python,screenshot&o=windows&a=amd64
28-01-2026 17:10:14.748 [Gauge] [INFO] # Navigation Tests
28-01-2026 17:10:14.753 [Gauge] [INFO] ## sign in
28-01-2026 17:10:14.757 [Gauge] [DEBUG] * Open page "https://www.calculator.net/"
28-01-2026 17:10:17.098 [Gauge] [DEBUG] Downloading https://downloads.gauge.org/plugin/python?l=python&p=html-report,python,screenshot&o=windows&a=amd64
28-01-2026 17:10:17.242 [Gauge] [DEBUG] Downloading https://downloads.gauge.org/plugin/screenshot?l=python&p=html-report,python,screenshot&o=windows&a=amd64
28-01-2026 17:10:21.568 [Gauge] [DEBUG] * Click element "Sign in"
28-01-2026 17:10:22.300 [Gauge] [ERROR] Failed Step: Click element "Sign in"
28-01-2026 17:10:22.300 [Gauge] [ERROR] Error Message: Element with text 'Sign in' not found
28-01-2026 17:10:22.300 [Gauge] [ERROR] Specification: specs\navigation.spec:5
28-01-2026 17:10:22.301 [Gauge] [ERROR] Stacktrace: 
Traceback (most recent call last):
  File "D:\Internship\.venv\lib\site-packages\getgauge\executor.py", line 35, in execute_method
    step.impl(*params)
  File "D:\Internship\gauge\gauge_test_cases\step_impl\step_impl.py", line 22, in click_element
    raise Exception(f"Element with text '{text}' not found")
Exception: Element with text 'Sign in' not found
28-01-2026 17:10:22.304 [Gauge] [INFO] ## Financial Calculators
28-01-2026 17:10:22.318 [Gauge] [DEBUG] * Open page "https://www.calculator.net/"
28-01-2026 17:10:25.215 [Gauge] [DEBUG] * Click element "Financial calculators"
28-01-2026 17:10:25.391 [Gauge] [ERROR] Failed Step: Click element "Financial calculators"
28-01-2026 17:10:25.391 [Gauge] [ERROR] Error Message: Element with text 'Financial calculators' not found
28-01-2026 17:10:25.391 [Gauge] [ERROR] Specification: specs\navigation.spec:10
28-01-2026 17:10:25.391 [Gauge] [ERROR] Stacktrace: 
Traceback (most recent call last):
  File "D:\Internship\.venv\lib\site-packages\getgauge\executor.py", line 35, in execute_method
    step.impl(*params)
  File "D:\Internship\gauge\gauge_test_cases\step_impl\step_impl.py", line 22, in click_element
    raise Exception(f"Element with text '{text}' not found")
Exception: Element with text 'Financial calculators' not found
28-01-2026 17:10:25.392 [Gauge] [INFO] ## Mortgage Calculator
28-01-2026 17:10:25.403 [Gauge] [DEBUG] * Open page "https://www.calculator.net/"
28-01-2026 17:10:27.753 [Gauge] [DEBUG] * Click element "Mortgage calculator"
28-01-2026 17:10:27.928 [Gauge] [ERROR] Failed Step: Click element "Mortgage calculator"
28-01-2026 17:10:27.928 [Gauge] [ERROR] Error Message: Element with text 'Mortgage calculator' not found
28-01-2026 17:10:27.929 [Gauge] [ERROR] Specification: specs\navigation.spec:15
28-01-2026 17:10:27.929 [Gauge] [ERROR] Stacktrace: 
Traceback (most recent call last):
  File "D:\Internship\.venv\lib\site-packages\getgauge\executor.py", line 35, in execute_method
    step.impl(*params)
  File "D:\Internship\gauge\gauge_test_cases\step_impl\step_impl.py", line 22, in click_element
    raise Exception(f"Element with text '{text}' not found")
Exception: Element with text 'Mortgage calculator' not found
28-01-2026 17:10:27.957 [html-report] [DEBUG] Transformed SuiteResult to report structure
28-01-2026 17:10:28.045 [Gauge] [DEBUG] Sending kill message to Html Report plugin.
28-01-2026 17:10:28.058 [html-report] [INFO] Successfully generated html-report to => D:\Internship\gauge\gauge_test_cases\reports\html-report\index.html
28-01-2026 17:10:28.058 [html-report] [DEBUG] Done generating HTML report using theme from C:\Users\user\AppData\Roaming\gauge\plugins\html-report\4.4.0\themes\default
28-01-2026 17:10:28.104 [python] [DEBUG] KillProcessrequest received
28-01-2026 17:10:28.113 [Gauge] [INFO] Specifications:	1 executed	0 passed	1 failed	0 skipped
28-01-2026 17:10:28.118 [Gauge] [INFO] Scenarios:	3 executed	0 passed	3 failed	0 skipped
28-01-2026 17:10:28.134 [Gauge] [INFO] 
Total time taken: 13.485s
28-01-2026 17:13:56.288 [Gauge] [DEBUG] Created gauge_screenshots_dir at D:\Internship\gauge\gauge_test_cases\.gauge\screenshots
28-01-2026 17:13:56.290 [Gauge] [DEBUG] Plugin python is already installed.
28-01-2026 17:13:56.293 [Gauge] [DEBUG] Plugin html-report is already installed.
28-01-2026 17:13:56.295 [Gauge] [DEBUG] Parsing started.
28-01-2026 17:13:56.295 [Gauge] [DEBUG] Started concepts parsing.
28-01-2026 17:13:56.297 [Gauge] [DEBUG] 0 concepts parsing completed.
28-01-2026 17:13:56.297 [Gauge] [DEBUG] Started specifications parsing.
28-01-2026 17:13:56.299 [Gauge] [DEBUG] 1 specifications parsing completed.
28-01-2026 17:13:56.300 [Gauge] [DEBUG] Parsing completed.
28-01-2026 17:13:57.062 [python] [INFO] Python: 3.9.13
28-01-2026 17:13:57.063 [python] [DEBUG] Loading step implementations from D:\Internship\gauge\gauge_test_cases\step_impl dirs.
28-01-2026 17:13:57.077 [python] [DEBUG] Starting grpc server..
28-01-2026 17:13:57.090 [Gauge] [DEBUG] Attempting to connect to grpc server at port: 53384
28-01-2026 17:13:57.090 [Gauge] [DEBUG] Successfully made the connection with runner with port: 53384
28-01-2026 17:13:57.090 [Gauge] [DEBUG] Validation started.
28-01-2026 17:13:57.095 [Gauge] [DEBUG] Validation completed.
28-01-2026 17:13:57.096 [Gauge] [DEBUG] Run started
28-01-2026 17:13:57.096 [Gauge] [DEBUG] Starting Html Report plugin
28-01-2026 17:13:57.111 [Gauge] [DEBUG] Checking updates...
28-01-2026 17:13:57.113 [Gauge] [DEBUG] Downloading https://downloads.gauge.org/plugin/html-report?l=python&p=html-report,python,screenshot&o=windows&a=amd64
28-01-2026 17:13:57.126 [html-report] [DEBUG] Setting MaxRecvMsgSize = 1024 MB
28-01-2026 17:13:57.126 [Gauge] [DEBUG] Attempting to connect to grpc server at port: 53387
28-01-2026 17:13:57.126 [Gauge] [DEBUG] Successfully made the connection with plugin with port: 53387
28-01-2026 17:13:57.126 [Gauge] [DEBUG] Initialising suite data store.
28-01-2026 17:13:57.382 [Gauge] [INFO] # Navigation Tests
28-01-2026 17:13:57.390 [Gauge] [INFO] ## Sign in
28-01-2026 17:13:57.395 [Gauge] [DEBUG] * Open page "https://www.calculator.net/"
28-01-2026 17:13:58.897 [Gauge] [DEBUG] Downloading https://downloads.gauge.org/plugin/python?l=python&p=html-report,python,screenshot&o=windows&a=amd64
28-01-2026 17:13:59.042 [Gauge] [DEBUG] Downloading https://downloads.gauge.org/plugin/screenshot?l=python&p=html-report,python,screenshot&o=windows&a=amd64
28-01-2026 17:14:04.174 [Gauge] [DEBUG] * Click element "sign in"
28-01-2026 17:14:07.369 [Gauge] [DEBUG] * Verify page navigated to "https://www.calculator.net/my-account/sign-in.php"

28-01-2026 17:14:07.401 [Gauge] [INFO] ## Financial Calculators
28-01-2026 17:14:07.411 [Gauge] [DEBUG] * Open page "https://www.calculator.net/"
28-01-2026 17:14:09.758 [Gauge] [DEBUG] * Click element "Financial Calculators"
28-01-2026 17:14:12.518 [Gauge] [DEBUG] * Verify page navigated to "https://www.calculator.net/financial-calculator.html"

28-01-2026 17:14:12.570 [Gauge] [INFO] ## Mortgage Calculator
28-01-2026 17:14:12.584 [Gauge] [DEBUG] * Open page "https://www.calculator.net/"
28-01-2026 17:14:14.909 [Gauge] [DEBUG] * Click element "Mortgage Calculator"
28-01-2026 17:14:18.019 [Gauge] [DEBUG] * Verify page navigated to "https://www.calculator.net/mortgage-calculator.html"

28-01-2026 17:14:18.069 [Gauge] [INFO] ## Loan Calculator
28-01-2026 17:14:18.080 [Gauge] [DEBUG] * Open page "https://www.calculator.net/"
28-01-2026 17:14:20.404 [Gauge] [DEBUG] * Click element "Loan Calculator"
28-01-2026 17:14:23.174 [Gauge] [DEBUG] * Verify page navigated to "https://www.calculator.net/loan-calculator.html"

28-01-2026 17:14:23.224 [Gauge] [INFO] ## Auto Loan Calculator
28-01-2026 17:14:23.230 [Gauge] [DEBUG] * Open page "https://www.calculator.net/"
28-01-2026 17:14:25.606 [Gauge] [DEBUG] * Click element "Auto Loan Calculator"
28-01-2026 17:14:28.405 [Gauge] [DEBUG] * Verify page navigated to "https://www.calculator.net/auto-loan-calculator.html"

28-01-2026 17:14:28.471 [Gauge] [INFO] ## Interest Calculator
28-01-2026 17:14:28.480 [Gauge] [DEBUG] * Open page "https://www.calculator.net/"
28-01-2026 17:14:30.843 [Gauge] [DEBUG] * Click element "Interest Calculator"
28-01-2026 17:14:33.568 [Gauge] [DEBUG] * Verify page navigated to "https://www.calculator.net/interest-calculator.html"

28-01-2026 17:14:33.613 [Gauge] [INFO] ## Payment Calculator
28-01-2026 17:14:33.621 [Gauge] [DEBUG] * Open page "https://www.calculator.net/"
28-01-2026 17:14:35.987 [Gauge] [DEBUG] * Click element "Payment Calculator"
28-01-2026 17:14:38.952 [Gauge] [DEBUG] * Verify page navigated to "https://www.calculator.net/payment-calculator.html"

28-01-2026 17:14:38.995 [Gauge] [INFO] ## Retirement Calculator
28-01-2026 17:14:39.005 [Gauge] [DEBUG] * Open page "https://www.calculator.net/"
28-01-2026 17:14:41.354 [Gauge] [DEBUG] * Click element "Retirement Calculator"
28-01-2026 17:14:44.101 [Gauge] [DEBUG] * Verify page navigated to "https://www.calculator.net/retirement-calculator.html"

28-01-2026 17:14:44.151 [Gauge] [INFO] ## Amortization Calculator
28-01-2026 17:14:44.159 [Gauge] [DEBUG] * Open page "https://www.calculator.net/"
28-01-2026 17:14:46.526 [Gauge] [DEBUG] * Click element "Amortization Calculator"
28-01-2026 17:14:49.858 [Gauge] [DEBUG] * Verify page navigated to "https://www.calculator.net/amortization-calculator.html"

28-01-2026 17:14:49.951 [Gauge] [INFO] ## Investment Calculator
28-01-2026 17:14:49.975 [Gauge] [DEBUG] * Open page "https://www.calculator.net/"
28-01-2026 17:14:52.785 [Gauge] [DEBUG] * Click element "Investment Calculator"
28-01-2026 17:14:55.523 [Gauge] [DEBUG] * Verify page navigated to "https://www.calculator.net/investment-calculator.html"

28-01-2026 17:14:55.556 [Gauge] [INFO] ## Inflation Calculator
28-01-2026 17:14:55.562 [Gauge] [DEBUG] * Open page "https://www.calculator.net/"
28-01-2026 17:14:57.905 [Gauge] [DEBUG] * Click element "Inflation Calculator"
28-01-2026 17:15:00.947 [Gauge] [DEBUG] * Verify page navigated to "https://www.calculator.net/inflation-calculator.html"

28-01-2026 17:15:00.991 [Gauge] [INFO] ## Finance Calculator
28-01-2026 17:15:00.998 [Gauge] [DEBUG] * Open page "https://www.calculator.net/"
28-01-2026 17:15:03.337 [Gauge] [DEBUG] * Click element "Finance Calculator"
28-01-2026 17:15:06.038 [Gauge] [DEBUG] * Verify page navigated to "https://www.calculator.net/finance-calculator.html"

28-01-2026 17:15:06.080 [Gauge] [INFO] ## Income Tax Calculator
28-01-2026 17:15:06.089 [Gauge] [DEBUG] * Open page "https://www.calculator.net/"
28-01-2026 17:15:08.437 [Gauge] [DEBUG] * Click element "Income Tax Calculator"
28-01-2026 17:15:11.299 [Gauge] [DEBUG] * Verify page navigated to "https://www.calculator.net/tax-calculator.html"

28-01-2026 17:15:11.349 [Gauge] [INFO] ## Compound Interest Calculator
28-01-2026 17:15:11.359 [Gauge] [DEBUG] * Open page "https://www.calculator.net/"
28-01-2026 17:15:13.717 [Gauge] [DEBUG] * Click element "Compound Interest Calculator"
28-01-2026 17:15:16.439 [Gauge] [DEBUG] * Verify page navigated to "https://www.calculator.net/compound-interest-calculator.html"

28-01-2026 17:15:16.485 [Gauge] [INFO] ## Salary Calculator
28-01-2026 17:15:16.491 [Gauge] [DEBUG] * Open page "https://www.calculator.net/"
28-01-2026 17:15:18.856 [Gauge] [DEBUG] * Click element "Salary Calculator"
28-01-2026 17:15:21.614 [Gauge] [DEBUG] * Verify page navigated to "https://www.calculator.net/salary-calculator.html"

28-01-2026 17:15:21.671 [Gauge] [INFO] ## Interest Rate Calculator
28-01-2026 17:15:21.676 [Gauge] [DEBUG] * Open page "https://www.calculator.net/"
28-01-2026 17:15:24.013 [Gauge] [DEBUG] * Click element "Interest Rate Calculator"
28-01-2026 17:15:26.707 [Gauge] [DEBUG] * Verify page navigated to "https://www.calculator.net/interest-rate-calculator.html"

28-01-2026 17:15:26.751 [Gauge] [INFO] ## Sales Tax Calculator
28-01-2026 17:15:26.757 [Gauge] [DEBUG] * Open page "https://www.calculator.net/"
28-01-2026 17:15:29.136 [Gauge] [DEBUG] * Click element "Sales Tax Calculator"
28-01-2026 17:15:31.903 [Gauge] [DEBUG] * Verify page navigated to "https://www.calculator.net/sales-tax-calculator.html"

28-01-2026 17:15:31.957 [Gauge] [INFO] ## Fitness & Health Calculators
28-01-2026 17:15:31.963 [Gauge] [DEBUG] * Open page "https://www.calculator.net/"
28-01-2026 17:15:34.335 [Gauge] [DEBUG] * Click element "Fitness & Health Calculators"
28-01-2026 17:15:37.112 [Gauge] [DEBUG] * Verify page navigated to "https://www.calculator.net/fitness-and-health-calculator.html"
28-01-2026 17:15:37.173 [html-report] [DEBUG] Transformed SuiteResult to report structure
28-01-2026 17:15:37.296 [Gauge] [DEBUG] Sending kill message to Html Report plugin.
28-01-2026 17:15:37.296 [html-report] [INFO] Successfully generated html-report to => D:\Internship\gauge\gauge_test_cases\reports\html-report\index.html
28-01-2026 17:15:37.296 [html-report] [DEBUG] Done generating HTML report using theme from C:\Users\user\AppData\Roaming\gauge\plugins\html-report\4.4.0\themes\default
28-01-2026 17:15:37.301 [python] [DEBUG] KillProcessrequest received
28-01-2026 17:15:37.302 [Gauge] [INFO] Specifications:	1 executed	1 passed	0 failed	0 skipped
28-01-2026 17:15:37.305 [Gauge] [INFO] Scenarios:	18 executed	18 passed	0 failed	0 skipped
28-01-2026 17:15:37.308 [Gauge] [INFO] 
Total time taken: 1m40.074s
28-01-2026 17:40:20.527 [Gauge] [DEBUG] Created gauge_screenshots_dir at D:\Internship\gauge\gauge_test_cases\.gauge\screenshots
28-01-2026 17:40:20.530 [Gauge] [DEBUG] Plugin html-report is already installed.
28-01-2026 17:40:20.531 [Gauge] [DEBUG] Plugin python is already installed.
28-01-2026 17:40:20.532 [Gauge] [DEBUG] Parsing started.
28-01-2026 17:40:20.532 [Gauge] [DEBUG] Started concepts parsing.
28-01-2026 17:40:20.534 [Gauge] [DEBUG] 0 concepts parsing completed.
28-01-2026 17:40:20.534 [Gauge] [DEBUG] Started specifications parsing.
28-01-2026 17:40:20.535 [Gauge] [DEBUG] 1 specifications parsing completed.
28-01-2026 17:40:20.535 [Gauge] [DEBUG] Parsing completed.
28-01-2026 17:40:21.321 [python] [INFO] Python: 3.9.13
28-01-2026 17:40:21.321 [python] [DEBUG] Loading step implementations from D:\Internship\gauge\gauge_test_cases\step_impl dirs.
28-01-2026 17:40:21.344 [python] [DEBUG] Starting grpc server..
28-01-2026 17:40:21.357 [Gauge] [DEBUG] Attempting to connect to grpc server at port: 54032
28-01-2026 17:40:21.357 [Gauge] [DEBUG] Successfully made the connection with runner with port: 54032
28-01-2026 17:40:21.357 [Gauge] [DEBUG] Validation started.
28-01-2026 17:40:21.365 [Gauge] [DEBUG] Validation completed.
28-01-2026 17:40:21.365 [Gauge] [DEBUG] Run started
28-01-2026 17:40:21.366 [Gauge] [DEBUG] Starting Html Report plugin
28-01-2026 17:40:21.398 [html-report] [DEBUG] Setting MaxRecvMsgSize = 1024 MB
28-01-2026 17:40:21.399 [Gauge] [DEBUG] Attempting to connect to grpc server at port: 54035
28-01-2026 17:40:21.399 [Gauge] [DEBUG] Successfully made the connection with plugin with port: 54035
28-01-2026 17:40:21.399 [Gauge] [DEBUG] Initialising suite data store.
28-01-2026 17:40:21.649 [Gauge] [INFO] # Navigation Tests
28-01-2026 17:40:21.653 [Gauge] [INFO] ## financial_calculator
28-01-2026 17:40:21.663 [Gauge] [DEBUG] * Open page "https://www.calculator.net/"
28-01-2026 17:40:21.988 [Gauge] [DEBUG] Checking updates...
28-01-2026 17:40:21.990 [Gauge] [DEBUG] Downloading https://downloads.gauge.org/plugin/html-report?l=python&p=html-report,python,screenshot&o=windows&a=amd64
28-01-2026 17:40:23.495 [Gauge] [DEBUG] Downloading https://downloads.gauge.org/plugin/python?l=python&p=html-report,python,screenshot&o=windows&a=amd64
28-01-2026 17:40:23.665 [Gauge] [DEBUG] Downloading https://downloads.gauge.org/plugin/screenshot?l=python&p=html-report,python,screenshot&o=windows&a=amd64
28-01-2026 17:40:26.069 [Gauge] [DEBUG] * Click element "Financial Calculators"
28-01-2026 17:40:29.629 [Gauge] [DEBUG] * Verify page navigated to "https://www.calculator.net/financial-calculator.html"

28-01-2026 17:40:29.669 [Gauge] [INFO] ## mortgage_calculation
28-01-2026 17:40:29.678 [Gauge] [DEBUG] * Open page "https://www.calculator.net/"
28-01-2026 17:40:32.049 [Gauge] [DEBUG] * Click element "Mortgage Calculator"
28-01-2026 17:40:35.164 [Gauge] [DEBUG] * Verify page navigated to "https://www.calculator.net/mortgage-calculator.html"

28-01-2026 17:40:35.219 [Gauge] [INFO] ## loan_amount_calculator
28-01-2026 17:40:35.221 [Gauge] [DEBUG] * Open page "https://www.calculator.net/"
28-01-2026 17:40:37.552 [Gauge] [DEBUG] * Click element "Loan Calculator"
28-01-2026 17:40:40.349 [Gauge] [DEBUG] * Verify page navigated to "https://www.calculator.net/loan-calculator.html"
28-01-2026 17:40:40.411 [html-report] [DEBUG] Transformed SuiteResult to report structure
28-01-2026 17:40:40.496 [Gauge] [DEBUG] Sending kill message to Html Report plugin.
28-01-2026 17:40:40.498 [html-report] [INFO] Successfully generated html-report to => D:\Internship\gauge\gauge_test_cases\reports\html-report\index.html
28-01-2026 17:40:40.499 [html-report] [DEBUG] Done generating HTML report using theme from C:\Users\user\AppData\Roaming\gauge\plugins\html-report\4.4.0\themes\default
28-01-2026 17:40:40.505 [python] [DEBUG] KillProcessrequest received
28-01-2026 17:40:40.506 [Gauge] [INFO] Specifications:	1 executed	1 passed	0 failed	0 skipped
28-01-2026 17:40:40.509 [Gauge] [INFO] Scenarios:	3 executed	3 passed	0 failed	0 skipped
28-01-2026 17:40:40.511 [Gauge] [INFO] 
Total time taken: 19.039s
28-01-2026 17:54:49.498 [Gauge] [DEBUG] Created gauge_screenshots_dir at D:\Internship\gauge\gauge_test_cases\.gauge\screenshots
28-01-2026 17:54:49.500 [Gauge] [DEBUG] Plugin python is already installed.
28-01-2026 17:54:49.501 [Gauge] [DEBUG] Plugin html-report is already installed.
28-01-2026 17:54:49.502 [Gauge] [DEBUG] Parsing started.
28-01-2026 17:54:49.502 [Gauge] [DEBUG] Started concepts parsing.
28-01-2026 17:54:49.503 [Gauge] [DEBUG] 0 concepts parsing completed.
28-01-2026 17:54:49.504 [Gauge] [DEBUG] Started specifications parsing.
28-01-2026 17:54:49.504 [Gauge] [DEBUG] 1 specifications parsing completed.
28-01-2026 17:54:49.504 [Gauge] [DEBUG] Parsing completed.
28-01-2026 17:54:50.294 [python] [INFO] Python: 3.9.13
28-01-2026 17:54:50.294 [python] [DEBUG] Loading step implementations from D:\Internship\gauge\gauge_test_cases\step_impl dirs.
28-01-2026 17:54:50.325 [python] [DEBUG] Starting grpc server..
28-01-2026 17:54:50.336 [Gauge] [DEBUG] Attempting to connect to grpc server at port: 52546
28-01-2026 17:54:50.336 [Gauge] [DEBUG] Successfully made the connection with runner with port: 52546
28-01-2026 17:54:50.336 [Gauge] [DEBUG] Validation started.
28-01-2026 17:54:50.344 [Gauge] [DEBUG] Validation completed.
28-01-2026 17:54:50.345 [Gauge] [DEBUG] Run started
28-01-2026 17:54:50.347 [Gauge] [DEBUG] Starting Html Report plugin
28-01-2026 17:54:50.378 [html-report] [DEBUG] Setting MaxRecvMsgSize = 1024 MB
28-01-2026 17:54:50.379 [Gauge] [DEBUG] Attempting to connect to grpc server at port: 52549
28-01-2026 17:54:50.379 [Gauge] [DEBUG] Successfully made the connection with plugin with port: 52549
28-01-2026 17:54:50.379 [Gauge] [DEBUG] Initialising suite data store.
28-01-2026 17:54:50.508 [Gauge] [DEBUG] Checking updates...
28-01-2026 17:54:50.510 [Gauge] [DEBUG] Downloading https://downloads.gauge.org/plugin/html-report?l=python&p=html-report,python,screenshot&o=windows&a=amd64
28-01-2026 17:54:50.749 [Gauge] [INFO] # Navigation Tests
28-01-2026 17:54:50.760 [Gauge] [INFO] ## Financial Calculators
28-01-2026 17:54:50.765 [Gauge] [DEBUG] * Open page "https://www.calculator.net/"
28-01-2026 17:54:51.893 [Gauge] [DEBUG] Downloading https://downloads.gauge.org/plugin/python?l=python&p=html-report,python,screenshot&o=windows&a=amd64
28-01-2026 17:54:51.996 [Gauge] [DEBUG] Downloading https://downloads.gauge.org/plugin/screenshot?l=python&p=html-report,python,screenshot&o=windows&a=amd64
28-01-2026 17:55:03.808 [Gauge] [DEBUG] * Click element "Financial Calculators"
28-01-2026 17:55:08.769 [Gauge] [DEBUG] * Verify page navigated to "https://www.calculator.net/financial-calculator.html"

28-01-2026 17:55:08.858 [Gauge] [INFO] ## Loan Calculator
28-01-2026 17:55:08.863 [Gauge] [DEBUG] * Open page "https://www.calculator.net/"
28-01-2026 17:55:11.177 [Gauge] [DEBUG] * Click element "Loan Calculator"
28-01-2026 17:55:14.038 [Gauge] [DEBUG] * Verify page navigated to "https://www.calculator.net/loan-calculator.html"
28-01-2026 17:55:14.139 [html-report] [DEBUG] Transformed SuiteResult to report structure
28-01-2026 17:55:14.168 [Gauge] [DEBUG] Sending kill message to Html Report plugin.
28-01-2026 17:55:14.168 [html-report] [INFO] Successfully generated html-report to => D:\Internship\gauge\gauge_test_cases\reports\html-report\index.html
28-01-2026 17:55:14.168 [html-report] [DEBUG] Done generating HTML report using theme from C:\Users\user\AppData\Roaming\gauge\plugins\html-report\4.4.0\themes\default
28-01-2026 17:55:14.169 [python] [DEBUG] KillProcessrequest received
28-01-2026 17:55:14.170 [Gauge] [INFO] Specifications:	1 executed	1 passed	0 failed	0 skipped
28-01-2026 17:55:14.170 [Gauge] [INFO] Scenarios:	2 executed	2 passed	0 failed	0 skipped
28-01-2026 17:55:14.171 [Gauge] [INFO] 
Total time taken: 23.79s
29-01-2026 11:47:50.159 [Gauge] [DEBUG] Created gauge_screenshots_dir at D:\Internship\gauge\gauge_test_cases\.gauge\screenshots
29-01-2026 11:47:50.161 [Gauge] [DEBUG] Plugin python is already installed.
29-01-2026 11:47:50.161 [Gauge] [DEBUG] Plugin html-report is already installed.
29-01-2026 11:47:50.162 [Gauge] [DEBUG] Parsing started.
29-01-2026 11:47:50.162 [Gauge] [DEBUG] Started concepts parsing.
29-01-2026 11:47:50.163 [Gauge] [DEBUG] 0 concepts parsing completed.
29-01-2026 11:47:50.164 [Gauge] [ERROR] Specs directory spec does not exist.
29-01-2026 11:47:53.674 [Gauge] [DEBUG] Created gauge_screenshots_dir at D:\Internship\gauge\gauge_test_cases\.gauge\screenshots
29-01-2026 11:47:53.678 [Gauge] [DEBUG] Plugin python is already installed.
29-01-2026 11:47:53.679 [Gauge] [DEBUG] Plugin html-report is already installed.
29-01-2026 11:47:53.679 [Gauge] [DEBUG] Parsing started.
29-01-2026 11:47:53.679 [Gauge] [DEBUG] Started concepts parsing.
29-01-2026 11:47:53.681 [Gauge] [DEBUG] 0 concepts parsing completed.
29-01-2026 11:47:53.681 [Gauge] [DEBUG] Started specifications parsing.
29-01-2026 11:47:53.681 [Gauge] [DEBUG] 1 specifications parsing completed.
29-01-2026 11:47:53.681 [Gauge] [DEBUG] Parsing completed.
29-01-2026 11:47:53.942 [Gauge] [DEBUG] Checking updates...
29-01-2026 11:47:53.944 [Gauge] [DEBUG] Downloading https://downloads.gauge.org/plugin/html-report?l=python&p=html-report,python,screenshot&o=windows&a=amd64
29-01-2026 11:47:54.681 [Gauge] [DEBUG] Downloading https://downloads.gauge.org/plugin/python?l=python&p=html-report,python,screenshot&o=windows&a=amd64
29-01-2026 11:47:54.717 [python] [INFO] Python: 3.9.13
29-01-2026 11:47:54.717 [python] [DEBUG] Loading step implementations from D:\Internship\gauge\gauge_test_cases\step_impl dirs.
29-01-2026 11:47:54.755 [python] [DEBUG] Starting grpc server..
29-01-2026 11:47:54.779 [Gauge] [DEBUG] Attempting to connect to grpc server at port: 59835
29-01-2026 11:47:54.779 [Gauge] [DEBUG] Successfully made the connection with runner with port: 59835
29-01-2026 11:47:54.779 [Gauge] [DEBUG] Validation started.
29-01-2026 11:47:54.797 [Gauge] [DEBUG] Validation completed.
29-01-2026 11:47:54.797 [Gauge] [DEBUG] Run started
29-01-2026 11:47:54.798 [Gauge] [DEBUG] Starting Html Report plugin
29-01-2026 11:47:54.881 [Gauge] [DEBUG] Downloading https://downloads.gauge.org/plugin/screenshot?l=python&p=html-report,python,screenshot&o=windows&a=amd64
29-01-2026 11:47:55.090 [html-report] [DEBUG] Setting MaxRecvMsgSize = 1024 MB
29-01-2026 11:47:55.090 [Gauge] [DEBUG] Attempting to connect to grpc server at port: 59791
29-01-2026 11:47:55.090 [Gauge] [DEBUG] Successfully made the connection with plugin with port: 59791
29-01-2026 11:47:55.090 [Gauge] [DEBUG] Initialising suite data store.
29-01-2026 11:47:55.422 [Gauge] [INFO] # Navigation Tests
29-01-2026 11:47:55.425 [Gauge] [INFO] ## Financial Calculators
29-01-2026 11:47:55.429 [Gauge] [DEBUG] * Open page "https://www.calculator.net/"
29-01-2026 11:48:02.382 [Gauge] [DEBUG] * Click element "Financial Calculators"
29-01-2026 11:48:05.744 [Gauge] [DEBUG] * Verify page navigated to "https://www.calculator.net/financial-calculator.html"

29-01-2026 11:48:05.842 [Gauge] [INFO] ## Mortgage Calculator
29-01-2026 11:48:05.848 [Gauge] [DEBUG] * Open page "https://www.calculator.net/"
29-01-2026 11:48:08.267 [Gauge] [DEBUG] * Click element "Mortgage Calculator"
29-01-2026 11:48:11.478 [Gauge] [DEBUG] * Verify page navigated to "https://www.calculator.net/mortgage-calculator.html"
29-01-2026 11:48:11.576 [html-report] [DEBUG] Transformed SuiteResult to report structure
29-01-2026 11:48:11.666 [Gauge] [DEBUG] Sending kill message to Html Report plugin.
29-01-2026 11:48:11.666 [html-report] [INFO] Successfully generated html-report to => D:\Internship\gauge\gauge_test_cases\reports\html-report\index.html
29-01-2026 11:48:11.667 [html-report] [DEBUG] Done generating HTML report using theme from C:\Users\user\AppData\Roaming\gauge\plugins\html-report\4.4.0\themes\default
29-01-2026 11:48:11.673 [python] [DEBUG] KillProcessrequest received
29-01-2026 11:48:11.677 [Gauge] [INFO] Specifications:	1 executed	1 passed	0 failed	0 skipped
29-01-2026 11:48:11.680 [Gauge] [INFO] Scenarios:	2 executed	2 passed	0 failed	0 skipped
29-01-2026 11:48:11.682 [Gauge] [INFO] 
Total time taken: 16.772s
29-01-2026 20:30:53.053 [Gauge] [DEBUG] Created gauge_screenshots_dir at D:\Internship\gauge\gauge_test_cases\.gauge\screenshots
29-01-2026 20:30:53.056 [Gauge] [DEBUG] Plugin python is already installed.
29-01-2026 20:30:53.058 [Gauge] [DEBUG] Plugin html-report is already installed.
29-01-2026 20:30:53.058 [Gauge] [DEBUG] Parsing started.
29-01-2026 20:30:53.058 [Gauge] [DEBUG] Started concepts parsing.
29-01-2026 20:30:53.059 [Gauge] [DEBUG] 0 concepts parsing completed.
29-01-2026 20:30:53.059 [Gauge] [DEBUG] Started specifications parsing.
29-01-2026 20:30:53.063 [Gauge] [DEBUG] 1 specifications parsing completed.
29-01-2026 20:30:53.063 [Gauge] [DEBUG] Parsing completed.
29-01-2026 20:30:54.051 [python] [INFO] Python: 3.9.13
29-01-2026 20:30:54.051 [python] [DEBUG] Loading step implementations from D:\Internship\gauge\gauge_test_cases\step_impl dirs.
29-01-2026 20:30:54.089 [python] [DEBUG] Starting grpc server..
29-01-2026 20:30:54.107 [Gauge] [DEBUG] Attempting to connect to grpc server at port: 55868
29-01-2026 20:30:54.107 [Gauge] [DEBUG] Successfully made the connection with runner with port: 55868
29-01-2026 20:30:54.107 [Gauge] [DEBUG] Validation started.
29-01-2026 20:30:54.117 [Gauge] [DEBUG] Validation completed.
29-01-2026 20:30:54.117 [Gauge] [DEBUG] Run started
29-01-2026 20:30:54.119 [Gauge] [DEBUG] Starting Html Report plugin
29-01-2026 20:30:54.303 [html-report] [DEBUG] Setting MaxRecvMsgSize = 1024 MB
29-01-2026 20:30:54.304 [Gauge] [DEBUG] Attempting to connect to grpc server at port: 55871
29-01-2026 20:30:54.304 [Gauge] [DEBUG] Successfully made the connection with plugin with port: 55871
29-01-2026 20:30:54.304 [Gauge] [DEBUG] Initialising suite data store.
29-01-2026 20:30:54.542 [Gauge] [DEBUG] Checking updates...
29-01-2026 20:30:54.543 [Gauge] [DEBUG] Downloading https://downloads.gauge.org/plugin/html-report?l=python&p=html-report,python,screenshot&o=windows&a=amd64
29-01-2026 20:30:54.564 [Gauge] [INFO] # Navigation Tests
29-01-2026 20:30:54.568 [Gauge] [INFO] ## Financial Calculators
29-01-2026 20:30:54.574 [Gauge] [DEBUG] * Open page "https://www.calculator.net/"
29-01-2026 20:30:57.083 [Gauge] [DEBUG] Downloading https://downloads.gauge.org/plugin/python?l=python&p=html-report,python,screenshot&o=windows&a=amd64
29-01-2026 20:30:57.215 [Gauge] [DEBUG] Downloading https://downloads.gauge.org/plugin/screenshot?l=python&p=html-report,python,screenshot&o=windows&a=amd64
29-01-2026 20:31:00.764 [Gauge] [DEBUG] * Click element "Financial Calculators"
29-01-2026 20:31:04.658 [Gauge] [DEBUG] * Verify page navigated to "https://www.calculator.net/financial-calculator.html"

29-01-2026 20:31:04.677 [Gauge] [INFO] ## Loan Calculator
29-01-2026 20:31:04.681 [Gauge] [DEBUG] * Open page "https://www.calculator.net/"
29-01-2026 20:31:07.150 [Gauge] [DEBUG] * Click element "Loan Calculator"
29-01-2026 20:31:32.042 [Gauge] [DEBUG] * Verify page navigated to "https://www.calculator.net/loan-calculator.html"

29-01-2026 20:31:32.065 [Gauge] [INFO] ## Auto Loan Calculator
29-01-2026 20:31:32.067 [Gauge] [DEBUG] * Open page "https://www.calculator.net/"
29-01-2026 20:31:35.094 [Gauge] [DEBUG] * Click element "Auto Loan Calculator"
29-01-2026 20:31:37.854 [Gauge] [DEBUG] * Verify page navigated to "https://www.calculator.net/auto-loan-calculator.html"

29-01-2026 20:31:37.877 [Gauge] [INFO] ## Interest Calculator
29-01-2026 20:31:37.881 [Gauge] [DEBUG] * Open page "https://www.calculator.net/"
29-01-2026 20:31:40.270 [Gauge] [DEBUG] * Click element "Interest Calculator"
29-01-2026 20:31:43.028 [Gauge] [DEBUG] * Verify page navigated to "https://www.calculator.net/interest-calculator.html"

29-01-2026 20:31:43.058 [Gauge] [INFO] ## Payment Calculator
29-01-2026 20:31:43.060 [Gauge] [DEBUG] * Open page "https://www.calculator.net/"
29-01-2026 20:31:45.461 [Gauge] [DEBUG] * Click element "Payment Calculator"
29-01-2026 20:31:48.495 [Gauge] [DEBUG] * Verify page navigated to "https://www.calculator.net/payment-calculator.html"

29-01-2026 20:31:48.529 [Gauge] [INFO] ## Retirement Calculator
29-01-2026 20:31:48.533 [Gauge] [DEBUG] * Open page "https://www.calculator.net/"
29-01-2026 20:31:50.941 [Gauge] [DEBUG] * Click element "Retirement Calculator"
29-01-2026 20:31:53.687 [Gauge] [DEBUG] * Verify page navigated to "https://www.calculator.net/retirement-calculator.html"

29-01-2026 20:31:53.717 [Gauge] [INFO] ## Amortization Calculator
29-01-2026 20:31:53.719 [Gauge] [DEBUG] * Open page "https://www.calculator.net/"
29-01-2026 20:31:56.110 [Gauge] [DEBUG] * Click element "Amortization Calculator"
29-01-2026 20:31:59.215 [Gauge] [DEBUG] * Verify page navigated to "https://www.calculator.net/amortization-calculator.html"
29-01-2026 20:31:59.250 [html-report] [DEBUG] Transformed SuiteResult to report structure
29-01-2026 20:31:59.538 [html-report] [INFO] Successfully generated html-report to => D:\Internship\gauge\gauge_test_cases\reports\html-report\index.html
29-01-2026 20:31:59.538 [html-report] [DEBUG] Done generating HTML report using theme from C:\Users\user\AppData\Roaming\gauge\plugins\html-report\4.4.0\themes\default
29-01-2026 20:31:59.538 [Gauge] [DEBUG] Sending kill message to Html Report plugin.
29-01-2026 20:31:59.540 [python] [DEBUG] KillProcessrequest received
29-01-2026 20:31:59.540 [Gauge] [INFO] Specifications:	1 executed	1 passed	0 failed	0 skipped
29-01-2026 20:31:59.541 [Gauge] [INFO] Scenarios:	7 executed	7 passed	0 failed	0 skipped
29-01-2026 20:31:59.541 [Gauge] [INFO] 
Total time taken: 1m5.127s
30-01-2026 17:57:39.148 [Gauge] [DEBUG] Created gauge_screenshots_dir at D:\Internship\gauge\gauge_test_cases\.gauge\screenshots
30-01-2026 17:57:39.165 [Gauge] [DEBUG] Plugin python is already installed.
30-01-2026 17:57:39.176 [Gauge] [DEBUG] Plugin html-report is already installed.
30-01-2026 17:57:39.177 [Gauge] [DEBUG] Parsing started.
30-01-2026 17:57:39.177 [Gauge] [DEBUG] Started concepts parsing.
30-01-2026 17:57:39.179 [Gauge] [DEBUG] 0 concepts parsing completed.
30-01-2026 17:57:39.179 [Gauge] [DEBUG] Started specifications parsing.
30-01-2026 17:57:39.183 [Gauge] [DEBUG] 1 specifications parsing completed.
30-01-2026 17:57:39.183 [Gauge] [DEBUG] Parsing completed.
30-01-2026 17:57:40.299 [Gauge] [DEBUG] Checking updates...
30-01-2026 17:57:40.301 [Gauge] [DEBUG] Downloading https://downloads.gauge.org/plugin/html-report?l=python&p=html-report,python,screenshot&o=windows&a=amd64
30-01-2026 17:57:40.492 [python] [INFO] Python: 3.9.13
30-01-2026 17:57:40.492 [python] [DEBUG] Loading step implementations from D:\Internship\gauge\gauge_test_cases\step_impl dirs.
30-01-2026 17:57:40.521 [python] [DEBUG] Starting grpc server..
30-01-2026 17:57:40.537 [Gauge] [DEBUG] Attempting to connect to grpc server at port: 55742
30-01-2026 17:57:40.537 [Gauge] [DEBUG] Successfully made the connection with runner with port: 55742
30-01-2026 17:57:40.537 [Gauge] [DEBUG] Validation started.
30-01-2026 17:57:40.544 [Gauge] [DEBUG] Validation completed.
30-01-2026 17:57:40.544 [Gauge] [DEBUG] Run started
30-01-2026 17:57:40.546 [Gauge] [DEBUG] Starting Html Report plugin
30-01-2026 17:57:40.699 [html-report] [DEBUG] Setting MaxRecvMsgSize = 1024 MB
30-01-2026 17:57:40.699 [Gauge] [DEBUG] Attempting to connect to grpc server at port: 55745
30-01-2026 17:57:40.699 [Gauge] [DEBUG] Successfully made the connection with plugin with port: 55745
30-01-2026 17:57:40.699 [Gauge] [DEBUG] Initialising suite data store.
30-01-2026 17:57:40.986 [Gauge] [INFO] # Navigation Tests
30-01-2026 17:57:40.990 [Gauge] [INFO] ## Financial Calculators
30-01-2026 17:57:40.995 [Gauge] [DEBUG] * Open page "https://www.calculator.net/"
30-01-2026 17:57:41.765 [Gauge] [DEBUG] Downloading https://downloads.gauge.org/plugin/python?l=python&p=html-report,python,screenshot&o=windows&a=amd64
30-01-2026 17:57:41.883 [Gauge] [DEBUG] Downloading https://downloads.gauge.org/plugin/screenshot?l=python&p=html-report,python,screenshot&o=windows&a=amd64
30-01-2026 17:57:47.323 [Gauge] [DEBUG] * Click element "Financial Calculators"
30-01-2026 17:57:50.578 [Gauge] [DEBUG] * Verify page navigated to "https://www.calculator.net/financial-calculator.html"

30-01-2026 17:57:50.598 [Gauge] [INFO] ## Loan Calculator
30-01-2026 17:57:50.603 [Gauge] [DEBUG] * Open page "https://www.calculator.net/"
30-01-2026 17:57:53.051 [Gauge] [DEBUG] * Click element "Loan Calculator"
30-01-2026 17:57:55.941 [Gauge] [DEBUG] * Verify page navigated to "https://www.calculator.net/loan-calculator.html"

30-01-2026 17:57:56.178 [Gauge] [INFO] ## Auto Loan Calculator
30-01-2026 17:57:56.217 [Gauge] [DEBUG] * Open page "https://www.calculator.net/"
30-01-2026 17:57:58.786 [Gauge] [DEBUG] * Click element "Auto Loan Calculator"
30-01-2026 17:58:05.592 [Gauge] [DEBUG] * Verify page navigated to "https://www.calculator.net/auto-loan-calculator.html"

30-01-2026 17:58:05.627 [Gauge] [INFO] ## Interest Calculator
30-01-2026 17:58:05.629 [Gauge] [DEBUG] * Open page "https://www.calculator.net/"
30-01-2026 17:58:08.105 [Gauge] [DEBUG] * Click element "Interest Calculator"
30-01-2026 17:58:10.973 [Gauge] [DEBUG] * Verify page navigated to "https://www.calculator.net/interest-calculator.html"

30-01-2026 17:58:11.003 [Gauge] [INFO] ## Payment Calculator
30-01-2026 17:58:11.006 [Gauge] [DEBUG] * Open page "https://www.calculator.net/"
30-01-2026 17:58:15.205 [Gauge] [DEBUG] * Click element "Payment Calculator"
30-01-2026 17:58:18.836 [Gauge] [DEBUG] * Verify page navigated to "https://www.calculator.net/payment-calculator.html"

30-01-2026 17:58:18.867 [Gauge] [INFO] ## Retirement Calculator
30-01-2026 17:58:18.870 [Gauge] [DEBUG] * Open page "https://www.calculator.net/"
30-01-2026 17:58:21.319 [Gauge] [DEBUG] * Click element "Retirement Calculator"
30-01-2026 17:58:24.491 [Gauge] [DEBUG] * Verify page navigated to "https://www.calculator.net/retirement-calculator.html"

30-01-2026 17:58:24.510 [Gauge] [INFO] ## Amortization Calculator
30-01-2026 17:58:24.518 [Gauge] [DEBUG] * Open page "https://www.calculator.net/"
30-01-2026 17:58:26.943 [Gauge] [DEBUG] * Click element "Amortization Calculator"
30-01-2026 17:58:30.147 [Gauge] [DEBUG] * Verify page navigated to "https://www.calculator.net/amortization-calculator.html"
30-01-2026 17:58:30.254 [html-report] [DEBUG] Transformed SuiteResult to report structure
30-01-2026 17:58:30.597 [Gauge] [DEBUG] Sending kill message to Html Report plugin.
30-01-2026 17:58:30.597 [html-report] [INFO] Successfully generated html-report to => D:\Internship\gauge\gauge_test_cases\reports\html-report\index.html
30-01-2026 17:58:30.597 [html-report] [DEBUG] Done generating HTML report using theme from C:\Users\user\AppData\Roaming\gauge\plugins\html-report\4.4.0\themes\default
30-01-2026 17:58:30.599 [python] [DEBUG] KillProcessrequest received
30-01-2026 17:58:30.599 [Gauge] [INFO] Specifications:	1 executed	1 passed	0 failed	0 skipped
30-01-2026 17:58:30.600 [Gauge] [INFO] Scenarios:	7 executed	7 passed	0 failed	0 skipped
30-01-2026 17:58:30.600 [Gauge] [INFO] 
Total time taken: 49.631s
